Start testing: Jul 27 15:54 CST
----------------------------------------------------------
1/7 Testing: field_analysis_test
1/7 Test: field_analysis_test
Command: "/usr/bin/python3" "-u" "/opt/ros/humble/share/ament_cmake_test/cmake/run_test.py" "/home/wheeltec/agribot/agribot_ws/build/centerline_extraction/test_results/centerline_extraction/field_analysis_test.xunit.xml" "--package-name" "centerline_extraction" "--output-file" "/home/wheeltec/agribot/agribot_ws/build/centerline_extraction/ament_cmake_pytest/field_analysis_test.txt" "--command" "/usr/bin/python3" "-u" "-m" "pytest" "/home/wheeltec/agribot/agribot_ws/src/centerline_extraction/test/test_field_analysis.py" "-o" "cache_dir=/home/wheeltec/agribot/agribot_ws/build/centerline_extraction/ament_cmake_pytest/field_analysis_test/.cache" "--junit-xml=/home/wheeltec/agribot/agribot_ws/build/centerline_extraction/test_results/centerline_extraction/field_analysis_test.xunit.xml" "--junit-prefix=centerline_extraction"
Directory: /home/wheeltec/agribot/agribot_ws/build/centerline_extraction
"field_analysis_test" start time: Jul 27 15:54 CST
Output:
----------------------------------------------------------
-- run_test.py: invoking following command in '/home/wheeltec/agribot/agribot_ws/build/centerline_extraction':
 - /usr/bin/python3 -u -m pytest /home/wheeltec/agribot/agribot_ws/src/centerline_extraction/test/test_field_analysis.py -o cache_dir=/home/wheeltec/agribot/agribot_ws/build/centerline_extraction/ament_cmake_pytest/field_analysis_test/.cache --junit-xml=/home/wheeltec/agribot/agribot_ws/build/centerline_extraction/test_results/centerline_extraction/field_analysis_test.xunit.xml --junit-prefix=centerline_extraction
============================= test session starts ==============================
platform linux -- Python 3.10.12, pytest-6.2.5, py-1.10.0, pluggy-0.13.0
cachedir: build/centerline_extraction/ament_cmake_pytest/field_analysis_test/.cache
rootdir: /home/wheeltec/agribot/agribot_ws
plugins: ament-copyright-0.12.15, launch-testing-ros-0.19.13, ament-xmllint-0.12.15, launch-testing-1.0.14, ament-pep257-0.12.15, ament-flake8-0.12.15, ament-lint-0.12.15, cov-3.0.0, colcon-core-0.21.0
collected 8 items

../../src/centerline_extraction/test/test_field_analysis.py ........     [100%]

- generated xml file: /home/wheeltec/agribot/agribot_ws/build/centerline_extraction/test_results/centerline_extraction/field_analysis_test.xunit.xml -
============================== 8 passed in 0.04s ===============================
-- run_test.py: return code 0
-- run_test.py: verify result file '/home/wheeltec/agribot/agribot_ws/build/centerline_extraction/test_results/centerline_extraction/field_analysis_test.xunit.xml'
<end of output>
Test time =   1.03 sec
----------------------------------------------------------
Test Passed.
"field_analysis_test" end time: Jul 27 15:54 CST
"field_analysis_test" time elapsed: 00:00:01
----------------------------------------------------------

End testing: Jul 27 15:54 CST

pytest =   1.03 sec*proc

