Start testing: Jul 23 20:56 CST
----------------------------------------------------------
1/4 Testing: flake8
1/4 Test: flake8
Command: "/usr/bin/python3" "-u" "/opt/ros/humble/share/ament_cmake_test/cmake/run_test.py" "/home/wheeltec/agribot/agribot_ws/build/turn_on_agribot/test_results/turn_on_agribot/flake8.xunit.xml" "--package-name" "turn_on_agribot" "--output-file" "/home/wheeltec/agribot/agribot_ws/build/turn_on_agribot/ament_flake8/flake8.txt" "--command" "/opt/ros/humble/bin/ament_flake8" "--xunit-file" "/home/wheeltec/agribot/agribot_ws/build/turn_on_agribot/test_results/turn_on_agribot/flake8.xunit.xml"
Directory: /home/wheeltec/agribot/agribot_ws/src/turn_on_agribot
"flake8" start time: Jul 23 20:56 CST
Output:
----------------------------------------------------------
-- run_test.py: invoking following command in '/home/wheeltec/agribot/agribot_ws/src/turn_on_agribot':
 - /opt/ros/humble/bin/ament_flake8 --xunit-file /home/wheeltec/agribot/agribot_ws/build/turn_on_agribot/test_results/turn_on_agribot/flake8.xunit.xml

1 files checked
No problems found

Checked files:

* ./launch/turn_on_agribot.launch.py
-- run_test.py: return code 0
-- run_test.py: verify result file '/home/wheeltec/agribot/agribot_ws/build/turn_on_agribot/test_results/turn_on_agribot/flake8.xunit.xml'
<end of output>
Test time =   0.64 sec
----------------------------------------------------------
Test Passed.
"flake8" end time: Jul 23 20:56 CST
"flake8" time elapsed: 00:00:00
----------------------------------------------------------

2/4 Testing: lint_cmake
2/4 Test: lint_cmake
Command: "/usr/bin/python3" "-u" "/opt/ros/humble/share/ament_cmake_test/cmake/run_test.py" "/home/wheeltec/agribot/agribot_ws/build/turn_on_agribot/test_results/turn_on_agribot/lint_cmake.xunit.xml" "--package-name" "turn_on_agribot" "--output-file" "/home/wheeltec/agribot/agribot_ws/build/turn_on_agribot/ament_lint_cmake/lint_cmake.txt" "--command" "/opt/ros/humble/bin/ament_lint_cmake" "--xunit-file" "/home/wheeltec/agribot/agribot_ws/build/turn_on_agribot/test_results/turn_on_agribot/lint_cmake.xunit.xml"
Directory: /home/wheeltec/agribot/agribot_ws/src/turn_on_agribot
"lint_cmake" start time: Jul 23 20:56 CST
Output:
----------------------------------------------------------
-- run_test.py: invoking following command in '/home/wheeltec/agribot/agribot_ws/src/turn_on_agribot':
 - /opt/ros/humble/bin/ament_lint_cmake --xunit-file /home/wheeltec/agribot/agribot_ws/build/turn_on_agribot/test_results/turn_on_agribot/lint_cmake.xunit.xml

No problems found
-- run_test.py: return code 0
-- run_test.py: verify result file '/home/wheeltec/agribot/agribot_ws/build/turn_on_agribot/test_results/turn_on_agribot/lint_cmake.xunit.xml'
<end of output>
Test time =   0.39 sec
----------------------------------------------------------
Test Passed.
"lint_cmake" end time: Jul 23 20:56 CST
"lint_cmake" time elapsed: 00:00:00
----------------------------------------------------------

3/4 Testing: pep257
3/4 Test: pep257
Command: "/usr/bin/python3" "-u" "/opt/ros/humble/share/ament_cmake_test/cmake/run_test.py" "/home/wheeltec/agribot/agribot_ws/build/turn_on_agribot/test_results/turn_on_agribot/pep257.xunit.xml" "--package-name" "turn_on_agribot" "--output-file" "/home/wheeltec/agribot/agribot_ws/build/turn_on_agribot/ament_pep257/pep257.txt" "--command" "/opt/ros/humble/bin/ament_pep257" "--xunit-file" "/home/wheeltec/agribot/agribot_ws/build/turn_on_agribot/test_results/turn_on_agribot/pep257.xunit.xml"
Directory: /home/wheeltec/agribot/agribot_ws/src/turn_on_agribot
"pep257" start time: Jul 23 20:56 CST
Output:
----------------------------------------------------------
-- run_test.py: invoking following command in '/home/wheeltec/agribot/agribot_ws/src/turn_on_agribot':
 - /opt/ros/humble/bin/ament_pep257 --xunit-file /home/wheeltec/agribot/agribot_ws/build/turn_on_agribot/test_results/turn_on_agribot/pep257.xunit.xml
checking ./launch/turn_on_agribot.launch.py
No problems found
-- run_test.py: return code 0
-- run_test.py: verify result file '/home/wheeltec/agribot/agribot_ws/build/turn_on_agribot/test_results/turn_on_agribot/pep257.xunit.xml'
<end of output>
Test time =   0.54 sec
----------------------------------------------------------
Test Passed.
"pep257" end time: Jul 23 20:56 CST
"pep257" time elapsed: 00:00:00
----------------------------------------------------------

4/4 Testing: xmllint
4/4 Test: xmllint
Command: "/usr/bin/python3" "-u" "/opt/ros/humble/share/ament_cmake_test/cmake/run_test.py" "/home/wheeltec/agribot/agribot_ws/build/turn_on_agribot/test_results/turn_on_agribot/xmllint.xunit.xml" "--package-name" "turn_on_agribot" "--output-file" "/home/wheeltec/agribot/agribot_ws/build/turn_on_agribot/ament_xmllint/xmllint.txt" "--command" "/opt/ros/humble/bin/ament_xmllint" "--xunit-file" "/home/wheeltec/agribot/agribot_ws/build/turn_on_agribot/test_results/turn_on_agribot/xmllint.xunit.xml"
Directory: /home/wheeltec/agribot/agribot_ws/src/turn_on_agribot
"xmllint" start time: Jul 23 20:56 CST
Output:
----------------------------------------------------------
-- run_test.py: invoking following command in '/home/wheeltec/agribot/agribot_ws/src/turn_on_agribot':
 - /opt/ros/humble/bin/ament_xmllint --xunit-file /home/wheeltec/agribot/agribot_ws/build/turn_on_agribot/test_results/turn_on_agribot/xmllint.xunit.xml
File 'package.xml' is valid

No problems found
-- run_test.py: return code 0
-- run_test.py: verify result file '/home/wheeltec/agribot/agribot_ws/build/turn_on_agribot/test_results/turn_on_agribot/xmllint.xunit.xml'
<end of output>
Test time =   1.23 sec
----------------------------------------------------------
Test Passed.
"xmllint" end time: Jul 23 20:56 CST
"xmllint" time elapsed: 00:00:01
----------------------------------------------------------

End testing: Jul 23 20:56 CST

flake8 =   0.64 sec*proc

lint_cmake =   0.39 sec*proc

linter =   2.80 sec*proc

pep257 =   0.54 sec*proc

xmllint =   1.23 sec*proc

