<?xml version="1.0" encoding="UTF-8"?>
<Site BuildName="(empty)"
	BuildStamp="20260727-0754-Experimental"
	Name="wheeltec"
	Generator="ctest-3.22.1"
	CompilerName="/usr/bin/c++"
	CompilerVersion="11.4.0"
	OSName="Linux"
	Hostname="wheeltec"
	OSRelease="5.15.148-tegra"
	OSVersion="#1 SMP PREEMPT Thu Sep 18 15:08:33 PDT 2025"
	OSPlatform="aarch64"
	Is64Bits="1"
	VendorString=""
	VendorID="Unknown Manufacturer"
	FamilyID="8"
	ModelID="0"
	ProcessorCacheSize="0"
	NumberOfLogicalCPU="8"
	NumberOfPhysicalCPU="1"
	TotalVirtualMemory="7827"
	TotalPhysicalMemory="15655"
	LogicalProcessorsPerPhysical="8"
	ProcessorClockFrequency="0"
	>
	<Testing>
		<StartDateTime>Jul 27 15:54 CST</StartDateTime>
		<StartTestTime>1785138844</StartTestTime>
		<TestList>
			<Test>./field_analysis_test</Test>
		</TestList>
		<Test Status="passed">
			<Name>field_analysis_test</Name>
			<Path>.</Path>
			<FullName>./field_analysis_test</FullName>
			<FullCommandLine>/usr/bin/python3 "-u" "/opt/ros/humble/share/ament_cmake_test/cmake/run_test.py" "/home/wheeltec/agribot/agribot_ws/build/centerline_extraction/test_results/centerline_extraction/field_analysis_test.xunit.xml" "--package-name" "centerline_extraction" "--output-file" "/home/wheeltec/agribot/agribot_ws/build/centerline_extraction/ament_cmake_pytest/field_analysis_test.txt" "--command" "/usr/bin/python3" "-u" "-m" "pytest" "/home/wheeltec/agribot/agribot_ws/src/centerline_extraction/test/test_field_analysis.py" "-o" "cache_dir=/home/wheeltec/agribot/agribot_ws/build/centerline_extraction/ament_cmake_pytest/field_analysis_test/.cache" "--junit-xml=/home/wheeltec/agribot/agribot_ws/build/centerline_extraction/test_results/centerline_extraction/field_analysis_test.xunit.xml" "--junit-prefix=centerline_extraction"</FullCommandLine>
			<Results>
				<NamedMeasurement type="numeric/double" name="Execution Time">
					<Value>1.03182</Value>
				</NamedMeasurement>
				<NamedMeasurement type="numeric/double" name="Processors">
					<Value>1</Value>
				</NamedMeasurement>
				<NamedMeasurement type="text/string" name="Completion Status">
					<Value>Completed</Value>
				</NamedMeasurement>
				<NamedMeasurement type="text/string" name="Command Line">
					<Value>/usr/bin/python3 "-u" "/opt/ros/humble/share/ament_cmake_test/cmake/run_test.py" "/home/wheeltec/agribot/agribot_ws/build/centerline_extraction/test_results/centerline_extraction/field_analysis_test.xunit.xml" "--package-name" "centerline_extraction" "--output-file" "/home/wheeltec/agribot/agribot_ws/build/centerline_extraction/ament_cmake_pytest/field_analysis_test.txt" "--command" "/usr/bin/python3" "-u" "-m" "pytest" "/home/wheeltec/agribot/agribot_ws/src/centerline_extraction/test/test_field_analysis.py" "-o" "cache_dir=/home/wheeltec/agribot/agribot_ws/build/centerline_extraction/ament_cmake_pytest/field_analysis_test/.cache" "--junit-xml=/home/wheeltec/agribot/agribot_ws/build/centerline_extraction/test_results/centerline_extraction/field_analysis_test.xunit.xml" "--junit-prefix=centerline_extraction"</Value>
				</NamedMeasurement>
				<NamedMeasurement type="text/string" name="Environment">
					<Value>#CTEST_RESOURCE_GROUP_COUNT=</Value>
				</NamedMeasurement>
				<Measurement>
					<Value>-- run_test.py: invoking following command in '/home/wheeltec/agribot/agribot_ws/build/centerline_extraction':
 - /usr/bin/python3 -u -m pytest /home/wheeltec/agribot/agribot_ws/src/centerline_extraction/test/test_field_analysis.py -o cache_dir=/home/wheeltec/agribot/agribot_ws/build/centerline_extraction/ament_cmake_pytest/field_analysis_test/.cache --junit-xml=/home/wheeltec/agribot/agribot_ws/build/centerline_extraction/test_results/centerline_extraction/field_analysis_test.xunit.xml --junit-prefix=centerline_extraction
============================= test session starts ==============================
platform linux -- Python 3.10.12, pytest-6.2.5, py-1.10.0, pluggy-0.13.0
cachedir: build/centerline_extraction/ament_cmake_pytest/field_analysis_test/.cache
rootdir: /home/wheeltec/agribot/agribot_ws
plugins: ament-copyright-0.12.15, launch-testing-ros-0.19.13, ament-xmllint-0.12.15, launch-testing-1.0.14, ament-pep257-0.12.15, ament-flake8-0.12.15, ament-lint-0.12.15, cov-3.0.0, colcon-core-0.21.0
collected 8 items

../../src/centerline_extraction/test/test_field_analysis.py ........     [100%]

- generated xml file: /home/wheeltec/agribot/agribot_ws/build/centerline_extraction/test_results/centerline_extraction/field_analysis_test.xunit.xml -
============================== 8 passed in 0.04s ===============================
-- run_test.py: return code 0
-- run_test.py: verify result file '/home/wheeltec/agribot/agribot_ws/build/centerline_extraction/test_results/centerline_extraction/field_analysis_test.xunit.xml'
</Value>
				</Measurement>
			</Results>
			<Labels>
				<Label>pytest</Label>
			</Labels>
		</Test>
		<EndDateTime>Jul 27 15:54 CST</EndDateTime>
		<EndTestTime>1785138845</EndTestTime>
		<ElapsedMinutes>0</ElapsedMinutes>
	</Testing>
</Site>
