<?xml version="1.0" encoding="UTF-8"?>
<Site BuildName="(empty)"
	BuildStamp="20260727-0312-Experimental"
	Name="wheeltec"
	Generator="ctest-3.22.1"
	CompilerName="/usr/bin/c++"
	CompilerVersion="11.4.0"
	OSName="Linux"
	Hostname="wheeltec"
	OSRelease="5.15.148-tegra"
	OSVersion="#1 SMP PREEMPT Thu Sep 18 15:08:33 PDT 2025"
	OSPlatform="aarch64"
	Is64Bits="1"
	VendorString=""
	VendorID="Unknown Manufacturer"
	FamilyID="8"
	ModelID="0"
	ProcessorCacheSize="0"
	NumberOfLogicalCPU="8"
	NumberOfPhysicalCPU="1"
	TotalVirtualMemory="7827"
	TotalPhysicalMemory="15655"
	LogicalProcessorsPerPhysical="8"
	ProcessorClockFrequency="0"
	>
	<Testing>
		<StartDateTime>Jul 27 11:12 CST</StartDateTime>
		<StartTestTime>1785121934</StartTestTime>
		<TestList>
			<Test>./field_analysis_test</Test>
			<Test>./cppcheck</Test>
			<Test>./flake8</Test>
			<Test>./lint_cmake</Test>
			<Test>./pep257</Test>
			<Test>./uncrustify</Test>
			<Test>./xmllint</Test>
		</TestList>
		<Test Status="passed">
			<Name>field_analysis_test</Name>
			<Path>.</Path>
			<FullName>./field_analysis_test</FullName>
			<FullCommandLine>/usr/bin/python3 "-u" "/opt/ros/humble/share/ament_cmake_test/cmake/run_test.py" "/home/wheeltec/agribot/agribot_ws/build/centerline_extraction/test_results/centerline_extraction/field_analysis_test.xunit.xml" "--package-name" "centerline_extraction" "--output-file" "/home/wheeltec/agribot/agribot_ws/build/centerline_extraction/ament_cmake_pytest/field_analysis_test.txt" "--command" "/usr/bin/python3" "-u" "-m" "pytest" "/home/wheeltec/agribot/agribot_ws/src/centerline_extraction/test/test_field_analysis.py" "-o" "cache_dir=/home/wheeltec/agribot/agribot_ws/build/centerline_extraction/ament_cmake_pytest/field_analysis_test/.cache" "--junit-xml=/home/wheeltec/agribot/agribot_ws/build/centerline_extraction/test_results/centerline_extraction/field_analysis_test.xunit.xml" "--junit-prefix=centerline_extraction"</FullCommandLine>
			<Results>
				<NamedMeasurement type="numeric/double" name="Execution Time">
					<Value>1.11479</Value>
				</NamedMeasurement>
				<NamedMeasurement type="numeric/double" name="Processors">
					<Value>1</Value>
				</NamedMeasurement>
				<NamedMeasurement type="text/string" name="Completion Status">
					<Value>Completed</Value>
				</NamedMeasurement>
				<NamedMeasurement type="text/string" name="Command Line">
					<Value>/usr/bin/python3 "-u" "/opt/ros/humble/share/ament_cmake_test/cmake/run_test.py" "/home/wheeltec/agribot/agribot_ws/build/centerline_extraction/test_results/centerline_extraction/field_analysis_test.xunit.xml" "--package-name" "centerline_extraction" "--output-file" "/home/wheeltec/agribot/agribot_ws/build/centerline_extraction/ament_cmake_pytest/field_analysis_test.txt" "--command" "/usr/bin/python3" "-u" "-m" "pytest" "/home/wheeltec/agribot/agribot_ws/src/centerline_extraction/test/test_field_analysis.py" "-o" "cache_dir=/home/wheeltec/agribot/agribot_ws/build/centerline_extraction/ament_cmake_pytest/field_analysis_test/.cache" "--junit-xml=/home/wheeltec/agribot/agribot_ws/build/centerline_extraction/test_results/centerline_extraction/field_analysis_test.xunit.xml" "--junit-prefix=centerline_extraction"</Value>
				</NamedMeasurement>
				<NamedMeasurement type="text/string" name="Environment">
					<Value>#CTEST_RESOURCE_GROUP_COUNT=</Value>
				</NamedMeasurement>
				<Measurement>
					<Value>-- run_test.py: invoking following command in '/home/wheeltec/agribot/agribot_ws/build/centerline_extraction':
 - /usr/bin/python3 -u -m pytest /home/wheeltec/agribot/agribot_ws/src/centerline_extraction/test/test_field_analysis.py -o cache_dir=/home/wheeltec/agribot/agribot_ws/build/centerline_extraction/ament_cmake_pytest/field_analysis_test/.cache --junit-xml=/home/wheeltec/agribot/agribot_ws/build/centerline_extraction/test_results/centerline_extraction/field_analysis_test.xunit.xml --junit-prefix=centerline_extraction
============================= test session starts ==============================
platform linux -- Python 3.10.12, pytest-6.2.5, py-1.10.0, pluggy-0.13.0
cachedir: build/centerline_extraction/ament_cmake_pytest/field_analysis_test/.cache
rootdir: /home/wheeltec/agribot/agribot_ws
plugins: ament-copyright-0.12.15, launch-testing-ros-0.19.13, ament-xmllint-0.12.15, launch-testing-1.0.14, ament-pep257-0.12.15, ament-flake8-0.12.15, ament-lint-0.12.15, cov-3.0.0, colcon-core-0.21.0
collected 5 items

../../src/centerline_extraction/test/test_field_analysis.py .....        [100%]

- generated xml file: /home/wheeltec/agribot/agribot_ws/build/centerline_extraction/test_results/centerline_extraction/field_analysis_test.xunit.xml -
============================== 5 passed in 0.05s ===============================
-- run_test.py: return code 0
-- run_test.py: verify result file '/home/wheeltec/agribot/agribot_ws/build/centerline_extraction/test_results/centerline_extraction/field_analysis_test.xunit.xml'
</Value>
				</Measurement>
			</Results>
			<Labels>
				<Label>pytest</Label>
			</Labels>
		</Test>
		<Test Status="passed">
			<Name>cppcheck</Name>
			<Path>.</Path>
			<FullName>./cppcheck</FullName>
			<FullCommandLine>/usr/bin/python3 "-u" "/opt/ros/humble/share/ament_cmake_test/cmake/run_test.py" "/home/wheeltec/agribot/agribot_ws/build/centerline_extraction/test_results/centerline_extraction/cppcheck.xunit.xml" "--package-name" "centerline_extraction" "--output-file" "/home/wheeltec/agribot/agribot_ws/build/centerline_extraction/ament_cppcheck/cppcheck.txt" "--command" "/opt/ros/humble/bin/ament_cppcheck" "--xunit-file" "/home/wheeltec/agribot/agribot_ws/build/centerline_extraction/test_results/centerline_extraction/cppcheck.xunit.xml" "--include_dirs" "/home/wheeltec/agribot/agribot_ws/src/centerline_extraction/include"</FullCommandLine>
			<Results>
				<NamedMeasurement type="numeric/double" name="Execution Time">
					<Value>0.505165</Value>
				</NamedMeasurement>
				<NamedMeasurement type="numeric/double" name="Processors">
					<Value>1</Value>
				</NamedMeasurement>
				<NamedMeasurement type="text/string" name="Completion Status">
					<Value>Completed</Value>
				</NamedMeasurement>
				<NamedMeasurement type="text/string" name="Command Line">
					<Value>/usr/bin/python3 "-u" "/opt/ros/humble/share/ament_cmake_test/cmake/run_test.py" "/home/wheeltec/agribot/agribot_ws/build/centerline_extraction/test_results/centerline_extraction/cppcheck.xunit.xml" "--package-name" "centerline_extraction" "--output-file" "/home/wheeltec/agribot/agribot_ws/build/centerline_extraction/ament_cppcheck/cppcheck.txt" "--command" "/opt/ros/humble/bin/ament_cppcheck" "--xunit-file" "/home/wheeltec/agribot/agribot_ws/build/centerline_extraction/test_results/centerline_extraction/cppcheck.xunit.xml" "--include_dirs" "/home/wheeltec/agribot/agribot_ws/src/centerline_extraction/include"</Value>
				</NamedMeasurement>
				<NamedMeasurement type="text/string" name="Environment">
					<Value>#CTEST_RESOURCE_GROUP_COUNT=</Value>
				</NamedMeasurement>
				<Measurement>
					<Value>-- run_test.py: invoking following command in '/home/wheeltec/agribot/agribot_ws/src/centerline_extraction':
 - /opt/ros/humble/bin/ament_cppcheck --xunit-file /home/wheeltec/agribot/agribot_ws/build/centerline_extraction/test_results/centerline_extraction/cppcheck.xunit.xml --include_dirs /home/wheeltec/agribot/agribot_ws/src/centerline_extraction/include
cppcheck 2.7 has known performance issues and therefore will not be used, set the AMENT_CPPCHECK_ALLOW_SLOW_VERSIONS environment variable to override this.
-- run_test.py: return code 0
-- run_test.py: verify result file '/home/wheeltec/agribot/agribot_ws/build/centerline_extraction/test_results/centerline_extraction/cppcheck.xunit.xml'
</Value>
				</Measurement>
			</Results>
			<Labels>
				<Label>cppcheck</Label>
				<Label>linter</Label>
			</Labels>
		</Test>
		<Test Status="failed">
			<Name>flake8</Name>
			<Path>.</Path>
			<FullName>./flake8</FullName>
			<FullCommandLine>/usr/bin/python3 "-u" "/opt/ros/humble/share/ament_cmake_test/cmake/run_test.py" "/home/wheeltec/agribot/agribot_ws/build/centerline_extraction/test_results/centerline_extraction/flake8.xunit.xml" "--package-name" "centerline_extraction" "--output-file" "/home/wheeltec/agribot/agribot_ws/build/centerline_extraction/ament_flake8/flake8.txt" "--command" "/opt/ros/humble/bin/ament_flake8" "--xunit-file" "/home/wheeltec/agribot/agribot_ws/build/centerline_extraction/test_results/centerline_extraction/flake8.xunit.xml"</FullCommandLine>
			<Results>
				<NamedMeasurement type="text/string" name="Exit Code">
					<Value>Failed</Value>
				</NamedMeasurement>
				<NamedMeasurement type="text/string" name="Exit Value">
					<Value>1</Value>
				</NamedMeasurement>
				<NamedMeasurement type="numeric/double" name="Execution Time">
					<Value>0.944874</Value>
				</NamedMeasurement>
				<NamedMeasurement type="numeric/double" name="Processors">
					<Value>1</Value>
				</NamedMeasurement>
				<NamedMeasurement type="text/string" name="Completion Status">
					<Value>Completed</Value>
				</NamedMeasurement>
				<NamedMeasurement type="text/string" name="Command Line">
					<Value>/usr/bin/python3 "-u" "/opt/ros/humble/share/ament_cmake_test/cmake/run_test.py" "/home/wheeltec/agribot/agribot_ws/build/centerline_extraction/test_results/centerline_extraction/flake8.xunit.xml" "--package-name" "centerline_extraction" "--output-file" "/home/wheeltec/agribot/agribot_ws/build/centerline_extraction/ament_flake8/flake8.txt" "--command" "/opt/ros/humble/bin/ament_flake8" "--xunit-file" "/home/wheeltec/agribot/agribot_ws/build/centerline_extraction/test_results/centerline_extraction/flake8.xunit.xml"</Value>
				</NamedMeasurement>
				<NamedMeasurement type="text/string" name="Environment">
					<Value>#CTEST_RESOURCE_GROUP_COUNT=</Value>
				</NamedMeasurement>
				<Measurement>
					<Value>-- run_test.py: invoking following command in '/home/wheeltec/agribot/agribot_ws/src/centerline_extraction':
 - /opt/ros/humble/bin/ament_flake8 --xunit-file /home/wheeltec/agribot/agribot_ws/build/centerline_extraction/test_results/centerline_extraction/flake8.xunit.xml
        if self.last_sample_time and (now - self.last_sample_time).nanoseconds &lt; self.sample_period * 1e9:
                                                                                                   ^
        if self.gains is None and self.parameter_future is None and self.parameter_client.service_is_ready():
                                                                                                   ^
                (self.get_clock().now() - self.finish_started).nanoseconds &gt;= self.finish_hold_time * 1e9):
                                                                                                   ^
            'rmse_m': round(math.sqrt(sum(error * error for error in absolute_errors) / len(absolute_errors)), 4),
                                                                                                   ^
            'mean_abs_heading_error_deg': round(math.degrees(sum(heading_errors) / len(heading_errors)), 3),
                                                                                                   ^
5     E501 line too long (106 &gt; 99 characters)

./scripts/pid_tracking_evaluator.py:121:100: E501 line too long (106 &gt; 99 characters)

./scripts/pid_tracking_evaluator.py:158:100: E501 line too long (109 &gt; 99 characters)

./scripts/pid_tracking_evaluator.py:165:100: E501 line too long (107 &gt; 99 characters)

./scripts/pid_tracking_evaluator.py:277:100: E501 line too long (114 &gt; 99 characters)

./scripts/pid_tracking_evaluator.py:282:100: E501 line too long (108 &gt; 99 characters)


8 files checked
5 errors

'E'-type errors: 5

Checked files:

* ./launch/field_system_with_perception.launch.py
* ./launch/pid_path_test.launch.py
* ./launch/field_path_tracking.launch.py
* ./launch/perception_ablation.launch.py
* ./scripts/pid_tracking_evaluator.py
* ./scripts/field_trial_logger.py
* ./scripts/analyze_field_trials.py
* ./test/test_field_analysis.py
-- run_test.py: return code 1
-- run_test.py: verify result file '/home/wheeltec/agribot/agribot_ws/build/centerline_extraction/test_results/centerline_extraction/flake8.xunit.xml'
</Value>
				</Measurement>
			</Results>
			<Labels>
				<Label>flake8</Label>
				<Label>linter</Label>
			</Labels>
		</Test>
		<Test Status="failed">
			<Name>lint_cmake</Name>
			<Path>.</Path>
			<FullName>./lint_cmake</FullName>
			<FullCommandLine>/usr/bin/python3 "-u" "/opt/ros/humble/share/ament_cmake_test/cmake/run_test.py" "/home/wheeltec/agribot/agribot_ws/build/centerline_extraction/test_results/centerline_extraction/lint_cmake.xunit.xml" "--package-name" "centerline_extraction" "--output-file" "/home/wheeltec/agribot/agribot_ws/build/centerline_extraction/ament_lint_cmake/lint_cmake.txt" "--command" "/opt/ros/humble/bin/ament_lint_cmake" "--xunit-file" "/home/wheeltec/agribot/agribot_ws/build/centerline_extraction/test_results/centerline_extraction/lint_cmake.xunit.xml"</FullCommandLine>
			<Results>
				<NamedMeasurement type="text/string" name="Exit Code">
					<Value>Failed</Value>
				</NamedMeasurement>
				<NamedMeasurement type="text/string" name="Exit Value">
					<Value>1</Value>
				</NamedMeasurement>
				<NamedMeasurement type="numeric/double" name="Execution Time">
					<Value>0.419964</Value>
				</NamedMeasurement>
				<NamedMeasurement type="numeric/double" name="Processors">
					<Value>1</Value>
				</NamedMeasurement>
				<NamedMeasurement type="text/string" name="Completion Status">
					<Value>Completed</Value>
				</NamedMeasurement>
				<NamedMeasurement type="text/string" name="Command Line">
					<Value>/usr/bin/python3 "-u" "/opt/ros/humble/share/ament_cmake_test/cmake/run_test.py" "/home/wheeltec/agribot/agribot_ws/build/centerline_extraction/test_results/centerline_extraction/lint_cmake.xunit.xml" "--package-name" "centerline_extraction" "--output-file" "/home/wheeltec/agribot/agribot_ws/build/centerline_extraction/ament_lint_cmake/lint_cmake.txt" "--command" "/opt/ros/humble/bin/ament_lint_cmake" "--xunit-file" "/home/wheeltec/agribot/agribot_ws/build/centerline_extraction/test_results/centerline_extraction/lint_cmake.xunit.xml"</Value>
				</NamedMeasurement>
				<NamedMeasurement type="text/string" name="Environment">
					<Value>#CTEST_RESOURCE_GROUP_COUNT=</Value>
				</NamedMeasurement>
				<Measurement>
					<Value>-- run_test.py: invoking following command in '/home/wheeltec/agribot/agribot_ws/src/centerline_extraction':
 - /opt/ros/humble/bin/ament_lint_cmake --xunit-file /home/wheeltec/agribot/agribot_ws/build/centerline_extraction/test_results/centerline_extraction/lint_cmake.xunit.xml
CMakeLists.txt:24: Mismatching spaces inside () after command [whitespace/mismatch]
CMakeLists.txt:39: Line ends in whitespace [whitespace/eol]
CMakeLists.txt:55: Line ends in whitespace [whitespace/eol]
CMakeLists.txt:56: Line ends in whitespace [whitespace/eol]
CMakeLists.txt:59: Line ends in whitespace [whitespace/eol]
CMakeLists.txt:60: Line ends in whitespace [whitespace/eol]
CMakeLists.txt:123: Line ends in whitespace [whitespace/eol]


7 errors
-- run_test.py: return code 1
-- run_test.py: verify result file '/home/wheeltec/agribot/agribot_ws/build/centerline_extraction/test_results/centerline_extraction/lint_cmake.xunit.xml'
</Value>
				</Measurement>
			</Results>
			<Labels>
				<Label>lint_cmake</Label>
				<Label>linter</Label>
			</Labels>
		</Test>
		<Test Status="failed">
			<Name>pep257</Name>
			<Path>.</Path>
			<FullName>./pep257</FullName>
			<FullCommandLine>/usr/bin/python3 "-u" "/opt/ros/humble/share/ament_cmake_test/cmake/run_test.py" "/home/wheeltec/agribot/agribot_ws/build/centerline_extraction/test_results/centerline_extraction/pep257.xunit.xml" "--package-name" "centerline_extraction" "--output-file" "/home/wheeltec/agribot/agribot_ws/build/centerline_extraction/ament_pep257/pep257.txt" "--command" "/opt/ros/humble/bin/ament_pep257" "--xunit-file" "/home/wheeltec/agribot/agribot_ws/build/centerline_extraction/test_results/centerline_extraction/pep257.xunit.xml"</FullCommandLine>
			<Results>
				<NamedMeasurement type="text/string" name="Exit Code">
					<Value>Failed</Value>
				</NamedMeasurement>
				<NamedMeasurement type="text/string" name="Exit Value">
					<Value>1</Value>
				</NamedMeasurement>
				<NamedMeasurement type="numeric/double" name="Execution Time">
					<Value>0.74923</Value>
				</NamedMeasurement>
				<NamedMeasurement type="numeric/double" name="Processors">
					<Value>1</Value>
				</NamedMeasurement>
				<NamedMeasurement type="text/string" name="Completion Status">
					<Value>Completed</Value>
				</NamedMeasurement>
				<NamedMeasurement type="text/string" name="Command Line">
					<Value>/usr/bin/python3 "-u" "/opt/ros/humble/share/ament_cmake_test/cmake/run_test.py" "/home/wheeltec/agribot/agribot_ws/build/centerline_extraction/test_results/centerline_extraction/pep257.xunit.xml" "--package-name" "centerline_extraction" "--output-file" "/home/wheeltec/agribot/agribot_ws/build/centerline_extraction/ament_pep257/pep257.txt" "--command" "/opt/ros/humble/bin/ament_pep257" "--xunit-file" "/home/wheeltec/agribot/agribot_ws/build/centerline_extraction/test_results/centerline_extraction/pep257.xunit.xml"</Value>
				</NamedMeasurement>
				<NamedMeasurement type="text/string" name="Environment">
					<Value>#CTEST_RESOURCE_GROUP_COUNT=</Value>
				</NamedMeasurement>
				<Measurement>
					<Value>-- run_test.py: invoking following command in '/home/wheeltec/agribot/agribot_ws/src/centerline_extraction':
 - /opt/ros/humble/bin/ament_pep257 --xunit-file /home/wheeltec/agribot/agribot_ws/build/centerline_extraction/test_results/centerline_extraction/pep257.xunit.xml
checking ./launch/field_path_tracking.launch.py
checking ./launch/field_system_with_perception.launch.py
checking ./launch/perception_ablation.launch.py
checking ./launch/pid_path_test.launch.py
./launch/pid_path_test.launch.py:12 in public function `generate_launch_description`: D213: Multi-line docstring summary should start at the second line
./launch/pid_path_test.launch.py:12 in public function `generate_launch_description`: D400: First line should end with a period (not '。')
./launch/pid_path_test.launch.py:12 in public function `generate_launch_description`: D415: First line should end with a period, question mark, or exclamation point (not '。')
checking ./scripts/analyze_field_trials.py
checking ./scripts/field_trial_logger.py
checking ./scripts/pid_tracking_evaluator.py
./scripts/pid_tracking_evaluator.py:2 at module level: D400: First line should end with a period (not '。')
./scripts/pid_tracking_evaluator.py:2 at module level: D415: First line should end with a period, question mark, or exclamation point (not '。')
./scripts/pid_tracking_evaluator.py:32 in public class `PIDTrackingEvaluator`: D400: First line should end with a period (not '。')
./scripts/pid_tracking_evaluator.py:32 in public class `PIDTrackingEvaluator`: D415: First line should end with a period, question mark, or exclamation point (not '。')
checking ./test/test_field_analysis.py
7 errors
-- run_test.py: return code 1
-- run_test.py: verify result file '/home/wheeltec/agribot/agribot_ws/build/centerline_extraction/test_results/centerline_extraction/pep257.xunit.xml'
</Value>
				</Measurement>
			</Results>
			<Labels>
				<Label>linter</Label>
				<Label>pep257</Label>
			</Labels>
		</Test>
		<Test Status="failed">
			<Name>uncrustify</Name>
			<Path>.</Path>
			<FullName>./uncrustify</FullName>
			<FullCommandLine>/usr/bin/python3 "-u" "/opt/ros/humble/share/ament_cmake_test/cmake/run_test.py" "/home/wheeltec/agribot/agribot_ws/build/centerline_extraction/test_results/centerline_extraction/uncrustify.xunit.xml" "--package-name" "centerline_extraction" "--output-file" "/home/wheeltec/agribot/agribot_ws/build/centerline_extraction/ament_uncrustify/uncrustify.txt" "--command" "/opt/ros/humble/bin/ament_uncrustify" "--xunit-file" "/home/wheeltec/agribot/agribot_ws/build/centerline_extraction/test_results/centerline_extraction/uncrustify.xunit.xml"</FullCommandLine>
			<Results>
				<NamedMeasurement type="text/string" name="Exit Code">
					<Value>Failed</Value>
				</NamedMeasurement>
				<NamedMeasurement type="text/string" name="Exit Value">
					<Value>1</Value>
				</NamedMeasurement>
				<NamedMeasurement type="numeric/double" name="Execution Time">
					<Value>1.34355</Value>
				</NamedMeasurement>
				<NamedMeasurement type="numeric/double" name="Processors">
					<Value>1</Value>
				</NamedMeasurement>
				<NamedMeasurement type="text/string" name="Completion Status">
					<Value>Completed</Value>
				</NamedMeasurement>
				<NamedMeasurement type="text/string" name="Command Line">
					<Value>/usr/bin/python3 "-u" "/opt/ros/humble/share/ament_cmake_test/cmake/run_test.py" "/home/wheeltec/agribot/agribot_ws/build/centerline_extraction/test_results/centerline_extraction/uncrustify.xunit.xml" "--package-name" "centerline_extraction" "--output-file" "/home/wheeltec/agribot/agribot_ws/build/centerline_extraction/ament_uncrustify/uncrustify.txt" "--command" "/opt/ros/humble/bin/ament_uncrustify" "--xunit-file" "/home/wheeltec/agribot/agribot_ws/build/centerline_extraction/test_results/centerline_extraction/uncrustify.xunit.xml"</Value>
				</NamedMeasurement>
				<NamedMeasurement type="text/string" name="Environment">
					<Value>#CTEST_RESOURCE_GROUP_COUNT=</Value>
				</NamedMeasurement>
				<Measurement>
					<Value>-- run_test.py: invoking following command in '/home/wheeltec/agribot/agribot_ws/src/centerline_extraction':
 - /opt/ros/humble/bin/ament_uncrustify --xunit-file /home/wheeltec/agribot/agribot_ws/build/centerline_extraction/test_results/centerline_extraction/uncrustify.xunit.xml
Code style divergence in file 'include/centerline_extraction/corn_row_detector_projection.hpp':

--- include/centerline_extraction/corn_row_detector_projection.hpp
+++ include/centerline_extraction/corn_row_detector_projection.hpp.uncrustify
@@ -25,106 +25,106 @@
-    // define subscriber and publisher
-    rclcpp::Subscription&lt;sensor_msgs::msg::PointCloud2&gt;::SharedPtr point_cloud_sub_;
-    rclcpp::Subscription&lt;std_msgs::msg::String&gt;::SharedPtr navigation_mode_sub_;
-    rclcpp::Publisher&lt;sensor_msgs::msg::PointCloud2&gt;::SharedPtr point_cloud_pub_;
-    rclcpp::Publisher&lt;sensor_msgs::msg::PointCloud2&gt;::SharedPtr left_row_pub_;
-    rclcpp::Publisher&lt;sensor_msgs::msg::PointCloud2&gt;::SharedPtr right_row_pub_;
-    rclcpp::Publisher&lt;nav_msgs::msg::Path&gt;::SharedPtr center_line_pub_;
-    rclcpp::Publisher&lt;nav_msgs::msg::Path&gt;::SharedPtr center_line_viz_pub_;
-    rclcpp::Publisher&lt;nav_msgs::msg::Path&gt;::SharedPtr left_boundary_pub_;
-    rclcpp::Publisher&lt;nav_msgs::msg::Path&gt;::SharedPtr right_boundary_pub_;
-    rclcpp::Publisher&lt;std_msgs::msg::Float32&gt;::SharedPtr corridor_width_pub_;
-    rclcpp::Publisher&lt;std_msgs::msg::Float32&gt;::SharedPtr corridor_safety_margin_pub_;
-    rclcpp::Publisher&lt;std_msgs::msg::Float32&gt;::SharedPtr corridor_error_budget_pub_;
-    rclcpp::Publisher&lt;std_msgs::msg::Float32&gt;::SharedPtr corridor_confidence_pub_;
-    rclcpp::Publisher&lt;std_msgs::msg::Float32MultiArray&gt;::SharedPtr detection_diagnostics_pub_;
-    rclcpp::Publisher&lt;std_msgs::msg::Bool&gt;::SharedPtr headland_detected_pub_;
-    std::shared_ptr&lt;tf2_ros::Buffer&gt; tf_buffer_;
-    std::shared_ptr&lt;tf2_ros::TransformListener&gt; tf_listener_;
-    float z_min_ = 0.0;
-    float z_max_ = 0.5;
-    float voxel_size_ = 0.02;
-    float x_min_ = 0.0;
-    float x_max_ = 2.0;
-    float y_min_ = -1.0;
-    float y_max_ = 1.0;
-    float path_length_ = 2.0;
-    float path_step_ = 0.1;
-    float min_row_separation_ = 0.3;
-    float max_row_separation_ = 3.0;
-    float max_line_slope_ = 5.0;
-    float plants_ahead_x_ = 0.5;
-    float robust_fit_residual_threshold_ = 0.12;
-    float section_width_ = 0.25;
-    int min_section_points_ = 3;
-    float platform_width_ = 0.30;
-    float desired_row_separation_ = 0.8;
-    float segmented_center_weight_ = 0.0;
-    float segmented_boundary_weight_ = 0.0;
-    float innermost_bin_width_ = 0.20;
-    float innermost_row_band_width_ = 0.18;
-    float innermost_quantile_ = 0.20;
-    int min_innermost_seeds_ = 4;
-    float max_row_alignment_yaw_ = 0.75;
-    float line_filter_alpha_ = 0.25;
-    float max_line_lateral_jump_ = 0.18;
-    float max_row_width_jump_ = 0.25;
-    float max_row_yaw_jump_ = 0.45;
-    int max_line_lost_frames_ = 30;
-    float line_fit_x_min_ = 0.20;
-    bool use_simple_inner_row_mode_ = true;
-    bool use_row_yaw_estimation_ = true;
-    bool use_parallel_row_model_ = true;
-    bool enable_innermost_row_extraction_ = true;
-    bool enable_robust_refinement_ = true;
-    bool enable_temporal_tracking_ = true;
-    bool enable_quality_evaluation_ = true;
-    float plant_safety_clearance_ = 0.10;
-    float quality_support_weight_ = 0.30;
-    float quality_observation_weight_ = 0.20;
-    float quality_width_weight_ = 0.20;
-    float quality_residual_weight_ = 0.15;
-    float quality_safety_weight_ = 0.15;
-    float quality_observation_fallback_score_ = 0.45;
-    std::string base_frame_ = "base_link";
-    std::string output_frame_ = "odom";
-
-    // 多行场景下选择最内侧行的参数
-    float lateral_cluster_eps_ = 0.2; // 横向聚类阈值（米）
-    int min_cluster_size_ = 10;       // 单个簇的最小点数
-    // 自适应阈值参数：若启用，将根据点列间距的中位 gap 自适应分簇
-    bool adaptive_lateral_threshold_ = false; // 是否启用自适应阈值（median-gap）
-    float gap_multiplier_ = 2.0;              // 中位 gap 的乘数，作为分割阈值的放大因子
-    bool enable_headland_detection_ = true;
-    float headland_low_confidence_threshold_ = 0.35;
-    int headland_min_side_points_ = 80;
-    int headland_min_path_points_ = 5;
-    int headland_candidate_frames_ = 6;
-    int headland_candidate_count_ = 0;
-
-    // 平滑处理参数
-    int time_window_size_ = 1;          // time window size
-    float spatial_smooth_weight_ = 0.7; // spatial smooth weight
-    float outlier_threshold_ = 2.0;     // outlier threshold
-    // record path history
-    std::deque&lt;nav_msgs::msg::Path&gt; path_history_;
-    bool has_tracked_lines_ = false;
-    bool has_tracked_row_yaw_ = false;
-    bool has_tracked_global_row_yaw_ = false;
-    bool has_navigation_mode_ = false;
-    int line_lost_count_ = 0;
-    float tracked_row_yaw_ = 0.0;
-    float tracked_global_row_yaw_ = 0.0;
-    std::string last_navigation_mode_;
-    std::pair&lt;float, float&gt; tracked_left_line_{0.0f, 0.0f};
-    std::pair&lt;float, float&gt; tracked_right_line_{0.0f, 0.0f};
-    float last_corridor_width_ = 0.0f;
-    float last_corridor_safety_margin_ = 0.0f;
-    float last_corridor_error_budget_ = 0.0f;
-    float last_corridor_confidence_ = 0.0f;
-    float last_raw_corridor_confidence_ = 0.0f;
-    float last_quality_support_score_ = 0.0f;
-    float last_quality_observation_score_ = 0.0f;
-    float last_quality_width_score_ = 0.0f;
-    float last_quality_residual_score_ = 0.0f;
-    float last_quality_safety_score_ = 0.0f;
-    float last_quality_observed_valid_ratio_ = 0.0f;
+  // define subscriber and publisher
+  rclcpp::Subscription&lt;sensor_msgs::msg::PointCloud2&gt;::SharedPtr point_cloud_sub_;
+  rclcpp::Subscription&lt;std_msgs::msg::String&gt;::SharedPtr navigation_mode_sub_;
+  rclcpp::Publisher&lt;sensor_msgs::msg::PointCloud2&gt;::SharedPtr point_cloud_pub_;
+  rclcpp::Publisher&lt;sensor_msgs::msg::PointCloud2&gt;::SharedPtr left_row_pub_;
+  rclcpp::Publisher&lt;sensor_msgs::msg::PointCloud2&gt;::SharedPtr right_row_pub_;
+  rclcpp::Publisher&lt;nav_msgs::msg::Path&gt;::SharedPtr center_line_pub_;
+  rclcpp::Publisher&lt;nav_msgs::msg::Path&gt;::SharedPtr center_line_viz_pub_;
+  rclcpp::Publisher&lt;nav_msgs::msg::Path&gt;::SharedPtr left_boundary_pub_;
+  rclcpp::Publisher&lt;nav_msgs::msg::Path&gt;::SharedPtr right_boundary_pub_;
+  rclcpp::Publisher&lt;std_msgs::msg::Float32&gt;::SharedPtr corridor_width_pub_;
+  rclcpp::Publisher&lt;std_msgs::msg::Float32&gt;::SharedPtr corridor_safety_margin_pub_;
+  rclcpp::Publisher&lt;std_msgs::msg::Float32&gt;::SharedPtr corridor_error_budget_pub_;
+  rclcpp::Publisher&lt;std_msgs::msg::Float32&gt;::SharedPtr corridor_confidence_pub_;
+  rclcpp::Publisher&lt;std_msgs::msg::Float32MultiArray&gt;::SharedPtr detection_diagnostics_pub_;
+  rclcpp::Publisher&lt;std_msgs::msg::Bool&gt;::SharedPtr headland_detected_pub_;
+  std::shared_ptr&lt;tf2_ros::Buffer&gt; tf_buffer_;
+  std::shared_ptr&lt;tf2_ros::TransformListener&gt; tf_listener_;
+  float z_min_ = 0.0;
+  float z_max_ = 0.5;
+  float voxel_size_ = 0.02;
+  float x_min_ = 0.0;
+  float x_max_ = 2.0;
+  float y_min_ = -1.0;
+  float y_max_ = 1.0;
+  float path_length_ = 2.0;
+  float path_step_ = 0.1;
+  float min_row_separation_ = 0.3;
+  float max_row_separation_ = 3.0;
+  float max_line_slope_ = 5.0;
+  float plants_ahead_x_ = 0.5;
+  float robust_fit_residual_threshold_ = 0.12;
+  float section_width_ = 0.25;
+  int min_section_points_ = 3;
+  float platform_width_ = 0.30;
+  float desired_row_separation_ = 0.8;
+  float segmented_center_weight_ = 0.0;
+  float segmented_boundary_weight_ = 0.0;
+  float innermost_bin_width_ = 0.20;
+  float innermost_row_band_width_ = 0.18;
+  float innermost_quantile_ = 0.20;
+  int min_innermost_seeds_ = 4;
+  float max_row_alignment_yaw_ = 0.75;
+  float line_filter_alpha_ = 0.25;
+  float max_line_lateral_jump_ = 0.18;
+  float max_row_width_jump_ = 0.25;
+  float max_row_yaw_jump_ = 0.45;
+  int max_line_lost_frames_ = 30;
+  float line_fit_x_min_ = 0.20;
+  bool use_simple_inner_row_mode_ = true;
+  bool use_row_yaw_estimation_ = true;
+  bool use_parallel_row_model_ = true;
+  bool enable_innermost_row_extraction_ = true;
+  bool enable_robust_refinement_ = true;
+  bool enable_temporal_tracking_ = true;
+  bool enable_quality_evaluation_ = true;
+  float plant_safety_clearance_ = 0.10;
+  float quality_support_weight_ = 0.30;
+  float quality_observation_weight_ = 0.20;
+  float quality_width_weight_ = 0.20;
+  float quality_residual_weight_ = 0.15;
+  float quality_safety_weight_ = 0.15;
+  float quality_observation_fallback_score_ = 0.45;
+  std::string base_frame_ = "base_link";
+  std::string output_frame_ = "odom";
+
+  // 多行场景下选择最内侧行的参数
+  float lateral_cluster_eps_ = 0.2;   // 横向聚类阈值（米）
+  int min_cluster_size_ = 10;         // 单个簇的最小点数
+  // 自适应阈值参数：若启用，将根据点列间距的中位 gap 自适应分簇
+  bool adaptive_lateral_threshold_ = false;   // 是否启用自适应阈值（median-gap）
+  float gap_multiplier_ = 2.0;                // 中位 gap 的乘数，作为分割阈值的放大因子
+  bool enable_headland_detection_ = true;
+  float headland_low_confidence_threshold_ = 0.35;
+  int headland_min_side_points_ = 80;
+  int headland_min_path_points_ = 5;
+  int headland_candidate_frames_ = 6;
+  int headland_candidate_count_ = 0;
+
+  // 平滑处理参数
+  int time_window_size_ = 1;            // time window size
+  float spatial_smooth_weight_ = 0.7;   // spatial smooth weight
+  float outlier_threshold_ = 2.0;       // outlier threshold
+  // record path history
+  std::deque&lt;nav_msgs::msg::Path&gt; path_history_;
+  bool has_tracked_lines_ = false;
+  bool has_tracked_row_yaw_ = false;
+  bool has_tracked_global_row_yaw_ = false;
+  bool has_navigation_mode_ = false;
+  int line_lost_count_ = 0;
+  float tracked_row_yaw_ = 0.0;
+  float tracked_global_row_yaw_ = 0.0;
+  std::string last_navigation_mode_;
+  std::pair&lt;float, float&gt; tracked_left_line_{0.0f, 0.0f};
+  std::pair&lt;float, float&gt; tracked_right_line_{0.0f, 0.0f};
+  float last_corridor_width_ = 0.0f;
+  float last_corridor_safety_margin_ = 0.0f;
+  float last_corridor_error_budget_ = 0.0f;
+  float last_corridor_confidence_ = 0.0f;
+  float last_raw_corridor_confidence_ = 0.0f;
+  float last_quality_support_score_ = 0.0f;
+  float last_quality_observation_score_ = 0.0f;
+  float last_quality_width_score_ = 0.0f;
+  float last_quality_residual_score_ = 0.0f;
+  float last_quality_safety_score_ = 0.0f;
+  float last_quality_observed_valid_ratio_ = 0.0f;
@@ -133 +133 @@
-    CornRowDetectorProjection();
+  CornRowDetectorProjection();
@@ -136,95 +136,97 @@
-    // the callback of point cloud subscriber
-    void point_cloud_callback(const sensor_msgs::msg::PointCloud2::SharedPtr msg);
-    void navigation_mode_callback(const std_msgs::msg::String::SharedPtr msg);
-
-    // preprocess point cloud
-    PointCloudXYZPtr preprocess_point_cloud(PointCloudXYZPtr input_cloud);
-
-    // transform point cloud into the robot base frame before local row extraction
-    PointCloudXYZPtr transform_cloud_to_base_frame(PointCloudXYZPtr input_cloud, const std_msgs::msg::Header &amp;header);
-
-    // projection point cloud to xy plane
-    PointCloudXYZPtr projection_point_cloud(PointCloudXYZPtr input_cloud);
-
-    float estimate_row_yaw(PointCloudXYZPtr cloud);
-    float filter_global_row_yaw(float measured_global_row_yaw);
-    float estimate_global_row_yaw(
-        PointCloudXYZPtr cloud_base,
-        const geometry_msgs::msg::TransformStamped &amp;output_from_base);
-    bool lookup_output_from_base_transform(geometry_msgs::msg::TransformStamped &amp;output_from_base);
-    float normalize_angle(float angle) const;
-    float normalize_axis_angle(float angle) const;
-    void reset_tracking_state(const std::string &amp;reason);
-    PointCloudXYZPtr rotate_cloud_to_row_frame(PointCloudXYZPtr cloud, float row_yaw);
-    PointCloudXYZPtr rotate_cloud_to_base_frame(PointCloudXYZPtr cloud, float row_yaw);
-
-    // split point cloud to left and right rows
-    std::pair&lt;PointCloudXYZPtr, PointCloudXYZPtr&gt; split_left_right_rows(PointCloudXYZPtr input_cloud);
-
-    // extract innermost row from side cloud (when multiple parallel rows exist)
-    PointCloudXYZPtr extract_innermost_row(PointCloudXYZPtr cloud, bool left);
-
-    // fit line for point cloud
-    std::pair&lt;float, float&gt; fit_line(PointCloudXYZPtr cloud);
-
-    float filter_row_yaw(float measured_row_yaw);
-    bool update_tracked_lines(
-        const std::pair&lt;float, float&gt; &amp;measured_left_line,
-        const std::pair&lt;float, float&gt; &amp;measured_right_line,
-        float measured_row_yaw,
-        std::pair&lt;float, float&gt; &amp;tracked_left_line,
-        std::pair&lt;float, float&gt; &amp;tracked_right_line,
-        float &amp;tracked_row_yaw);
-
-    // create segmented under-canopy traversable corridor from row boundary observations
-    nav_msgs::msg::Path create_corridor_path(
-        PointCloudXYZPtr left_cloud,
-        PointCloudXYZPtr right_cloud,
-        const std::pair&lt;float, float&gt; &amp;left_line,
-        const std::pair&lt;float, float&gt; &amp;right_line,
-        float row_yaw,
-        const std_msgs::msg::Header &amp;header);
-
-    nav_msgs::msg::Path transform_path_to_output_frame(const nav_msgs::msg::Path &amp;path_base_link);
-
-    bool estimate_lateral_median(
-        PointCloudXYZPtr cloud,
-        float x,
-        float fallback_y,
-        float &amp;estimated_y,
-        int &amp;support_count);
-
-    void publish_corridor_metrics(
-        float width,
-        float safety_margin,
-        float error_budget,
-        float confidence);
-    void publish_detection_diagnostics(
-        bool valid,
-        int left_points,
-        int right_points,
-        float row_yaw,
-        float center_offset,
-        const std::pair&lt;float, float&gt; &amp;left_line,
-        const std::pair&lt;float, float&gt; &amp;right_line,
-        int path_points);
-    void publish_headland_detection(
-        bool valid,
-        int left_points,
-        int right_points,
-        int path_points);
-
-    // 平滑处理函数
-    nav_msgs::msg::Path smooth_path(const nav_msgs::msg::Path &amp;raw_path);
-
-    // 异常值剔除
-    nav_msgs::msg::Path remove_outliers(const nav_msgs::msg::Path &amp;path);
-
-    // 空间平滑
-    nav_msgs::msg::Path spatial_smoothing(const nav_msgs::msg::Path &amp;path);
-
-    // 时间平滑
-    nav_msgs::msg::Path temporal_smoothing(const nav_msgs::msg::Path &amp;path);
-
-    // 发布空路径以清空显示
-    void publish_empty_path(const std_msgs::msg::Header &amp;header);
+  // the callback of point cloud subscriber
+  void point_cloud_callback(const sensor_msgs::msg::PointCloud2::SharedPtr msg);
+  void navigation_mode_callback(const std_msgs::msg::String::SharedPtr msg);
+
+  // preprocess point cloud
+  PointCloudXYZPtr preprocess_point_cloud(PointCloudXYZPtr input_cloud);
+
+  // transform point cloud into the robot base frame before local row extraction
+  PointCloudXYZPtr transform_cloud_to_base_frame(
+    PointCloudXYZPtr input_cloud,
+    const std_msgs::msg::Header &amp; header);
+
+  // projection point cloud to xy plane
+  PointCloudXYZPtr projection_point_cloud(PointCloudXYZPtr input_cloud);
+
+  float estimate_row_yaw(PointCloudXYZPtr cloud);
+  float filter_global_row_yaw(float measured_global_row_yaw);
+  float estimate_global_row_yaw(
+    PointCloudXYZPtr cloud_base,
+    const geometry_msgs::msg::TransformStamped &amp; output_from_base);
+  bool lookup_output_from_base_transform(geometry_msgs::msg::TransformStamped &amp; output_from_base);
+  float normalize_angle(float angle) const;
+  float normalize_axis_angle(float angle) const;
+  void reset_tracking_state(const std::string &amp; reason);
+  PointCloudXYZPtr rotate_cloud_to_row_frame(PointCloudXYZPtr cloud, float row_yaw);
+  PointCloudXYZPtr rotate_cloud_to_base_frame(PointCloudXYZPtr cloud, float row_yaw);
+
+  // split point cloud to left and right rows
+  std::pair&lt;PointCloudXYZPtr, PointCloudXYZPtr&gt; split_left_right_rows(PointCloudXYZPtr input_cloud);
+
+  // extract innermost row from side cloud (when multiple parallel rows exist)
+  PointCloudXYZPtr extract_innermost_row(PointCloudXYZPtr cloud, bool left);
+
+  // fit line for point cloud
+  std::pair&lt;float, float&gt; fit_line(PointCloudXYZPtr cloud);
+
+  float filter_row_yaw(float measured_row_yaw);
+  bool update_tracked_lines(
+    const std::pair&lt;float, float&gt; &amp; measured_left_line,
+    const std::pair&lt;float, float&gt; &amp; measured_right_line,
+    float measured_row_yaw,
+    std::pair&lt;float, float&gt; &amp; tracked_left_line,
+    std::pair&lt;float, float&gt; &amp; tracked_right_line,
+    float &amp; tracked_row_yaw);
+
+  // create segmented under-canopy traversable corridor from row boundary observations
+  nav_msgs::msg::Path create_corridor_path(
+    PointCloudXYZPtr left_cloud,
+    PointCloudXYZPtr right_cloud,
+    const std::pair&lt;float, float&gt; &amp; left_line,
+    const std::pair&lt;float, float&gt; &amp; right_line,
+    float row_yaw,
+    const std_msgs::msg::Header &amp; header);
+
+  nav_msgs::msg::Path transform_path_to_output_frame(const nav_msgs::msg::Path &amp; path_base_link);
+
+  bool estimate_lateral_median(
+    PointCloudXYZPtr cloud,
+    float x,
+    float fallback_y,
+    float &amp; estimated_y,
+    int &amp; support_count);
+
+  void publish_corridor_metrics(
+    float width,
+    float safety_margin,
+    float error_budget,
+    float confidence);
+  void publish_detection_diagnostics(
+    bool valid,
+    int left_points,
+    int right_points,
+    float row_yaw,
+    float center_offset,
+    const std::pair&lt;float, float&gt; &amp; left_line,
+    const std::pair&lt;float, float&gt; &amp; right_line,
+    int path_points);
+  void publish_headland_detection(
+    bool valid,
+    int left_points,
+    int right_points,
+    int path_points);
+
+  // 平滑处理函数
+  nav_msgs::msg::Path smooth_path(const nav_msgs::msg::Path &amp; raw_path);
+
+  // 异常值剔除
+  nav_msgs::msg::Path remove_outliers(const nav_msgs::msg::Path &amp; path);
+
+  // 空间平滑
+  nav_msgs::msg::Path spatial_smoothing(const nav_msgs::msg::Path &amp; path);
+
+  // 时间平滑
+  nav_msgs::msg::Path temporal_smoothing(const nav_msgs::msg::Path &amp; path);
+
+  // 发布空路径以清空显示
+  void publish_empty_path(const std_msgs::msg::Header &amp; header);

Code style divergence in file 'include/centerline_extraction/obstacle_detector.hpp':

--- include/centerline_extraction/obstacle_detector.hpp
+++ include/centerline_extraction/obstacle_detector.hpp.uncrustify
@@ -15,2 +15,2 @@
-    ObstacleDetector();
-    
+  ObstacleDetector();
+
@@ -18,12 +18,12 @@
-    void pointCloudCallback(const sensor_msgs::msg::PointCloud2::SharedPtr msg);
-    bool detectObstacles(const pcl::PointCloud&lt;pcl::PointXYZ&gt;::Ptr cloud);
-    
-    rclcpp::Subscription&lt;sensor_msgs::msg::PointCloud2&gt;::SharedPtr point_cloud_sub_;
-    rclcpp::Publisher&lt;std_msgs::msg::Bool&gt;::SharedPtr obstacle_detected_pub_;
-    
-    // 障碍物检测参数
-    float obstacle_detection_range_;  // 检测范围（米）
-    float obstacle_min_height_;       // 障碍物最小高度（米）
-    float obstacle_max_height_;       // 障碍物最大高度（米）
-    float obstacle_safety_distance_;  // 安全距离（米）
-    float path_width_;                // 路径宽度（米）
+  void pointCloudCallback(const sensor_msgs::msg::PointCloud2::SharedPtr msg);
+  bool detectObstacles(const pcl::PointCloud&lt;pcl::PointXYZ&gt;::Ptr cloud);
+
+  rclcpp::Subscription&lt;sensor_msgs::msg::PointCloud2&gt;::SharedPtr point_cloud_sub_;
+  rclcpp::Publisher&lt;std_msgs::msg::Bool&gt;::SharedPtr obstacle_detected_pub_;
+
+  // 障碍物检测参数
+  float obstacle_detection_range_;    // 检测范围（米）
+  float obstacle_min_height_;         // 障碍物最小高度（米）
+  float obstacle_max_height_;         // 障碍物最大高度（米）
+  float obstacle_safety_distance_;    // 安全距离（米）
+  float path_width_;                  // 路径宽度（米）

Code style divergence in file 'include/centerline_extraction/pid_controller.hpp':

--- include/centerline_extraction/pid_controller.hpp
+++ include/centerline_extraction/pid_controller.hpp.uncrustify
@@ -17 +17 @@
-    PIDController();
+  PIDController();
@@ -20,199 +20,200 @@
-    enum class NavigationMode
-    {
-        ROW_FOLLOW,
-        U_TURN,
-        NEXT_ROW_REACQUIRE
-    };
-
-    // 回调函数
-    void center_line_callback(const nav_msgs::msg::Path::SharedPtr msg);
-    void odom_callback(const nav_msgs::msg::Odometry::SharedPtr msg);
-    void confidence_callback(const std_msgs::msg::Float32::SharedPtr msg);
-    void safety_margin_callback(const std_msgs::msg::Float32::SharedPtr msg);
-    void headland_detected_callback(const std_msgs::msg::Bool::SharedPtr msg);
-
-    // 核心控制函数
-    geometry_msgs::msg::PointStamped find_target_point();
-    double compute_lateral_error_to_path() const;
-    geometry_msgs::msg::Twist calculate_control_command();
-    double limit_angular_command(
-        double desired_angular_speed, double angular_speed_limit, double dt);
-    void publish_stop_command();
-
-    // PID辅助函数
-    double compute_pid(double error, double dt, double &amp;integral, double &amp;previous_error, 
-                      double kp, double ki, double kd);
-
-    // 辅助函数
-    void get_parameters();
-    void publish_target_marker(const geometry_msgs::msg::PointStamped&amp; point);
-    double compute_confidence_factor() const;
-    double compute_safety_factor() const;
-    bool should_stop_for_safety() const;
-    bool quality_data_is_stale() const;
-    bool centerline_is_stale() const;
-    bool trial_limit_reached() const;
-    double normalize_angle(double angle) const;
-    void reset_pid_state();
-    void update_travel_distance(double x, double y);
-    bool should_start_headland_turn() const;
-    void start_headland_turn();
-    void start_next_row_reacquire();
-    bool is_headland_turn_complete() const;
-    nav_msgs::msg::Path generate_headland_turn_path() const;
-    nav_msgs::msg::Path generate_reacquire_prediction_path() const;
-    nav_msgs::msg::Path blend_reacquire_paths(
-        const nav_msgs::msg::Path &amp;predicted_path,
-        const nav_msgs::msg::Path &amp;measured_path,
-        double measured_weight) const;
-    double compute_reacquire_measured_weight() const;
-    double reacquire_distance() const;
-    void publish_headland_turn_path();
-    void publish_reacquire_reference_path(const nav_msgs::msg::Path &amp;path);
-    void publish_navigation_mode();
-    void publish_control_state(const std::string &amp;state);
-    void publish_quality_factor(double factor);
-    std::string navigation_mode_name() const;
-    bool is_path_end_reached() const;
-
-    // 订阅者和发布者
-    rclcpp::Subscription&lt;nav_msgs::msg::Path&gt;::SharedPtr center_line_sub_;
-    rclcpp::Subscription&lt;nav_msgs::msg::Odometry&gt;::SharedPtr odom_sub_;
-    rclcpp::Subscription&lt;std_msgs::msg::Float32&gt;::SharedPtr confidence_sub_;
-    rclcpp::Subscription&lt;std_msgs::msg::Float32&gt;::SharedPtr safety_margin_sub_;
-    rclcpp::Subscription&lt;std_msgs::msg::Bool&gt;::SharedPtr headland_detected_sub_;
-    rclcpp::Publisher&lt;geometry_msgs::msg::Twist&gt;::SharedPtr cmd_vel_pub_;
-    rclcpp::Publisher&lt;visualization_msgs::msg::Marker&gt;::SharedPtr target_marker_pub_;
-    rclcpp::Publisher&lt;nav_msgs::msg::Path&gt;::SharedPtr headland_turn_path_pub_;
-    rclcpp::Publisher&lt;nav_msgs::msg::Path&gt;::SharedPtr reacquire_reference_path_pub_;
-    rclcpp::Publisher&lt;std_msgs::msg::String&gt;::SharedPtr navigation_mode_pub_;
-    rclcpp::Publisher&lt;std_msgs::msg::String&gt;::SharedPtr control_state_pub_;
-    rclcpp::Publisher&lt;std_msgs::msg::Float32&gt;::SharedPtr quality_factor_pub_;
-    rclcpp::Publisher&lt;std_msgs::msg::Float32&gt;::SharedPtr lateral_error_pub_;
-    rclcpp::Publisher&lt;std_msgs::msg::Float32&gt;::SharedPtr heading_error_pub_;
-
-    // 控制器参数
-    double target_distance_;        // 目标跟随距离（距离路径前方多少米）
-    double max_linear_speed_;       // 最大线速度
-    double min_linear_speed_;       // 最小线速度
-    double max_angular_speed_;      // 最大角速度
-    double max_angular_acceleration_;  // 最大角速度变化率
-    double angular_command_deadband_;  // 小角速度指令死区
-    bool stop_at_path_end_;         // 到达静态测试路径末端后停车
-    double path_end_tolerance_;     // 路径末端停车半径（米）
-    double confidence_high_threshold_;
-    double confidence_low_threshold_;
-    double confidence_stop_threshold_;
-    double confidence_min_speed_factor_;
-    double safety_margin_high_;
-    double safety_margin_mid_;
-    double safety_margin_stop_;
-    int max_low_confidence_frames_;
-    double max_low_confidence_duration_;
-    bool use_quality_aware_control_;
-    bool require_quality_metrics_;
-    double centerline_timeout_;
-    double quality_timeout_;
-    double max_row_follow_distance_;
-    double max_row_follow_time_;
-    bool enable_headland_turn_;
-    double headland_min_follow_distance_;
-    double headland_row_spacing_;
-    double headland_turn_radius_;
-    double headland_exit_distance_;
-    double headland_settle_distance_;
-    double headland_path_step_;
-    double headland_turn_forward_extension_;
-    bool headland_use_continuous_curvature_turn_;
-    bool headland_turn_use_safety_margin_speed_;
-    double headland_turn_goal_tolerance_;
-    double headland_turn_heading_tolerance_;
-    double headland_reacquire_confidence_;
-    double headland_reacquire_track_confidence_;
-    double headland_reacquire_search_speed_;
-    double headland_reacquire_search_angular_speed_;
-    double headland_reacquire_max_distance_;
-    double headland_reacquire_max_time_;
-    double headland_reacquire_prediction_length_;
-    int headland_reacquire_frames_;
-    int max_headland_turns_;
-    int headland_turn_direction_;
-    double headland_turn_linear_speed_;
-    double headland_turn_target_distance_;
-    
-    // PID参数
-    double lateral_kp_;             // 横向控制比例系数
-    double lateral_ki_;             // 横向控制积分系数
-    double lateral_kd_;             // 横向控制微分系数
-    
-    double heading_kp_;             // 航向控制比例系数
-    double heading_ki_;             // 航向控制积分系数
-    double heading_kd_;             // 航向控制微分系数
-
-    bool debug_mode_;               // 调试模式
-
-    // 状态变量
-    nav_msgs::msg::Path center_line_;  // 中心线路径
-    nav_msgs::msg::Path last_valid_center_line_;
-    bool has_center_line_;             // 是否收到中心线
-    bool has_last_valid_center_line_;
-    bool use_recovery_path_;
-    int low_confidence_count_;
-    bool low_confidence_active_;
-    double corridor_confidence_;
-    double corridor_safety_margin_;
-    bool has_corridor_confidence_;
-    bool has_corridor_safety_margin_;
-    NavigationMode navigation_mode_;
-    nav_msgs::msg::Path headland_turn_path_;
-    nav_msgs::msg::Path predicted_reacquire_path_;
-    nav_msgs::msg::Path measured_reacquire_path_;
-    double distance_since_last_turn_;
-    double reacquire_start_x_;
-    double reacquire_start_y_;
-    double previous_odom_x_;
-    double previous_odom_y_;
-    bool has_previous_odom_;
-    int completed_headland_turns_;
-    int reacquire_count_;
-    double headland_turn_goal_yaw_;
-    bool has_headland_detected_;
-    bool headland_detected_;
-    bool has_predicted_reacquire_path_;
-    bool has_measured_reacquire_path_;
-    bool reacquire_failed_;
-    rclcpp::Time reacquire_start_time_;
-    rclcpp::Time last_centerline_time_;
-    rclcpp::Time last_confidence_time_;
-    rclcpp::Time last_safety_margin_time_;
-    rclcpp::Time low_confidence_start_time_;
-    rclcpp::Time trial_start_time_;
-    bool has_centerline_timestamp_;
-    bool has_confidence_timestamp_;
-    bool has_safety_margin_timestamp_;
-    bool trial_started_;
-    double trial_distance_;
-    double trial_previous_x_;
-    double trial_previous_y_;
-    bool has_trial_previous_odom_;
-    std::string last_control_state_;
-    double current_x_;                 // 当前x坐标
-    double current_y_;                 // 当前y坐标
-    double current_yaw_;               // 当前偏航角
-    double current_linear_vel_;        // 当前线速度
-    double current_angular_vel_;       // 当前角速度
-    
-    geometry_msgs::msg::PointStamped target_point_; // 目标点
-    double target_path_heading_;                    // 目标点处路径切线方向
-    
-    // PID控制器状态变量
-    double lateral_integral_;
-    double lateral_previous_error_;
-    double heading_integral_;
-    double heading_previous_error_;
-    double last_angular_command_;
-    bool has_last_angular_command_;
-    
-    // 时间记录
-    rclcpp::Time last_time_;
-    bool first_run_;
+  enum class NavigationMode
+  {
+    ROW_FOLLOW,
+    U_TURN,
+    NEXT_ROW_REACQUIRE
+  };
+
+  // 回调函数
+  void center_line_callback(const nav_msgs::msg::Path::SharedPtr msg);
+  void odom_callback(const nav_msgs::msg::Odometry::SharedPtr msg);
+  void confidence_callback(const std_msgs::msg::Float32::SharedPtr msg);
+  void safety_margin_callback(const std_msgs::msg::Float32::SharedPtr msg);
+  void headland_detected_callback(const std_msgs::msg::Bool::SharedPtr msg);
+
+  // 核心控制函数
+  geometry_msgs::msg::PointStamped find_target_point();
+  double compute_lateral_error_to_path() const;
+  geometry_msgs::msg::Twist calculate_control_command();
+  double limit_angular_command(
+    double desired_angular_speed, double angular_speed_limit, double dt);
+  void publish_stop_command();
+
+  // PID辅助函数
+  double compute_pid(
+    double error, double dt, double &amp; integral, double &amp; previous_error,
+    double kp, double ki, double kd);
+
+  // 辅助函数
+  void get_parameters();
+  void publish_target_marker(const geometry_msgs::msg::PointStamped &amp; point);
+  double compute_confidence_factor() const;
+  double compute_safety_factor() const;
+  bool should_stop_for_safety() const;
+  bool quality_data_is_stale() const;
+  bool centerline_is_stale() const;
+  bool trial_limit_reached() const;
+  double normalize_angle(double angle) const;
+  void reset_pid_state();
+  void update_travel_distance(double x, double y);
+  bool should_start_headland_turn() const;
+  void start_headland_turn();
+  void start_next_row_reacquire();
+  bool is_headland_turn_complete() const;
+  nav_msgs::msg::Path generate_headland_turn_path() const;
+  nav_msgs::msg::Path generate_reacquire_prediction_path() const;
+  nav_msgs::msg::Path blend_reacquire_paths(
+    const nav_msgs::msg::Path &amp; predicted_path,
+    const nav_msgs::msg::Path &amp; measured_path,
+    double measured_weight) const;
+  double compute_reacquire_measured_weight() const;
+  double reacquire_distance() const;
+  void publish_headland_turn_path();
+  void publish_reacquire_reference_path(const nav_msgs::msg::Path &amp; path);
+  void publish_navigation_mode();
+  void publish_control_state(const std::string &amp; state);
+  void publish_quality_factor(double factor);
+  std::string navigation_mode_name() const;
+  bool is_path_end_reached() const;
+
+  // 订阅者和发布者
+  rclcpp::Subscription&lt;nav_msgs::msg::Path&gt;::SharedPtr center_line_sub_;
+  rclcpp::Subscription&lt;nav_msgs::msg::Odometry&gt;::SharedPtr odom_sub_;
+  rclcpp::Subscription&lt;std_msgs::msg::Float32&gt;::SharedPtr confidence_sub_;
+  rclcpp::Subscription&lt;std_msgs::msg::Float32&gt;::SharedPtr safety_margin_sub_;
+  rclcpp::Subscription&lt;std_msgs::msg::Bool&gt;::SharedPtr headland_detected_sub_;
+  rclcpp::Publisher&lt;geometry_msgs::msg::Twist&gt;::SharedPtr cmd_vel_pub_;
+  rclcpp::Publisher&lt;visualization_msgs::msg::Marker&gt;::SharedPtr target_marker_pub_;
+  rclcpp::Publisher&lt;nav_msgs::msg::Path&gt;::SharedPtr headland_turn_path_pub_;
+  rclcpp::Publisher&lt;nav_msgs::msg::Path&gt;::SharedPtr reacquire_reference_path_pub_;
+  rclcpp::Publisher&lt;std_msgs::msg::String&gt;::SharedPtr navigation_mode_pub_;
+  rclcpp::Publisher&lt;std_msgs::msg::String&gt;::SharedPtr control_state_pub_;
+  rclcpp::Publisher&lt;std_msgs::msg::Float32&gt;::SharedPtr quality_factor_pub_;
+  rclcpp::Publisher&lt;std_msgs::msg::Float32&gt;::SharedPtr lateral_error_pub_;
+  rclcpp::Publisher&lt;std_msgs::msg::Float32&gt;::SharedPtr heading_error_pub_;
+
+  // 控制器参数
+  double target_distance_;          // 目标跟随距离（距离路径前方多少米）
+  double max_linear_speed_;         // 最大线速度
+  double min_linear_speed_;         // 最小线速度
+  double max_angular_speed_;        // 最大角速度
+  double max_angular_acceleration_;    // 最大角速度变化率
+  double angular_command_deadband_;    // 小角速度指令死区
+  bool stop_at_path_end_;           // 到达静态测试路径末端后停车
+  double path_end_tolerance_;       // 路径末端停车半径（米）
+  double confidence_high_threshold_;
+  double confidence_low_threshold_;
+  double confidence_stop_threshold_;
+  double confidence_min_speed_factor_;
+  double safety_margin_high_;
+  double safety_margin_mid_;
+  double safety_margin_stop_;
+  int max_low_confidence_frames_;
+  double max_low_confidence_duration_;
+  bool use_quality_aware_control_;
+  bool require_quality_metrics_;
+  double centerline_timeout_;
+  double quality_timeout_;
+  double max_row_follow_distance_;
+  double max_row_follow_time_;
+  bool enable_headland_turn_;
+  double headland_min_follow_distance_;
+  double headland_row_spacing_;
+  double headland_turn_radius_;
+  double headland_exit_distance_;
+  double headland_settle_distance_;
+  double headland_path_step_;
+  double headland_turn_forward_extension_;
+  bool headland_use_continuous_curvature_turn_;
+  bool headland_turn_use_safety_margin_speed_;
+  double headland_turn_goal_tolerance_;
+  double headland_turn_heading_tolerance_;
+  double headland_reacquire_confidence_;
+  double headland_reacquire_track_confidence_;
+  double headland_reacquire_search_speed_;
+  double headland_reacquire_search_angular_speed_;
+  double headland_reacquire_max_distance_;
+  double headland_reacquire_max_time_;
+  double headland_reacquire_prediction_length_;
+  int headland_reacquire_frames_;
+  int max_headland_turns_;
+  int headland_turn_direction_;
+  double headland_turn_linear_speed_;
+  double headland_turn_target_distance_;
+
+  // PID参数
+  double lateral_kp_;               // 横向控制比例系数
+  double lateral_ki_;               // 横向控制积分系数
+  double lateral_kd_;               // 横向控制微分系数
+
+  double heading_kp_;               // 航向控制比例系数
+  double heading_ki_;               // 航向控制积分系数
+  double heading_kd_;               // 航向控制微分系数
+
+  bool debug_mode_;                 // 调试模式
+
+  // 状态变量
+  nav_msgs::msg::Path center_line_;    // 中心线路径
+  nav_msgs::msg::Path last_valid_center_line_;
+  bool has_center_line_;               // 是否收到中心线
+  bool has_last_valid_center_line_;
+  bool use_recovery_path_;
+  int low_confidence_count_;
+  bool low_confidence_active_;
+  double corridor_confidence_;
+  double corridor_safety_margin_;
+  bool has_corridor_confidence_;
+  bool has_corridor_safety_margin_;
+  NavigationMode navigation_mode_;
+  nav_msgs::msg::Path headland_turn_path_;
+  nav_msgs::msg::Path predicted_reacquire_path_;
+  nav_msgs::msg::Path measured_reacquire_path_;
+  double distance_since_last_turn_;
+  double reacquire_start_x_;
+  double reacquire_start_y_;
+  double previous_odom_x_;
+  double previous_odom_y_;
+  bool has_previous_odom_;
+  int completed_headland_turns_;
+  int reacquire_count_;
+  double headland_turn_goal_yaw_;
+  bool has_headland_detected_;
+  bool headland_detected_;
+  bool has_predicted_reacquire_path_;
+  bool has_measured_reacquire_path_;
+  bool reacquire_failed_;
+  rclcpp::Time reacquire_start_time_;
+  rclcpp::Time last_centerline_time_;
+  rclcpp::Time last_confidence_time_;
+  rclcpp::Time last_safety_margin_time_;
+  rclcpp::Time low_confidence_start_time_;
+  rclcpp::Time trial_start_time_;
+  bool has_centerline_timestamp_;
+  bool has_confidence_timestamp_;
+  bool has_safety_margin_timestamp_;
+  bool trial_started_;
+  double trial_distance_;
+  double trial_previous_x_;
+  double trial_previous_y_;
+  bool has_trial_previous_odom_;
+  std::string last_control_state_;
+  double current_x_;                   // 当前x坐标
+  double current_y_;                   // 当前y坐标
+  double current_yaw_;                 // 当前偏航角
+  double current_linear_vel_;          // 当前线速度
+  double current_angular_vel_;         // 当前角速度
+
+  geometry_msgs::msg::PointStamped target_point_;   // 目标点
+  double target_path_heading_;                      // 目标点处路径切线方向
+
+  // PID控制器状态变量
+  double lateral_integral_;
+  double lateral_previous_error_;
+  double heading_integral_;
+  double heading_previous_error_;
+  double last_angular_command_;
+  bool has_last_angular_command_;
+
+  // 时间记录
+  rclcpp::Time last_time_;
+  bool first_run_;

Code style divergence in file 'include/centerline_extraction/pure_pursuit_controller.hpp':

--- include/centerline_extraction/pure_pursuit_controller.hpp
+++ include/centerline_extraction/pure_pursuit_controller.hpp.uncrustify
@@ -14 +14 @@
-    PurePursuitController();
+  PurePursuitController();
@@ -17,3 +17,3 @@
-    // 回调函数
-    void center_line_callback(const nav_msgs::msg::Path::SharedPtr msg);
-    void odom_callback(const nav_msgs::msg::Odometry::SharedPtr msg);
+  // 回调函数
+  void center_line_callback(const nav_msgs::msg::Path::SharedPtr msg);
+  void odom_callback(const nav_msgs::msg::Odometry::SharedPtr msg);
@@ -21,4 +21,4 @@
-    // 核心控制函数
-    geometry_msgs::msg::PointStamped find_lookahead_point();
-    double calculate_lateral_error();
-    geometry_msgs::msg::Twist calculate_control_command();
+  // 核心控制函数
+  geometry_msgs::msg::PointStamped find_lookahead_point();
+  double calculate_lateral_error();
+  geometry_msgs::msg::Twist calculate_control_command();
@@ -26,3 +26,3 @@
-    // 辅助函数
-    void get_parameters();
-    void publish_lookahead_marker(const geometry_msgs::msg::PointStamped&amp; point);
+  // 辅助函数
+  void get_parameters();
+  void publish_lookahead_marker(const geometry_msgs::msg::PointStamped &amp; point);
@@ -30,5 +30,5 @@
-    // 订阅者和发布者
-    rclcpp::Subscription&lt;nav_msgs::msg::Path&gt;::SharedPtr center_line_sub_;
-    rclcpp::Subscription&lt;nav_msgs::msg::Odometry&gt;::SharedPtr odom_sub_;
-    rclcpp::Publisher&lt;geometry_msgs::msg::Twist&gt;::SharedPtr cmd_vel_pub_;
-    rclcpp::Publisher&lt;visualization_msgs::msg::Marker&gt;::SharedPtr lookahead_marker_pub_;
+  // 订阅者和发布者
+  rclcpp::Subscription&lt;nav_msgs::msg::Path&gt;::SharedPtr center_line_sub_;
+  rclcpp::Subscription&lt;nav_msgs::msg::Odometry&gt;::SharedPtr odom_sub_;
+  rclcpp::Publisher&lt;geometry_msgs::msg::Twist&gt;::SharedPtr cmd_vel_pub_;
+  rclcpp::Publisher&lt;visualization_msgs::msg::Marker&gt;::SharedPtr lookahead_marker_pub_;
@@ -36,10 +36,10 @@
-    // 控制器参数
-    double lookahead_base_;         // 基础前视距离
-    double lookahead_gain_;         // 前视距离速度系数
-    double max_linear_speed_;       // 最大线速度
-    double min_linear_speed_;       // 最小线速度
-    double max_angular_speed_;      // 最大角速度
-    double wheel_base_;             // 轮距（米）
-    double lateral_error_gain_;     // 横向偏差校正系数
-    double curve_decay_gain_;       // 弯道减速系数
-    bool debug_mode_;               // 调试模式
+  // 控制器参数
+  double lookahead_base_;           // 基础前视距离
+  double lookahead_gain_;           // 前视距离速度系数
+  double max_linear_speed_;         // 最大线速度
+  double min_linear_speed_;         // 最小线速度
+  double max_angular_speed_;        // 最大角速度
+  double wheel_base_;               // 轮距（米）
+  double lateral_error_gain_;       // 横向偏差校正系数
+  double curve_decay_gain_;         // 弯道减速系数
+  bool debug_mode_;                 // 调试模式
@@ -47,9 +47,9 @@
-    // 状态变量
-    nav_msgs::msg::Path center_line_;  // 中心线路径
-    bool has_center_line_;             // 是否收到中心线
-    double current_x_;                 // 当前x坐标
-    double current_y_;                 // 当前y坐标
-    double current_yaw_;               // 当前偏航角
-    double current_linear_vel_;        // 当前线速度
-    geometry_msgs::msg::PointStamped closest_point_;  // 路径上最近的点
-    geometry_msgs::msg::PointStamped lookahead_point_; // 前视目标点
+  // 状态变量
+  nav_msgs::msg::Path center_line_;    // 中心线路径
+  bool has_center_line_;               // 是否收到中心线
+  double current_x_;                   // 当前x坐标
+  double current_y_;                   // 当前y坐标
+  double current_yaw_;                 // 当前偏航角
+  double current_linear_vel_;          // 当前线速度
+  geometry_msgs::msg::PointStamped closest_point_;    // 路径上最近的点
+  geometry_msgs::msg::PointStamped lookahead_point_;   // 前视目标点

Code style divergence in file 'src/corn_row_detector_projection.cpp':

--- src/corn_row_detector_projection.cpp
+++ src/corn_row_detector_projection.cpp.uncrustify
@@ -22,270 +22,263 @@
-CornRowDetectorProjection::CornRowDetectorProjection() : Node("corn_row_detector_projection")
-{
-    const auto point_cloud_topic =
-        this-&gt;declare_parameter&lt;std::string&gt;("point_cloud_topic", "/livox/lidar");
-    // create subscribers and publishers
-    point_cloud_sub_ = this-&gt;create_subscription&lt;sensor_msgs::msg::PointCloud2&gt;(
-        point_cloud_topic, 10, std::bind(&amp;CornRowDetectorProjection::point_cloud_callback, this, std::placeholders::_1));
-    navigation_mode_sub_ = this-&gt;create_subscription&lt;std_msgs::msg::String&gt;(
-        "/navigation_mode", 10,
-        std::bind(&amp;CornRowDetectorProjection::navigation_mode_callback, this, std::placeholders::_1));
-    point_cloud_pub_ = this-&gt;create_publisher&lt;sensor_msgs::msg::PointCloud2&gt;("point_cloud_projected", 10);
-    left_row_pub_ = this-&gt;create_publisher&lt;sensor_msgs::msg::PointCloud2&gt;("left_row_points", 10);
-    right_row_pub_ = this-&gt;create_publisher&lt;sensor_msgs::msg::PointCloud2&gt;("right_row_points", 10);
-    center_line_pub_ = this-&gt;create_publisher&lt;nav_msgs::msg::Path&gt;("corn_row_center_line", 10);
-    center_line_viz_pub_ = this-&gt;create_publisher&lt;nav_msgs::msg::Path&gt;("corn_row_center_line_viz", 10);
-    left_boundary_pub_ = this-&gt;create_publisher&lt;nav_msgs::msg::Path&gt;("under_canopy_left_boundary", 10);
-    right_boundary_pub_ = this-&gt;create_publisher&lt;nav_msgs::msg::Path&gt;("under_canopy_right_boundary", 10);
-    corridor_width_pub_ = this-&gt;create_publisher&lt;std_msgs::msg::Float32&gt;("corridor_width", 10);
-    corridor_safety_margin_pub_ = this-&gt;create_publisher&lt;std_msgs::msg::Float32&gt;("corridor_safety_margin", 10);
-    corridor_error_budget_pub_ = this-&gt;create_publisher&lt;std_msgs::msg::Float32&gt;("corridor_error_budget", 10);
-    corridor_confidence_pub_ = this-&gt;create_publisher&lt;std_msgs::msg::Float32&gt;("corridor_confidence", 10);
-    detection_diagnostics_pub_ = this-&gt;create_publisher&lt;std_msgs::msg::Float32MultiArray&gt;("centerline_detection_diagnostics", 10);
-    headland_detected_pub_ = this-&gt;create_publisher&lt;std_msgs::msg::Bool&gt;("headland_detected", 10);
-
-    tf_buffer_ = std::make_shared&lt;tf2_ros::Buffer&gt;(this-&gt;get_clock());
-    tf_listener_ = std::make_shared&lt;tf2_ros::TransformListener&gt;(*tf_buffer_);
-
-    // declare parameters
-    this-&gt;declare_parameter&lt;float&gt;("z_min", 0.0);
-    this-&gt;declare_parameter&lt;float&gt;("z_max", 0.5);
-    this-&gt;declare_parameter&lt;float&gt;("voxel_size", 0.02);
-    this-&gt;declare_parameter&lt;float&gt;("x_min", 0.0);
-    this-&gt;declare_parameter&lt;float&gt;("x_max", 2.0);
-    this-&gt;declare_parameter&lt;float&gt;("y_min", -1.0);
-    this-&gt;declare_parameter&lt;float&gt;("y_max", 1.0);
-    this-&gt;declare_parameter&lt;float&gt;("path_length", 2.0);
-    this-&gt;declare_parameter&lt;float&gt;("path_step", 0.1);
-    this-&gt;declare_parameter&lt;float&gt;("min_row_separation", 0.3);
-    this-&gt;declare_parameter&lt;float&gt;("max_row_separation", 3.0);
-    this-&gt;declare_parameter&lt;float&gt;("max_line_slope", 5.0);
-    this-&gt;declare_parameter&lt;float&gt;("plants_ahead_x", 0.5);
-    this-&gt;declare_parameter&lt;float&gt;("robust_fit_residual_threshold", 0.12);
-    this-&gt;declare_parameter&lt;float&gt;("section_width", 0.25);
-    this-&gt;declare_parameter&lt;int&gt;("min_section_points", 3);
-    this-&gt;declare_parameter&lt;float&gt;("platform_width", 0.30);
-    this-&gt;declare_parameter&lt;float&gt;("desired_row_separation", 0.8);
-    this-&gt;declare_parameter&lt;float&gt;("segmented_center_weight", 0.0);
-    this-&gt;declare_parameter&lt;float&gt;("segmented_boundary_weight", 0.0);
-    this-&gt;declare_parameter&lt;float&gt;("innermost_bin_width", 0.20);
-    this-&gt;declare_parameter&lt;float&gt;("innermost_row_band_width", 0.18);
-    this-&gt;declare_parameter&lt;float&gt;("innermost_quantile", 0.20);
-    this-&gt;declare_parameter&lt;int&gt;("min_innermost_seeds", 4);
-    this-&gt;declare_parameter&lt;float&gt;("max_row_alignment_yaw", 0.75);
-    this-&gt;declare_parameter&lt;float&gt;("line_filter_alpha", 0.25);
-    this-&gt;declare_parameter&lt;float&gt;("max_line_lateral_jump", 0.18);
-    this-&gt;declare_parameter&lt;float&gt;("max_row_width_jump", 0.25);
-    this-&gt;declare_parameter&lt;float&gt;("max_row_yaw_jump", 0.45);
-    this-&gt;declare_parameter&lt;int&gt;("max_line_lost_frames", 30);
-    this-&gt;declare_parameter&lt;float&gt;("line_fit_x_min", 0.20);
-    this-&gt;declare_parameter&lt;bool&gt;("use_simple_inner_row_mode", true);
-    this-&gt;declare_parameter&lt;bool&gt;("use_row_yaw_estimation", true);
-    this-&gt;declare_parameter&lt;bool&gt;("use_parallel_row_model", true);
-    this-&gt;declare_parameter&lt;bool&gt;("enable_innermost_row_extraction", true);
-    this-&gt;declare_parameter&lt;bool&gt;("enable_robust_refinement", true);
-    this-&gt;declare_parameter&lt;bool&gt;("enable_temporal_tracking", true);
-    this-&gt;declare_parameter&lt;bool&gt;("enable_quality_evaluation", true);
-    this-&gt;declare_parameter&lt;float&gt;("plant_safety_clearance", 0.10);
-    this-&gt;declare_parameter&lt;float&gt;("quality_support_weight", 0.30);
-    this-&gt;declare_parameter&lt;float&gt;("quality_observation_weight", 0.20);
-    this-&gt;declare_parameter&lt;float&gt;("quality_width_weight", 0.20);
-    this-&gt;declare_parameter&lt;float&gt;("quality_residual_weight", 0.15);
-    this-&gt;declare_parameter&lt;float&gt;("quality_safety_weight", 0.15);
-    this-&gt;declare_parameter&lt;float&gt;("quality_observation_fallback_score", 0.45);
-    this-&gt;declare_parameter&lt;std::string&gt;("base_frame", "base_link");
-    this-&gt;declare_parameter&lt;std::string&gt;("output_frame", "odom");
-    this-&gt;declare_parameter&lt;int&gt;("time_window_size", 1);
-    this-&gt;declare_parameter&lt;float&gt;("spatial_smooth_weight", 0.7);
-    this-&gt;declare_parameter&lt;float&gt;("outlier_threshold", 2.0);
-    this-&gt;declare_parameter&lt;float&gt;("lateral_cluster_eps", 0.1);
-    this-&gt;declare_parameter&lt;int&gt;("min_cluster_size", 10);
-    this-&gt;declare_parameter&lt;bool&gt;("adaptive_lateral_threshold", false);
-    this-&gt;declare_parameter&lt;float&gt;("gap_multiplier", 2.0);
-    this-&gt;declare_parameter&lt;bool&gt;("enable_headland_detection", true);
-    this-&gt;declare_parameter&lt;float&gt;("headland_low_confidence_threshold", 0.35);
-    this-&gt;declare_parameter&lt;int&gt;("headland_min_side_points", 80);
-    this-&gt;declare_parameter&lt;int&gt;("headland_min_path_points", 5);
-    this-&gt;declare_parameter&lt;int&gt;("headland_candidate_frames", 6);
-
-    // get parameters
-    this-&gt;get_parameter("z_min", z_min_);
-    this-&gt;get_parameter("z_max", z_max_);
-    this-&gt;get_parameter("voxel_size", voxel_size_);
-    this-&gt;get_parameter("x_min", x_min_);
-    this-&gt;get_parameter("x_max", x_max_);
-    this-&gt;get_parameter("y_min", y_min_);
-    this-&gt;get_parameter("y_max", y_max_);
-    this-&gt;get_parameter("path_length", path_length_);
-    this-&gt;get_parameter("path_step", path_step_);
-    this-&gt;get_parameter("min_row_separation", min_row_separation_);
-    this-&gt;get_parameter("max_row_separation", max_row_separation_);
-    this-&gt;get_parameter("max_line_slope", max_line_slope_);
-    this-&gt;get_parameter("plants_ahead_x", plants_ahead_x_);
-    this-&gt;get_parameter("robust_fit_residual_threshold", robust_fit_residual_threshold_);
-    this-&gt;get_parameter("section_width", section_width_);
-    this-&gt;get_parameter("min_section_points", min_section_points_);
-    this-&gt;get_parameter("platform_width", platform_width_);
-    this-&gt;get_parameter("desired_row_separation", desired_row_separation_);
-    this-&gt;get_parameter("segmented_center_weight", segmented_center_weight_);
-    this-&gt;get_parameter("segmented_boundary_weight", segmented_boundary_weight_);
-    this-&gt;get_parameter("innermost_bin_width", innermost_bin_width_);
-    this-&gt;get_parameter("innermost_row_band_width", innermost_row_band_width_);
-    this-&gt;get_parameter("innermost_quantile", innermost_quantile_);
-    this-&gt;get_parameter("min_innermost_seeds", min_innermost_seeds_);
-    this-&gt;get_parameter("max_row_alignment_yaw", max_row_alignment_yaw_);
-    this-&gt;get_parameter("line_filter_alpha", line_filter_alpha_);
-    this-&gt;get_parameter("max_line_lateral_jump", max_line_lateral_jump_);
-    this-&gt;get_parameter("max_row_width_jump", max_row_width_jump_);
-    this-&gt;get_parameter("max_row_yaw_jump", max_row_yaw_jump_);
-    this-&gt;get_parameter("max_line_lost_frames", max_line_lost_frames_);
-    this-&gt;get_parameter("line_fit_x_min", line_fit_x_min_);
-    this-&gt;get_parameter("use_simple_inner_row_mode", use_simple_inner_row_mode_);
-    this-&gt;get_parameter("use_row_yaw_estimation", use_row_yaw_estimation_);
-    this-&gt;get_parameter("use_parallel_row_model", use_parallel_row_model_);
-    this-&gt;get_parameter("enable_innermost_row_extraction", enable_innermost_row_extraction_);
-    this-&gt;get_parameter("enable_robust_refinement", enable_robust_refinement_);
-    this-&gt;get_parameter("enable_temporal_tracking", enable_temporal_tracking_);
-    this-&gt;get_parameter("enable_quality_evaluation", enable_quality_evaluation_);
-    this-&gt;get_parameter("plant_safety_clearance", plant_safety_clearance_);
-    this-&gt;get_parameter("quality_support_weight", quality_support_weight_);
-    this-&gt;get_parameter("quality_observation_weight", quality_observation_weight_);
-    this-&gt;get_parameter("quality_width_weight", quality_width_weight_);
-    this-&gt;get_parameter("quality_residual_weight", quality_residual_weight_);
-    this-&gt;get_parameter("quality_safety_weight", quality_safety_weight_);
-    this-&gt;get_parameter("quality_observation_fallback_score", quality_observation_fallback_score_);
-    this-&gt;get_parameter("base_frame", base_frame_);
-    this-&gt;get_parameter("output_frame", output_frame_);
-    this-&gt;get_parameter("time_window_size", time_window_size_);
-    this-&gt;get_parameter("spatial_smooth_weight", spatial_smooth_weight_);
-    this-&gt;get_parameter("outlier_threshold", outlier_threshold_);
-    this-&gt;get_parameter("lateral_cluster_eps", lateral_cluster_eps_);
-    this-&gt;get_parameter("min_cluster_size", min_cluster_size_);
-    this-&gt;get_parameter("adaptive_lateral_threshold", adaptive_lateral_threshold_);
-    this-&gt;get_parameter("gap_multiplier", gap_multiplier_);
-    this-&gt;get_parameter("enable_headland_detection", enable_headland_detection_);
-    this-&gt;get_parameter("headland_low_confidence_threshold", headland_low_confidence_threshold_);
-    this-&gt;get_parameter("headland_min_side_points", headland_min_side_points_);
-    this-&gt;get_parameter("headland_min_path_points", headland_min_path_points_);
-    this-&gt;get_parameter("headland_candidate_frames", headland_candidate_frames_);
-
-    quality_support_weight_ = std::max(0.0f, quality_support_weight_);
-    quality_observation_weight_ = std::max(0.0f, quality_observation_weight_);
-    quality_width_weight_ = std::max(0.0f, quality_width_weight_);
-    quality_residual_weight_ = std::max(0.0f, quality_residual_weight_);
-    quality_safety_weight_ = std::max(0.0f, quality_safety_weight_);
-    const float quality_weight_sum =
-        quality_support_weight_ + quality_observation_weight_ +
-        quality_width_weight_ + quality_residual_weight_ +
-        quality_safety_weight_;
-    if (quality_weight_sum &lt; 1e-6f)
-    {
-        quality_support_weight_ = 0.30f;
-        quality_observation_weight_ = 0.20f;
-        quality_width_weight_ = 0.20f;
-        quality_residual_weight_ = 0.15f;
-        quality_safety_weight_ = 0.15f;
-        RCLCPP_WARN(this-&gt;get_logger(), "All quality weights were zero; restored defaults");
-    }
-    else
-    {
-        quality_support_weight_ /= quality_weight_sum;
-        quality_observation_weight_ /= quality_weight_sum;
-        quality_width_weight_ /= quality_weight_sum;
-        quality_residual_weight_ /= quality_weight_sum;
-        quality_safety_weight_ /= quality_weight_sum;
-    }
-    quality_observation_fallback_score_ =
-        std::clamp(quality_observation_fallback_score_, 0.0f, 1.0f);
-    plant_safety_clearance_ = std::max(0.0f, plant_safety_clearance_);
-
-    if (path_step_ &lt;= 0.0f)
-    {
-        RCLCPP_WARN(this-&gt;get_logger(), "path_step must be positive; reset to 0.1");
-        path_step_ = 0.1f;
-    }
-    if (path_length_ &lt;= 0.0f)
-    {
-        RCLCPP_WARN(this-&gt;get_logger(), "path_length must be positive; reset to 2.0");
-        path_length_ = 2.0f;
-    }
-    if (x_max_ &lt;= x_min_)
-    {
-        RCLCPP_WARN(this-&gt;get_logger(), "x_max must be greater than x_min; reset ROI x range to [0.0, 2.0]");
-        x_min_ = 0.0f;
-        x_max_ = 2.0f;
-    }
-    if (y_max_ &lt;= y_min_)
-    {
-        RCLCPP_WARN(this-&gt;get_logger(), "y_max must be greater than y_min; reset ROI y range to [-1.0, 1.0]");
-        y_min_ = -1.0f;
-        y_max_ = 1.0f;
-    }
-    if (section_width_ &lt;= 0.0f)
-    {
-        RCLCPP_WARN(this-&gt;get_logger(), "section_width must be positive; reset to 0.25");
-        section_width_ = 0.25f;
-    }
-    if (min_section_points_ &lt; 1)
-    {
-        RCLCPP_WARN(this-&gt;get_logger(), "min_section_points must be at least 1; reset to 3");
-        min_section_points_ = 3;
-    }
-    if (desired_row_separation_ &lt;= 0.0f)
-    {
-        desired_row_separation_ = (min_row_separation_ + max_row_separation_) * 0.5f;
-    }
-    segmented_center_weight_ = std::clamp(segmented_center_weight_, 0.0f, 1.0f);
-    segmented_boundary_weight_ = std::clamp(segmented_boundary_weight_, 0.0f, 1.0f);
-    if (innermost_bin_width_ &lt;= 0.0f)
-    {
-        RCLCPP_WARN(this-&gt;get_logger(), "innermost_bin_width must be positive; reset to 0.20");
-        innermost_bin_width_ = 0.20f;
-    }
-    if (innermost_row_band_width_ &lt;= 0.0f)
-    {
-        RCLCPP_WARN(this-&gt;get_logger(), "innermost_row_band_width must be positive; reset to 0.18");
-        innermost_row_band_width_ = 0.18f;
-    }
-    innermost_quantile_ = std::clamp(innermost_quantile_, 0.0f, 0.5f);
-    if (min_innermost_seeds_ &lt; 2)
-    {
-        min_innermost_seeds_ = 2;
-    }
-    if (max_row_alignment_yaw_ &lt;= 0.0f)
-    {
-        max_row_alignment_yaw_ = 0.75f;
-    }
-    line_filter_alpha_ = std::clamp(line_filter_alpha_, 0.0f, 1.0f);
-    if (max_line_lateral_jump_ &lt;= 0.0f)
-    {
-        max_line_lateral_jump_ = 0.18f;
-    }
-    if (max_row_width_jump_ &lt;= 0.0f)
-    {
-        max_row_width_jump_ = 0.25f;
-    }
-    if (max_row_yaw_jump_ &lt;= 0.0f)
-    {
-        max_row_yaw_jump_ = 0.45f;
-    }
-    if (max_line_lost_frames_ &lt; 0)
-    {
-        max_line_lost_frames_ = 30;
-    }
-    if (line_fit_x_min_ &lt; 0.0f)
-    {
-        line_fit_x_min_ = 0.0f;
-    }
-    headland_low_confidence_threshold_ = std::clamp(headland_low_confidence_threshold_, 0.0f, 1.0f);
-    if (headland_min_side_points_ &lt; 0)
-    {
-        headland_min_side_points_ = 0;
-    }
-    if (headland_min_path_points_ &lt; 0)
-    {
-        headland_min_path_points_ = 0;
-    }
-    if (headland_candidate_frames_ &lt; 1)
-    {
-        headland_candidate_frames_ = 1;
-    }
+CornRowDetectorProjection::CornRowDetectorProjection()
+: Node("corn_row_detector_projection")
+{
+  const auto point_cloud_topic =
+    this-&gt;declare_parameter&lt;std::string&gt;("point_cloud_topic", "/livox/lidar");
+  // create subscribers and publishers
+  point_cloud_sub_ = this-&gt;create_subscription&lt;sensor_msgs::msg::PointCloud2&gt;(
+    point_cloud_topic, 10,
+    std::bind(&amp;CornRowDetectorProjection::point_cloud_callback, this, std::placeholders::_1));
+  navigation_mode_sub_ = this-&gt;create_subscription&lt;std_msgs::msg::String&gt;(
+    "/navigation_mode", 10,
+    std::bind(&amp;CornRowDetectorProjection::navigation_mode_callback, this, std::placeholders::_1));
+  point_cloud_pub_ = this-&gt;create_publisher&lt;sensor_msgs::msg::PointCloud2&gt;(
+    "point_cloud_projected",
+    10);
+  left_row_pub_ = this-&gt;create_publisher&lt;sensor_msgs::msg::PointCloud2&gt;("left_row_points", 10);
+  right_row_pub_ = this-&gt;create_publisher&lt;sensor_msgs::msg::PointCloud2&gt;("right_row_points", 10);
+  center_line_pub_ = this-&gt;create_publisher&lt;nav_msgs::msg::Path&gt;("corn_row_center_line", 10);
+  center_line_viz_pub_ =
+    this-&gt;create_publisher&lt;nav_msgs::msg::Path&gt;("corn_row_center_line_viz", 10);
+  left_boundary_pub_ =
+    this-&gt;create_publisher&lt;nav_msgs::msg::Path&gt;("under_canopy_left_boundary", 10);
+  right_boundary_pub_ = this-&gt;create_publisher&lt;nav_msgs::msg::Path&gt;(
+    "under_canopy_right_boundary",
+    10);
+  corridor_width_pub_ = this-&gt;create_publisher&lt;std_msgs::msg::Float32&gt;("corridor_width", 10);
+  corridor_safety_margin_pub_ = this-&gt;create_publisher&lt;std_msgs::msg::Float32&gt;(
+    "corridor_safety_margin", 10);
+  corridor_error_budget_pub_ = this-&gt;create_publisher&lt;std_msgs::msg::Float32&gt;(
+    "corridor_error_budget", 10);
+  corridor_confidence_pub_ = this-&gt;create_publisher&lt;std_msgs::msg::Float32&gt;(
+    "corridor_confidence",
+    10);
+  detection_diagnostics_pub_ = this-&gt;create_publisher&lt;std_msgs::msg::Float32MultiArray&gt;(
+    "centerline_detection_diagnostics", 10);
[...]
+
+  // 5. 计算角速度（曲率 * 线速度）
+  double angular_vel = current_linear_vel_ * curvature;
+  angular_vel = std::clamp(angular_vel, -max_angular_speed_, max_angular_speed_);
+
+  // 6. 计算线速度（弯道减速）
+  double linear_speed;
+  if (std::abs(angular_vel) &lt; 0.2) {    // 小转弯不减速
+    linear_speed = max_linear_speed_;
+  } else {
+    // 角速度越大，速度越低（保留基础速度）
+    linear_speed = max_linear_speed_ *
+      (1.0 - curve_decay_gain_ * std::abs(angular_vel) / max_angular_speed_);
+  }
+  linear_speed = std::max(linear_speed, min_linear_speed_);    // 不低于最小速度
+
+  // 7. 赋值控制指令
+  cmd_vel.linear.x = linear_speed;
+  cmd_vel.angular.z = angular_vel;
+
+  // 调试日志
+  RCLCPP_DEBUG(
+    this-&gt;get_logger(),
+    "前视距离: %.2f, 横向偏差: %.2f, 线速度: %.2f, 角速度: %.2f",
+    std::hypot(dx, dy), lateral_error, linear_speed, angular_vel);
+
+  return cmd_vel;
+}

Code style divergence in file 'src/test_path_publisher.cpp':

--- src/test_path_publisher.cpp
+++ src/test_path_publisher.cpp.uncrustify
@@ -24,42 +24,44 @@
-    TestPathPublisher() : Node("test_path_publisher")
-    {
-        profile_ = declare_parameter&lt;std::string&gt;("profile", "straight_half_circle");
-        topic_ = declare_parameter&lt;std::string&gt;("path_topic", "/corn_row_center_line");
-        sample_spacing_ = declare_parameter&lt;double&gt;("sample_spacing", 0.05);
-        straight_length_ = declare_parameter&lt;double&gt;("straight_length", 3.0);
-        lead_in_length_ = declare_parameter&lt;double&gt;("lead_in_length", 0.60);
-        s_curve_length_ = declare_parameter&lt;double&gt;("s_curve_length", 1.80);
-        s_amplitude_ = declare_parameter&lt;double&gt;("s_amplitude", 0.20);
-        straight_before_arc_ = declare_parameter&lt;double&gt;("straight_before_arc", 1.80);
-        arc_radius_ = declare_parameter&lt;double&gt;("arc_radius", 0.25);
-        arc_angle_degrees_ = declare_parameter&lt;double&gt;("arc_angle_degrees", 180.0);
-        arc_exit_length_ = declare_parameter&lt;double&gt;("arc_exit_length", 0.20);
-        const auto arc_direction = declare_parameter&lt;std::string&gt;("arc_direction", "left");
-        arc_turn_sign_ = (arc_direction == "right") ? -1.0 : 1.0;
-        publish_period_s_ = declare_parameter&lt;double&gt;("publish_period", 0.10);
-
-        sample_spacing_ = std::max(0.02, sample_spacing_);
-        straight_length_ = std::max(0.30, straight_length_);
-        lead_in_length_ = std::max(0.0, lead_in_length_);
-        s_curve_length_ = std::max(0.20, s_curve_length_);
-        s_amplitude_ = std::max(0.0, s_amplitude_);
-        straight_before_arc_ = std::max(0.20, straight_before_arc_);
-        arc_radius_ = std::max(0.05, arc_radius_);
-        arc_angle_degrees_ = std::clamp(arc_angle_degrees_, 10.0, 180.0);
-        arc_exit_length_ = std::max(0.0, arc_exit_length_);
-        publish_period_s_ = std::max(0.02, publish_period_s_);
-
-        auto qos = rclcpp::QoS(rclcpp::KeepLast(1)).reliable().transient_local();
-        path_pub_ = create_publisher&lt;nav_msgs::msg::Path&gt;(topic_, qos);
-        odom_sub_ = create_subscription&lt;nav_msgs::msg::Odometry&gt;(
-            "/odometry/filtered", 10,
-            std::bind(&amp;TestPathPublisher::odom_callback, this, std::placeholders::_1));
-        timer_ = create_wall_timer(
-            std::chrono::duration_cast&lt;std::chrono::milliseconds&gt;(
-                std::chrono::duration&lt;double&gt;(publish_period_s_)),
-            std::bind(&amp;TestPathPublisher::publish_path, this));
-
-        RCLCPP_INFO(get_logger(),
-                    "等待 /odometry/filtered 以固定测试路径：profile=%s, topic=%s",
-                    profile_.c_str(), topic_.c_str());
-    }
+  TestPathPublisher()
+  : Node("test_path_publisher")
+  {
+    profile_ = declare_parameter&lt;std::string&gt;("profile", "straight_half_circle");
+    topic_ = declare_parameter&lt;std::string&gt;("path_topic", "/corn_row_center_line");
+    sample_spacing_ = declare_parameter&lt;double&gt;("sample_spacing", 0.05);
+    straight_length_ = declare_parameter&lt;double&gt;("straight_length", 3.0);
+    lead_in_length_ = declare_parameter&lt;double&gt;("lead_in_length", 0.60);
+    s_curve_length_ = declare_parameter&lt;double&gt;("s_curve_length", 1.80);
+    s_amplitude_ = declare_parameter&lt;double&gt;("s_amplitude", 0.20);
+    straight_before_arc_ = declare_parameter&lt;double&gt;("straight_before_arc", 1.80);
+    arc_radius_ = declare_parameter&lt;double&gt;("arc_radius", 0.25);
+    arc_angle_degrees_ = declare_parameter&lt;double&gt;("arc_angle_degrees", 180.0);
+    arc_exit_length_ = declare_parameter&lt;double&gt;("arc_exit_length", 0.20);
+    const auto arc_direction = declare_parameter&lt;std::string&gt;("arc_direction", "left");
+    arc_turn_sign_ = (arc_direction == "right") ? -1.0 : 1.0;
+    publish_period_s_ = declare_parameter&lt;double&gt;("publish_period", 0.10);
+
+    sample_spacing_ = std::max(0.02, sample_spacing_);
+    straight_length_ = std::max(0.30, straight_length_);
+    lead_in_length_ = std::max(0.0, lead_in_length_);
+    s_curve_length_ = std::max(0.20, s_curve_length_);
+    s_amplitude_ = std::max(0.0, s_amplitude_);
+    straight_before_arc_ = std::max(0.20, straight_before_arc_);
+    arc_radius_ = std::max(0.05, arc_radius_);
+    arc_angle_degrees_ = std::clamp(arc_angle_degrees_, 10.0, 180.0);
+    arc_exit_length_ = std::max(0.0, arc_exit_length_);
+    publish_period_s_ = std::max(0.02, publish_period_s_);
+
+    auto qos = rclcpp::QoS(rclcpp::KeepLast(1)).reliable().transient_local();
+    path_pub_ = create_publisher&lt;nav_msgs::msg::Path&gt;(topic_, qos);
+    odom_sub_ = create_subscription&lt;nav_msgs::msg::Odometry&gt;(
+      "/odometry/filtered", 10,
+      std::bind(&amp;TestPathPublisher::odom_callback, this, std::placeholders::_1));
+    timer_ = create_wall_timer(
+      std::chrono::duration_cast&lt;std::chrono::milliseconds&gt;(
+        std::chrono::duration&lt;double&gt;(publish_period_s_)),
+      std::bind(&amp;TestPathPublisher::publish_path, this));
+
+    RCLCPP_INFO(
+      get_logger(),
+      "等待 /odometry/filtered 以固定测试路径：profile=%s, topic=%s",
+      profile_.c_str(), topic_.c_str());
+  }
@@ -68,5 +70,64 @@
-    void odom_callback(const nav_msgs::msg::Odometry::SharedPtr msg)
-    {
-        if (anchored_)
-        {
-            return;
+  void odom_callback(const nav_msgs::msg::Odometry::SharedPtr msg)
+  {
+    if (anchored_) {
+      return;
+    }
+
+    origin_x_ = msg-&gt;pose.pose.position.x;
+    origin_y_ = msg-&gt;pose.pose.position.y;
+    frame_id_ = msg-&gt;header.frame_id.empty() ? "odom" : msg-&gt;header.frame_id;
+
+    tf2::Quaternion q;
+    tf2::fromMsg(msg-&gt;pose.pose.orientation, q);
+    double roll = 0.0;
+    double pitch = 0.0;
+    tf2::Matrix3x3(q).getRPY(roll, pitch, origin_yaw_);
+
+    build_path();
+    anchored_ = true;
+    RCLCPP_INFO(
+      get_logger(),
+      "测试路径已固定在 odom=(%.2f, %.2f, %.1f deg)，共 %zu 点，终点距起点 %.2f m",
+      origin_x_, origin_y_, origin_yaw_ * 180.0 / kPi,
+      path_.poses.size(), path_length_);
+  }
+
+  void build_path()
+  {
+    path_.header.frame_id = frame_id_;
+    path_.poses.clear();
+    if (profile_ == "straight") {
+      path_length_ = straight_length_;
+    } else if (profile_ == "straight_arc" || profile_ == "straight_half_circle") {
+      path_length_ = straight_before_arc_ +
+        arc_radius_ * arc_angle_degrees_ * kPi / 180.0 + arc_exit_length_;
+    } else {
+      path_length_ = 2.0 * lead_in_length_ + s_curve_length_;
+    }
+
+    const std::size_t samples = static_cast&lt;std::size_t&gt;(std::ceil(path_length_ / sample_spacing_));
+    for (std::size_t i = 0; i &lt;= samples; ++i) {
+      const double local_x = std::min(path_length_, static_cast&lt;double&gt;(i) * sample_spacing_);
+      double local_y = 0.0;
+      double path_x = local_x;
+      double dy_dx = 0.0;
+      double local_heading = 0.0;
+
+      if (profile_ == "straight_arc" || profile_ == "straight_half_circle") {
+        const double arc_angle = arc_angle_degrees_ * kPi / 180.0;
+        const double arc_length = arc_radius_ * arc_angle;
+        if (local_x &lt;= straight_before_arc_) {
+          path_x = local_x;
+        } else if (local_x &lt;= straight_before_arc_ + arc_length) {
+          const double angle = (local_x - straight_before_arc_) / arc_radius_;
+          path_x = straight_before_arc_ + arc_radius_ * std::sin(angle);
+          local_y = arc_turn_sign_ * arc_radius_ * (1.0 - std::cos(angle));
+          local_heading = arc_turn_sign_ * angle;
+        } else {
+          const double exit_distance = local_x - straight_before_arc_ - arc_length;
+          path_x = straight_before_arc_ + arc_radius_ * std::sin(arc_angle) +
+            exit_distance * std::cos(arc_angle);
+          local_y = arc_turn_sign_ * (
+            arc_radius_ * (1.0 - std::cos(arc_angle)) +
+            exit_distance * std::sin(arc_angle));
+          local_heading = arc_turn_sign_ * arc_angle;
@@ -74,139 +135,65 @@
-
-        origin_x_ = msg-&gt;pose.pose.position.x;
-        origin_y_ = msg-&gt;pose.pose.position.y;
-        frame_id_ = msg-&gt;header.frame_id.empty() ? "odom" : msg-&gt;header.frame_id;
-
-        tf2::Quaternion q;
-        tf2::fromMsg(msg-&gt;pose.pose.orientation, q);
-        double roll = 0.0;
-        double pitch = 0.0;
-        tf2::Matrix3x3(q).getRPY(roll, pitch, origin_yaw_);
-
-        build_path();
-        anchored_ = true;
-        RCLCPP_INFO(get_logger(),
-                    "测试路径已固定在 odom=(%.2f, %.2f, %.1f deg)，共 %zu 点，终点距起点 %.2f m",
-                    origin_x_, origin_y_, origin_yaw_ * 180.0 / kPi,
-                    path_.poses.size(), path_length_);
-    }
-
-    void build_path()
-    {
-        path_.header.frame_id = frame_id_;
-        path_.poses.clear();
-        if (profile_ == "straight")
-        {
-            path_length_ = straight_length_;
-        }
-        else if (profile_ == "straight_arc" || profile_ == "straight_half_circle")
-        {
-            path_length_ = straight_before_arc_ +
-                arc_radius_ * arc_angle_degrees_ * kPi / 180.0 + arc_exit_length_;
-        }
-        else
-        {
-            path_length_ = 2.0 * lead_in_length_ + s_curve_length_;
-        }
-
-        const std::size_t samples = static_cast&lt;std::size_t&gt;(std::ceil(path_length_ / sample_spacing_));
-        for (std::size_t i = 0; i &lt;= samples; ++i)
-        {
-            const double local_x = std::min(path_length_, static_cast&lt;double&gt;(i) * sample_spacing_);
-            double local_y = 0.0;
-            double path_x = local_x;
-            double dy_dx = 0.0;
-            double local_heading = 0.0;
-
-            if (profile_ == "straight_arc" || profile_ == "straight_half_circle")
-            {
-                const double arc_angle = arc_angle_degrees_ * kPi / 180.0;
-                const double arc_length = arc_radius_ * arc_angle;
-                if (local_x &lt;= straight_before_arc_)
-                {
-                    path_x = local_x;
-                }
-                else if (local_x &lt;= straight_before_arc_ + arc_length)
-                {
-                    const double angle = (local_x - straight_before_arc_) / arc_radius_;
-                    path_x = straight_before_arc_ + arc_radius_ * std::sin(angle);
-                    local_y = arc_turn_sign_ * arc_radius_ * (1.0 - std::cos(angle));
-                    local_heading = arc_turn_sign_ * angle;
-                }
-                else
-                {
-                    const double exit_distance = local_x - straight_before_arc_ - arc_length;
-                    path_x = straight_before_arc_ + arc_radius_ * std::sin(arc_angle) +
-                        exit_distance * std::cos(arc_angle);
-                    local_y = arc_turn_sign_ * (
-                        arc_radius_ * (1.0 - std::cos(arc_angle)) +
-                        exit_distance * std::sin(arc_angle));
-                    local_heading = arc_turn_sign_ * arc_angle;
-                }
-            }
-            else if ((profile_ == "gentle_s" || profile_ == "s_curve") &amp;&amp;
-                local_x &gt;= lead_in_length_ &amp;&amp;
-                local_x &lt;= lead_in_length_ + s_curve_length_)
-            {
-                // sin^3 在接入和退出处的横向位移、切线都为零，避免折线突变。
-                const double t = (local_x - lead_in_length_) / s_curve_length_;
-                const double phase = 2.0 * kPi * t;
-                const double s = std::sin(phase);
-                local_y = s_amplitude_ * s * s * s;
-                dy_dx = s_amplitude_ * 3.0 * s * s * std::cos(phase) *
-                            (2.0 * kPi / s_curve_length_);
-                local_heading = std::atan(dy_dx);
-            }
-
-            geometry_msgs::msg::PoseStamped pose;
-            pose.header.frame_id = frame_id_;
-            const double c = std::cos(origin_yaw_);
-            const double s = std::sin(origin_yaw_);
-            pose.pose.position.x = origin_x_ + c * path_x - s * local_y;
-            pose.pose.position.y = origin_y_ + s * path_x + c * local_y;
-            pose.pose.position.z = 0.0;
-
-            tf2::Quaternion q;
-            q.setRPY(0.0, 0.0, origin_yaw_ + local_heading);
-            pose.pose.orientation = tf2::toMsg(q);
-            path_.poses.push_back(pose);
-        }
-    }
-
-    void publish_path()
-    {
-        if (!anchored_)
-        {
-            return;
-        }
-        path_.header.stamp = now();
-        for (auto &amp;pose : path_.poses)
-        {
-            pose.header.stamp = path_.header.stamp;
-        }
-        path_pub_-&gt;publish(path_);
-    }
-
-    std::string profile_;
-    std::string topic_;
-    std::string frame_id_{"odom"};
-    double sample_spacing_{};
-    double straight_length_{};
-    double lead_in_length_{};
-    double s_curve_length_{};
-    double s_amplitude_{};
-    double straight_before_arc_{};
-    double arc_radius_{};
-    double arc_angle_degrees_{};
-    double arc_exit_length_{};
-    double arc_turn_sign_{};
-    double publish_period_s_{};
-    double origin_x_{};
-    double origin_y_{};
-    double origin_yaw_{};
-    double path_length_{};
-    bool anchored_{false};
-
-    nav_msgs::msg::Path path_;
-    rclcpp::Publisher&lt;nav_msgs::msg::Path&gt;::SharedPtr path_pub_;
-    rclcpp::Subscription&lt;nav_msgs::msg::Odometry&gt;::SharedPtr odom_sub_;
-    rclcpp::TimerBase::SharedPtr timer_;
+      } else if ((profile_ == "gentle_s" || profile_ == "s_curve") &amp;&amp;
+        local_x &gt;= lead_in_length_ &amp;&amp;
+        local_x &lt;= lead_in_length_ + s_curve_length_)
+      {
+        // sin^3 在接入和退出处的横向位移、切线都为零，避免折线突变。
+        const double t = (local_x - lead_in_length_) / s_curve_length_;
+        const double phase = 2.0 * kPi * t;
+        const double s = std::sin(phase);
+        local_y = s_amplitude_ * s * s * s;
+        dy_dx = s_amplitude_ * 3.0 * s * s * std::cos(phase) *
+          (2.0 * kPi / s_curve_length_);
+        local_heading = std::atan(dy_dx);
+      }
+
+      geometry_msgs::msg::PoseStamped pose;
+      pose.header.frame_id = frame_id_;
+      const double c = std::cos(origin_yaw_);
+      const double s = std::sin(origin_yaw_);
+      pose.pose.position.x = origin_x_ + c * path_x - s * local_y;
+      pose.pose.position.y = origin_y_ + s * path_x + c * local_y;
+      pose.pose.position.z = 0.0;
+
+      tf2::Quaternion q;
+      q.setRPY(0.0, 0.0, origin_yaw_ + local_heading);
+      pose.pose.orientation = tf2::toMsg(q);
+      path_.poses.push_back(pose);
+    }
+  }
+
+  void publish_path()
+  {
+    if (!anchored_) {
+      return;
+    }
+    path_.header.stamp = now();
+    for (auto &amp; pose : path_.poses) {
+      pose.header.stamp = path_.header.stamp;
+    }
+    path_pub_-&gt;publish(path_);
+  }
+
+  std::string profile_;
+  std::string topic_;
+  std::string frame_id_{"odom"};
+  double sample_spacing_{};
+  double straight_length_{};
+  double lead_in_length_{};
+  double s_curve_length_{};
+  double s_amplitude_{};
+  double straight_before_arc_{};
+  double arc_radius_{};
+  double arc_angle_degrees_{};
+  double arc_exit_length_{};
+  double arc_turn_sign_{};
+  double publish_period_s_{};
+  double origin_x_{};
+  double origin_y_{};
+  double origin_yaw_{};
+  double path_length_{};
+  bool anchored_{false};
+
+  nav_msgs::msg::Path path_;
+  rclcpp::Publisher&lt;nav_msgs::msg::Path&gt;::SharedPtr path_pub_;
+  rclcpp::Subscription&lt;nav_msgs::msg::Odometry&gt;::SharedPtr odom_sub_;
+  rclcpp::TimerBase::SharedPtr timer_;
@@ -215 +202 @@
-int main(int argc, char *argv[])
+int main(int argc, char * argv[])
@@ -217,4 +204,4 @@
-    rclcpp::init(argc, argv);
-    rclcpp::spin(std::make_shared&lt;TestPathPublisher&gt;());
-    rclcpp::shutdown();
-    return 0;
+  rclcpp::init(argc, argv);
+  rclcpp::spin(std::make_shared&lt;TestPathPublisher&gt;());
+  rclcpp::shutdown();
+  return 0;

10 files with code style divergence
-- run_test.py: return code 1
-- run_test.py: verify result file '/home/wheeltec/agribot/agribot_ws/build/centerline_extraction/test_results/centerline_extraction/uncrustify.xunit.xml'
</Value>
				</Measurement>
			</Results>
			<Labels>
				<Label>linter</Label>
				<Label>uncrustify</Label>
			</Labels>
		</Test>
		<Test Status="passed">
			<Name>xmllint</Name>
			<Path>.</Path>
			<FullName>./xmllint</FullName>
			<FullCommandLine>/usr/bin/python3 "-u" "/opt/ros/humble/share/ament_cmake_test/cmake/run_test.py" "/home/wheeltec/agribot/agribot_ws/build/centerline_extraction/test_results/centerline_extraction/xmllint.xunit.xml" "--package-name" "centerline_extraction" "--output-file" "/home/wheeltec/agribot/agribot_ws/build/centerline_extraction/ament_xmllint/xmllint.txt" "--command" "/opt/ros/humble/bin/ament_xmllint" "--xunit-file" "/home/wheeltec/agribot/agribot_ws/build/centerline_extraction/test_results/centerline_extraction/xmllint.xunit.xml"</FullCommandLine>
			<Results>
				<NamedMeasurement type="numeric/double" name="Execution Time">
					<Value>2.15837</Value>
				</NamedMeasurement>
				<NamedMeasurement type="numeric/double" name="Processors">
					<Value>1</Value>
				</NamedMeasurement>
				<NamedMeasurement type="text/string" name="Completion Status">
					<Value>Completed</Value>
				</NamedMeasurement>
				<NamedMeasurement type="text/string" name="Command Line">
					<Value>/usr/bin/python3 "-u" "/opt/ros/humble/share/ament_cmake_test/cmake/run_test.py" "/home/wheeltec/agribot/agribot_ws/build/centerline_extraction/test_results/centerline_extraction/xmllint.xunit.xml" "--package-name" "centerline_extraction" "--output-file" "/home/wheeltec/agribot/agribot_ws/build/centerline_extraction/ament_xmllint/xmllint.txt" "--command" "/opt/ros/humble/bin/ament_xmllint" "--xunit-file" "/home/wheeltec/agribot/agribot_ws/build/centerline_extraction/test_results/centerline_extraction/xmllint.xunit.xml"</Value>
				</NamedMeasurement>
				<NamedMeasurement type="text/string" name="Environment">
					<Value>#CTEST_RESOURCE_GROUP_COUNT=</Value>
				</NamedMeasurement>
				<Measurement>
					<Value>-- run_test.py: invoking following command in '/home/wheeltec/agribot/agribot_ws/src/centerline_extraction':
 - /opt/ros/humble/bin/ament_xmllint --xunit-file /home/wheeltec/agribot/agribot_ws/build/centerline_extraction/test_results/centerline_extraction/xmllint.xunit.xml
File 'package.xml' is valid

No problems found
-- run_test.py: return code 0
-- run_test.py: verify result file '/home/wheeltec/agribot/agribot_ws/build/centerline_extraction/test_results/centerline_extraction/xmllint.xunit.xml'
</Value>
				</Measurement>
			</Results>
			<Labels>
				<Label>linter</Label>
				<Label>xmllint</Label>
			</Labels>
		</Test>
		<EndDateTime>Jul 27 11:12 CST</EndDateTime>
		<EndTestTime>1785121941</EndTestTime>
		<ElapsedMinutes>0</ElapsedMinutes>
	</Testing>
</Site>
