<?xml version="1.0" encoding="utf-8"?><testsuites><testsuite name="pytest" errors="0" failures="0" skipped="0" tests="5" time="0.067" timestamp="2026-07-26T18:10:42.728683" hostname="wheeltec"><testcase classname="centerline_extraction.src.centerline_extraction.test.test_field_analysis" name="test_spearman_has_expected_direction" time="0.002" /><testcase classname="centerline_extraction.src.centerline_extraction.test.test_field_analysis" name="test_risk_scores_give_perfect_auc" time="0.001" /><testcase classname="centerline_extraction.src.centerline_extraction.test.test_field_analysis" name="test_error_metrics_include_tail_and_jitter" time="0.001" /><testcase classname="centerline_extraction.src.centerline_extraction.test.test_field_analysis" name="test_single_weight_sensitivity_generates_all_variants" time="0.002" /><testcase classname="centerline_extraction.src.centerline_extraction.test.test_field_analysis" name="test_manual_completion_annotation_is_counted" time="0.001" /></testsuite></testsuites>