<?xml version="1.0" encoding="utf-8"?><testsuites><testsuite name="pytest" errors="0" failures="0" skipped="0" tests="8" time="0.048" timestamp="2026-07-27T15:54:05.064046" hostname="wheeltec"><testcase classname="centerline_extraction.src.centerline_extraction.test.test_field_analysis" name="test_spearman_has_expected_direction" time="0.001" /><testcase classname="centerline_extraction.src.centerline_extraction.test.test_field_analysis" name="test_risk_scores_give_perfect_auc" time="0.001" /><testcase classname="centerline_extraction.src.centerline_extraction.test.test_field_analysis" name="test_error_metrics_include_tail_and_jitter" time="0.001" /><testcase classname="centerline_extraction.src.centerline_extraction.test.test_field_analysis" name="test_single_weight_sensitivity_generates_all_variants" time="0.001" /><testcase classname="centerline_extraction.src.centerline_extraction.test.test_field_analysis" name="test_manual_completion_annotation_is_counted" time="0.001" /><testcase classname="centerline_extraction.src.centerline_extraction.test.test_field_analysis" name="test_perception_error_uses_local_path_and_independent_truth" time="0.001" /><testcase classname="centerline_extraction.src.centerline_extraction.test.test_field_analysis" name="test_truth_alignment_uses_each_station_once" time="0.001" /><testcase classname="centerline_extraction.src.centerline_extraction.test.test_field_analysis" name="test_cross_section_conversion_derives_local_row_truth" time="0.001" /></testsuite></testsuites>