<?xml version="1.0" encoding="UTF-8"?>
<Site BuildName="(empty)"
	BuildStamp="20260723-1256-Experimental"
	Name="wheeltec"
	Generator="ctest-3.22.1"
	CompilerName="/usr/bin/c++"
	CompilerVersion="11.4.0"
	OSName="Linux"
	Hostname="wheeltec"
	OSRelease="5.15.148-tegra"
	OSVersion="#1 SMP PREEMPT Thu Sep 18 15:08:33 PDT 2025"
	OSPlatform="aarch64"
	Is64Bits="1"
	VendorString=""
	VendorID="Unknown Manufacturer"
	FamilyID="8"
	ModelID="0"
	ProcessorCacheSize="0"
	NumberOfLogicalCPU="8"
	NumberOfPhysicalCPU="1"
	TotalVirtualMemory="7827"
	TotalPhysicalMemory="15655"
	LogicalProcessorsPerPhysical="8"
	ProcessorClockFrequency="0"
	>
	<Testing>
		<StartDateTime>Jul 23 20:56 CST</StartDateTime>
		<StartTestTime>1784811402</StartTestTime>
		<TestList>
			<Test>./flake8</Test>
			<Test>./lint_cmake</Test>
			<Test>./pep257</Test>
			<Test>./xmllint</Test>
		</TestList>
		<Test Status="passed">
			<Name>flake8</Name>
			<Path>.</Path>
			<FullName>./flake8</FullName>
			<FullCommandLine>/usr/bin/python3 "-u" "/opt/ros/humble/share/ament_cmake_test/cmake/run_test.py" "/home/wheeltec/agribot/agribot_ws/build/turn_on_agribot/test_results/turn_on_agribot/flake8.xunit.xml" "--package-name" "turn_on_agribot" "--output-file" "/home/wheeltec/agribot/agribot_ws/build/turn_on_agribot/ament_flake8/flake8.txt" "--command" "/opt/ros/humble/bin/ament_flake8" "--xunit-file" "/home/wheeltec/agribot/agribot_ws/build/turn_on_agribot/test_results/turn_on_agribot/flake8.xunit.xml"</FullCommandLine>
			<Results>
				<NamedMeasurement type="numeric/double" name="Execution Time">
					<Value>0.644713</Value>
				</NamedMeasurement>
				<NamedMeasurement type="numeric/double" name="Processors">
					<Value>1</Value>
				</NamedMeasurement>
				<NamedMeasurement type="text/string" name="Completion Status">
					<Value>Completed</Value>
				</NamedMeasurement>
				<NamedMeasurement type="text/string" name="Command Line">
					<Value>/usr/bin/python3 "-u" "/opt/ros/humble/share/ament_cmake_test/cmake/run_test.py" "/home/wheeltec/agribot/agribot_ws/build/turn_on_agribot/test_results/turn_on_agribot/flake8.xunit.xml" "--package-name" "turn_on_agribot" "--output-file" "/home/wheeltec/agribot/agribot_ws/build/turn_on_agribot/ament_flake8/flake8.txt" "--command" "/opt/ros/humble/bin/ament_flake8" "--xunit-file" "/home/wheeltec/agribot/agribot_ws/build/turn_on_agribot/test_results/turn_on_agribot/flake8.xunit.xml"</Value>
				</NamedMeasurement>
				<NamedMeasurement type="text/string" name="Environment">
					<Value>#CTEST_RESOURCE_GROUP_COUNT=</Value>
				</NamedMeasurement>
				<Measurement>
					<Value>-- run_test.py: invoking following command in '/home/wheeltec/agribot/agribot_ws/src/turn_on_agribot':
 - /opt/ros/humble/bin/ament_flake8 --xunit-file /home/wheeltec/agribot/agribot_ws/build/turn_on_agribot/test_results/turn_on_agribot/flake8.xunit.xml

1 files checked
No problems found

Checked files:

* ./launch/turn_on_agribot.launch.py
-- run_test.py: return code 0
-- run_test.py: verify result file '/home/wheeltec/agribot/agribot_ws/build/turn_on_agribot/test_results/turn_on_agribot/flake8.xunit.xml'
</Value>
				</Measurement>
			</Results>
			<Labels>
				<Label>flake8</Label>
				<Label>linter</Label>
			</Labels>
		</Test>
		<Test Status="passed">
			<Name>lint_cmake</Name>
			<Path>.</Path>
			<FullName>./lint_cmake</FullName>
			<FullCommandLine>/usr/bin/python3 "-u" "/opt/ros/humble/share/ament_cmake_test/cmake/run_test.py" "/home/wheeltec/agribot/agribot_ws/build/turn_on_agribot/test_results/turn_on_agribot/lint_cmake.xunit.xml" "--package-name" "turn_on_agribot" "--output-file" "/home/wheeltec/agribot/agribot_ws/build/turn_on_agribot/ament_lint_cmake/lint_cmake.txt" "--command" "/opt/ros/humble/bin/ament_lint_cmake" "--xunit-file" "/home/wheeltec/agribot/agribot_ws/build/turn_on_agribot/test_results/turn_on_agribot/lint_cmake.xunit.xml"</FullCommandLine>
			<Results>
				<NamedMeasurement type="numeric/double" name="Execution Time">
					<Value>0.390102</Value>
				</NamedMeasurement>
				<NamedMeasurement type="numeric/double" name="Processors">
					<Value>1</Value>
				</NamedMeasurement>
				<NamedMeasurement type="text/string" name="Completion Status">
					<Value>Completed</Value>
				</NamedMeasurement>
				<NamedMeasurement type="text/string" name="Command Line">
					<Value>/usr/bin/python3 "-u" "/opt/ros/humble/share/ament_cmake_test/cmake/run_test.py" "/home/wheeltec/agribot/agribot_ws/build/turn_on_agribot/test_results/turn_on_agribot/lint_cmake.xunit.xml" "--package-name" "turn_on_agribot" "--output-file" "/home/wheeltec/agribot/agribot_ws/build/turn_on_agribot/ament_lint_cmake/lint_cmake.txt" "--command" "/opt/ros/humble/bin/ament_lint_cmake" "--xunit-file" "/home/wheeltec/agribot/agribot_ws/build/turn_on_agribot/test_results/turn_on_agribot/lint_cmake.xunit.xml"</Value>
				</NamedMeasurement>
				<NamedMeasurement type="text/string" name="Environment">
					<Value>#CTEST_RESOURCE_GROUP_COUNT=</Value>
				</NamedMeasurement>
				<Measurement>
					<Value>-- run_test.py: invoking following command in '/home/wheeltec/agribot/agribot_ws/src/turn_on_agribot':
 - /opt/ros/humble/bin/ament_lint_cmake --xunit-file /home/wheeltec/agribot/agribot_ws/build/turn_on_agribot/test_results/turn_on_agribot/lint_cmake.xunit.xml

No problems found
-- run_test.py: return code 0
-- run_test.py: verify result file '/home/wheeltec/agribot/agribot_ws/build/turn_on_agribot/test_results/turn_on_agribot/lint_cmake.xunit.xml'
</Value>
				</Measurement>
			</Results>
			<Labels>
				<Label>lint_cmake</Label>
				<Label>linter</Label>
			</Labels>
		</Test>
		<Test Status="passed">
			<Name>pep257</Name>
			<Path>.</Path>
			<FullName>./pep257</FullName>
			<FullCommandLine>/usr/bin/python3 "-u" "/opt/ros/humble/share/ament_cmake_test/cmake/run_test.py" "/home/wheeltec/agribot/agribot_ws/build/turn_on_agribot/test_results/turn_on_agribot/pep257.xunit.xml" "--package-name" "turn_on_agribot" "--output-file" "/home/wheeltec/agribot/agribot_ws/build/turn_on_agribot/ament_pep257/pep257.txt" "--command" "/opt/ros/humble/bin/ament_pep257" "--xunit-file" "/home/wheeltec/agribot/agribot_ws/build/turn_on_agribot/test_results/turn_on_agribot/pep257.xunit.xml"</FullCommandLine>
			<Results>
				<NamedMeasurement type="numeric/double" name="Execution Time">
					<Value>0.539517</Value>
				</NamedMeasurement>
				<NamedMeasurement type="numeric/double" name="Processors">
					<Value>1</Value>
				</NamedMeasurement>
				<NamedMeasurement type="text/string" name="Completion Status">
					<Value>Completed</Value>
				</NamedMeasurement>
				<NamedMeasurement type="text/string" name="Command Line">
					<Value>/usr/bin/python3 "-u" "/opt/ros/humble/share/ament_cmake_test/cmake/run_test.py" "/home/wheeltec/agribot/agribot_ws/build/turn_on_agribot/test_results/turn_on_agribot/pep257.xunit.xml" "--package-name" "turn_on_agribot" "--output-file" "/home/wheeltec/agribot/agribot_ws/build/turn_on_agribot/ament_pep257/pep257.txt" "--command" "/opt/ros/humble/bin/ament_pep257" "--xunit-file" "/home/wheeltec/agribot/agribot_ws/build/turn_on_agribot/test_results/turn_on_agribot/pep257.xunit.xml"</Value>
				</NamedMeasurement>
				<NamedMeasurement type="text/string" name="Environment">
					<Value>#CTEST_RESOURCE_GROUP_COUNT=</Value>
				</NamedMeasurement>
				<Measurement>
					<Value>-- run_test.py: invoking following command in '/home/wheeltec/agribot/agribot_ws/src/turn_on_agribot':
 - /opt/ros/humble/bin/ament_pep257 --xunit-file /home/wheeltec/agribot/agribot_ws/build/turn_on_agribot/test_results/turn_on_agribot/pep257.xunit.xml
checking ./launch/turn_on_agribot.launch.py
No problems found
-- run_test.py: return code 0
-- run_test.py: verify result file '/home/wheeltec/agribot/agribot_ws/build/turn_on_agribot/test_results/turn_on_agribot/pep257.xunit.xml'
</Value>
				</Measurement>
			</Results>
			<Labels>
				<Label>linter</Label>
				<Label>pep257</Label>
			</Labels>
		</Test>
		<Test Status="passed">
			<Name>xmllint</Name>
			<Path>.</Path>
			<FullName>./xmllint</FullName>
			<FullCommandLine>/usr/bin/python3 "-u" "/opt/ros/humble/share/ament_cmake_test/cmake/run_test.py" "/home/wheeltec/agribot/agribot_ws/build/turn_on_agribot/test_results/turn_on_agribot/xmllint.xunit.xml" "--package-name" "turn_on_agribot" "--output-file" "/home/wheeltec/agribot/agribot_ws/build/turn_on_agribot/ament_xmllint/xmllint.txt" "--command" "/opt/ros/humble/bin/ament_xmllint" "--xunit-file" "/home/wheeltec/agribot/agribot_ws/build/turn_on_agribot/test_results/turn_on_agribot/xmllint.xunit.xml"</FullCommandLine>
			<Results>
				<NamedMeasurement type="numeric/double" name="Execution Time">
					<Value>1.22952</Value>
				</NamedMeasurement>
				<NamedMeasurement type="numeric/double" name="Processors">
					<Value>1</Value>
				</NamedMeasurement>
				<NamedMeasurement type="text/string" name="Completion Status">
					<Value>Completed</Value>
				</NamedMeasurement>
				<NamedMeasurement type="text/string" name="Command Line">
					<Value>/usr/bin/python3 "-u" "/opt/ros/humble/share/ament_cmake_test/cmake/run_test.py" "/home/wheeltec/agribot/agribot_ws/build/turn_on_agribot/test_results/turn_on_agribot/xmllint.xunit.xml" "--package-name" "turn_on_agribot" "--output-file" "/home/wheeltec/agribot/agribot_ws/build/turn_on_agribot/ament_xmllint/xmllint.txt" "--command" "/opt/ros/humble/bin/ament_xmllint" "--xunit-file" "/home/wheeltec/agribot/agribot_ws/build/turn_on_agribot/test_results/turn_on_agribot/xmllint.xunit.xml"</Value>
				</NamedMeasurement>
				<NamedMeasurement type="text/string" name="Environment">
					<Value>#CTEST_RESOURCE_GROUP_COUNT=</Value>
				</NamedMeasurement>
				<Measurement>
					<Value>-- run_test.py: invoking following command in '/home/wheeltec/agribot/agribot_ws/src/turn_on_agribot':
 - /opt/ros/humble/bin/ament_xmllint --xunit-file /home/wheeltec/agribot/agribot_ws/build/turn_on_agribot/test_results/turn_on_agribot/xmllint.xunit.xml
File 'package.xml' is valid

No problems found
-- run_test.py: return code 0
-- run_test.py: verify result file '/home/wheeltec/agribot/agribot_ws/build/turn_on_agribot/test_results/turn_on_agribot/xmllint.xunit.xml'
</Value>
				</Measurement>
			</Results>
			<Labels>
				<Label>linter</Label>
				<Label>xmllint</Label>
			</Labels>
		</Test>
		<EndDateTime>Jul 23 20:56 CST</EndDateTime>
		<EndTestTime>1784811405</EndTestTime>
		<ElapsedMinutes>0</ElapsedMinutes>
	</Testing>
</Site>
