<?xml version="1.0" encoding="UTF-8"?>
<testsuites tests="8" failures="0" disabled="0" errors="0" time="0" timestamp="2026-07-23T22:27:10" name="AllTests">
  <testsuite name="WheelTrustMonitor" tests="8" failures="0" disabled="0" errors="0" time="0" timestamp="2026-07-23T22:27:10">
    <testcase name="KeepsConsistentWheelTrusted" status="run" result="completed" time="0" timestamp="2026-07-23T22:27:10" classname="turn_on_32chassis.WheelTrustMonitor" />
    <testcase name="RejectsPersistentSlip" status="run" result="completed" time="0" timestamp="2026-07-23T22:27:10" classname="turn_on_32chassis.WheelTrustMonitor" />
    <testcase name="RejectsPartialTranslationSlip" status="run" result="completed" time="0" timestamp="2026-07-23T22:27:10" classname="turn_on_32chassis.WheelTrustMonitor" />
    <testcase name="RejectsYawSlipDuringTurning" status="run" result="completed" time="0" timestamp="2026-07-23T22:27:10" classname="turn_on_32chassis.WheelTrustMonitor" />
    <testcase name="RejectsZeroWheelWhenLioObservesExternalMotion" status="run" result="completed" time="0" timestamp="2026-07-23T22:27:10" classname="turn_on_32chassis.WheelTrustMonitor" />
    <testcase name="IgnoresResidualWhenNothingMoved" status="run" result="completed" time="0" timestamp="2026-07-23T22:27:10" classname="turn_on_32chassis.WheelTrustMonitor" />
    <testcase name="RecoversOnlyAfterStableAgreement" status="run" result="completed" time="0" timestamp="2026-07-23T22:27:10" classname="turn_on_32chassis.WheelTrustMonitor" />
    <testcase name="StartsRejectedUntilAgreementIsProven" status="run" result="completed" time="0" timestamp="2026-07-23T22:27:10" classname="turn_on_32chassis.WheelTrustMonitor" />
  </testsuite>
</testsuites>
