Start testing: Jul 23 21:22 CST
----------------------------------------------------------
1/7 Testing: test_wheel_trust_monitor
1/7 Test: test_wheel_trust_monitor
Command: "/usr/bin/python3" "-u" "/opt/ros/humble/share/ament_cmake_test/cmake/run_test.py" "/home/wheeltec/agribot/agribot_ws/build/turn_on_32chassis/test_results/turn_on_32chassis/test_wheel_trust_monitor.gtest.xml" "--package-name" "turn_on_32chassis" "--output-file" "/home/wheeltec/agribot/agribot_ws/build/turn_on_32chassis/ament_cmake_gtest/test_wheel_trust_monitor.txt" "--command" "/home/wheeltec/agribot/agribot_ws/build/turn_on_32chassis/test_wheel_trust_monitor" "--gtest_output=xml:/home/wheeltec/agribot/agribot_ws/build/turn_on_32chassis/test_results/turn_on_32chassis/test_wheel_trust_monitor.gtest.xml"
Directory: /home/wheeltec/agribot/agribot_ws/build/turn_on_32chassis
"test_wheel_trust_monitor" start time: Jul 23 21:22 CST
Output:
----------------------------------------------------------
-- run_test.py: invoking following command in '/home/wheeltec/agribot/agribot_ws/build/turn_on_32chassis':
 - /home/wheeltec/agribot/agribot_ws/build/turn_on_32chassis/test_wheel_trust_monitor --gtest_output=xml:/home/wheeltec/agribot/agribot_ws/build/turn_on_32chassis/test_results/turn_on_32chassis/test_wheel_trust_monitor.gtest.xml
Running main() from /opt/ros/humble/src/gtest_vendor/src/gtest_main.cc
[==========] Running 8 tests from 1 test suite.
[----------] Global test environment set-up.
[----------] 8 tests from WheelTrustMonitor
[ RUN      ] WheelTrustMonitor.KeepsConsistentWheelTrusted
[       OK ] WheelTrustMonitor.KeepsConsistentWheelTrusted (0 ms)
[ RUN      ] WheelTrustMonitor.RejectsPersistentSlip
[       OK ] WheelTrustMonitor.RejectsPersistentSlip (0 ms)
[ RUN      ] WheelTrustMonitor.RejectsPartialTranslationSlip
[       OK ] WheelTrustMonitor.RejectsPartialTranslationSlip (0 ms)
[ RUN      ] WheelTrustMonitor.RejectsYawSlipDuringTurning
[       OK ] WheelTrustMonitor.RejectsYawSlipDuringTurning (0 ms)
[ RUN      ] WheelTrustMonitor.RejectsZeroWheelWhenLioObservesExternalMotion
[       OK ] WheelTrustMonitor.RejectsZeroWheelWhenLioObservesExternalMotion (0 ms)
[ RUN      ] WheelTrustMonitor.IgnoresResidualWhenNothingMoved
[       OK ] WheelTrustMonitor.IgnoresResidualWhenNothingMoved (0 ms)
[ RUN      ] WheelTrustMonitor.RecoversOnlyAfterStableAgreement
[       OK ] WheelTrustMonitor.RecoversOnlyAfterStableAgreement (0 ms)
[ RUN      ] WheelTrustMonitor.StartsRejectedUntilAgreementIsProven
[       OK ] WheelTrustMonitor.StartsRejectedUntilAgreementIsProven (0 ms)
[----------] 8 tests from WheelTrustMonitor (1 ms total)

[----------] Global test environment tear-down
[==========] 8 tests from 1 test suite ran. (1 ms total)
[  PASSED  ] 8 tests.
-- run_test.py: return code 0
-- run_test.py: inject classname prefix into gtest result file '/home/wheeltec/agribot/agribot_ws/build/turn_on_32chassis/test_results/turn_on_32chassis/test_wheel_trust_monitor.gtest.xml'
-- run_test.py: verify result file '/home/wheeltec/agribot/agribot_ws/build/turn_on_32chassis/test_results/turn_on_32chassis/test_wheel_trust_monitor.gtest.xml'
<end of output>
Test time =   0.22 sec
----------------------------------------------------------
Test Passed.
"test_wheel_trust_monitor" end time: Jul 23 21:22 CST
"test_wheel_trust_monitor" time elapsed: 00:00:00
----------------------------------------------------------

2/7 Testing: test_test_slip_aware_odometry_launch.py
2/7 Test: test_test_slip_aware_odometry_launch.py
Command: "/usr/bin/python3" "-u" "/opt/ros/humble/share/ament_cmake_test/cmake/run_test.py" "/home/wheeltec/agribot/agribot_ws/build/turn_on_32chassis/test_results/turn_on_32chassis/test_test_slip_aware_odometry_launch.py.xunit.xml" "--package-name" "turn_on_32chassis" "--output-file" "/home/wheeltec/agribot/agribot_ws/build/turn_on_32chassis/launch_test/test_test_slip_aware_odometry_launch.py.txt" "--command" "/usr/bin/python3" "-m" "launch_testing.launch_test" "/home/wheeltec/agribot/agribot_ws/src/turn_on_32chassis/test/test_slip_aware_odometry_launch.py" "--junit-xml=/home/wheeltec/agribot/agribot_ws/build/turn_on_32chassis/test_results/turn_on_32chassis/test_test_slip_aware_odometry_launch.py.xunit.xml" "--package-name=turn_on_32chassis"
Directory: /home/wheeltec/agribot/agribot_ws/build/turn_on_32chassis
"test_test_slip_aware_odometry_launch.py" start time: Jul 23 21:22 CST
Output:
----------------------------------------------------------
-- run_test.py: invoking following command in '/home/wheeltec/agribot/agribot_ws/build/turn_on_32chassis':
 - /usr/bin/python3 -m launch_testing.launch_test /home/wheeltec/agribot/agribot_ws/src/turn_on_32chassis/test/test_slip_aware_odometry_launch.py --junit-xml=/home/wheeltec/agribot/agribot_ws/build/turn_on_32chassis/test_results/turn_on_32chassis/test_test_slip_aware_odometry_launch.py.xunit.xml --package-name=turn_on_32chassis
[INFO] [launch]: All log files can be found below /home/wheeltec/.ros/log/2026-07-23-21-22-46-407198-wheeltec-33268
[INFO] [launch]: Default logging verbosity is set to INFO
test_synthetic_slip_timeout_and_bad_lio (turn_on_32chassis.TestSlipAwareOdometry) ... [INFO] [slip_aware_odometry_node-1]: process started with pid [33277]
[slip_aware_odometry_node-1] [INFO] [1784812966.621224830] [slip_aware_odometry_test]: Slip-aware odometry: wheel=/test/wheel lio=/test/lio_raw fused=/test/fused final=/test/final
[slip_aware_odometry_node-1] [INFO] [1784812967.113193313] [slip_aware_odometry_test]: Aligned FAST-LIO local frame to odom
[slip_aware_odometry_node-1] [WARN] [1784812968.594492100] [slip_aware_odometry_test]: Ignoring out-of-order FAST-LIO odometry
[slip_aware_odometry_node-1] [WARN] [1784812968.675570985] [slip_aware_odometry_test]: Ignoring invalid or degraded FAST-LIO odometry
[slip_aware_odometry_node-1] [WARN] [1784812968.764357587] [slip_aware_odometry_test]: Wheel trust state changed 0 -> 1 (translation residual 0.025 m, yaw residual 0.000 rad)
[slip_aware_odometry_node-1] [WARN] [1784812968.936215344] [slip_aware_odometry_test]: Wheel trust state changed 1 -> 2 (translation residual 0.050 m, yaw residual 0.000 rad)
[slip_aware_odometry_node-1] [ERROR] [1784812970.001668887] [slip_aware_odometry_test]: FAST-LIO timed out after 0.305 s; freezing final odometry
[slip_aware_odometry_node-1] [INFO] [1784812970.635093840] [slip_aware_odometry_test]: Aligned FAST-LIO local frame to odom
[slip_aware_odometry_node-1] [INFO] [1784812970.635328037] [slip_aware_odometry_test]: FAST-LIO recovered; continuing from the frozen odom pose
ok

----------------------------------------------------------------------
Ran 1 test in 4.277s

OK
[INFO] [slip_aware_odometry_node-1]: sending signal 'SIGINT' to process[slip_aware_odometry_node-1]
[slip_aware_odometry_node-1] [INFO] [1784812970.763775921] [rclcpp]: signal_handler(SIGINT/SIGTERM)
[INFO] [slip_aware_odometry_node-1]: process has finished cleanly [pid 33277]

----------------------------------------------------------------------
Ran 0 tests in 0.000s

OK
-- run_test.py: return code 0
-- run_test.py: verify result file '/home/wheeltec/agribot/agribot_ws/build/turn_on_32chassis/test_results/turn_on_32chassis/test_test_slip_aware_odometry_launch.py.xunit.xml'
<end of output>
Test time =   6.15 sec
----------------------------------------------------------
Test Passed.
"test_test_slip_aware_odometry_launch.py" end time: Jul 23 21:22 CST
"test_test_slip_aware_odometry_launch.py" time elapsed: 00:00:06
----------------------------------------------------------

3/7 Testing: cppcheck
3/7 Test: cppcheck
Command: "/usr/bin/python3" "-u" "/opt/ros/humble/share/ament_cmake_test/cmake/run_test.py" "/home/wheeltec/agribot/agribot_ws/build/turn_on_32chassis/test_results/turn_on_32chassis/cppcheck.xunit.xml" "--package-name" "turn_on_32chassis" "--output-file" "/home/wheeltec/agribot/agribot_ws/build/turn_on_32chassis/ament_cppcheck/cppcheck.txt" "--command" "/opt/ros/humble/bin/ament_cppcheck" "--xunit-file" "/home/wheeltec/agribot/agribot_ws/build/turn_on_32chassis/test_results/turn_on_32chassis/cppcheck.xunit.xml" "--include_dirs" "/home/wheeltec/agribot/agribot_ws/src/turn_on_32chassis/include"
Directory: /home/wheeltec/agribot/agribot_ws/src/turn_on_32chassis
"cppcheck" start time: Jul 23 21:22 CST
Output:
----------------------------------------------------------
-- run_test.py: invoking following command in '/home/wheeltec/agribot/agribot_ws/src/turn_on_32chassis':
 - /opt/ros/humble/bin/ament_cppcheck --xunit-file /home/wheeltec/agribot/agribot_ws/build/turn_on_32chassis/test_results/turn_on_32chassis/cppcheck.xunit.xml --include_dirs /home/wheeltec/agribot/agribot_ws/src/turn_on_32chassis/include
cppcheck 2.7 has known performance issues and therefore will not be used, set the AMENT_CPPCHECK_ALLOW_SLOW_VERSIONS environment variable to override this.
-- run_test.py: return code 0
-- run_test.py: verify result file '/home/wheeltec/agribot/agribot_ws/build/turn_on_32chassis/test_results/turn_on_32chassis/cppcheck.xunit.xml'
<end of output>
Test time =   0.48 sec
----------------------------------------------------------
Test Passed.
"cppcheck" end time: Jul 23 21:22 CST
"cppcheck" time elapsed: 00:00:00
----------------------------------------------------------

4/7 Testing: flake8
4/7 Test: flake8
Command: "/usr/bin/python3" "-u" "/opt/ros/humble/share/ament_cmake_test/cmake/run_test.py" "/home/wheeltec/agribot/agribot_ws/build/turn_on_32chassis/test_results/turn_on_32chassis/flake8.xunit.xml" "--package-name" "turn_on_32chassis" "--output-file" "/home/wheeltec/agribot/agribot_ws/build/turn_on_32chassis/ament_flake8/flake8.txt" "--command" "/opt/ros/humble/bin/ament_flake8" "--xunit-file" "/home/wheeltec/agribot/agribot_ws/build/turn_on_32chassis/test_results/turn_on_32chassis/flake8.xunit.xml"
Directory: /home/wheeltec/agribot/agribot_ws/src/turn_on_32chassis
"flake8" start time: Jul 23 21:22 CST
Output:
----------------------------------------------------------
-- run_test.py: invoking following command in '/home/wheeltec/agribot/agribot_ws/src/turn_on_32chassis':
 - /opt/ros/humble/bin/ament_flake8 --xunit-file /home/wheeltec/agribot/agribot_ws/build/turn_on_32chassis/test_results/turn_on_32chassis/flake8.xunit.xml

2 files checked
No problems found

Checked files:

* ./launch/turn_on_32chassis.launch.py
* ./test/test_slip_aware_odometry_launch.py
-- run_test.py: return code 0
-- run_test.py: verify result file '/home/wheeltec/agribot/agribot_ws/build/turn_on_32chassis/test_results/turn_on_32chassis/flake8.xunit.xml'
<end of output>
Test time =   0.92 sec
----------------------------------------------------------
Test Passed.
"flake8" end time: Jul 23 21:22 CST
"flake8" time elapsed: 00:00:00
----------------------------------------------------------

5/7 Testing: lint_cmake
5/7 Test: lint_cmake
Command: "/usr/bin/python3" "-u" "/opt/ros/humble/share/ament_cmake_test/cmake/run_test.py" "/home/wheeltec/agribot/agribot_ws/build/turn_on_32chassis/test_results/turn_on_32chassis/lint_cmake.xunit.xml" "--package-name" "turn_on_32chassis" "--output-file" "/home/wheeltec/agribot/agribot_ws/build/turn_on_32chassis/ament_lint_cmake/lint_cmake.txt" "--command" "/opt/ros/humble/bin/ament_lint_cmake" "--xunit-file" "/home/wheeltec/agribot/agribot_ws/build/turn_on_32chassis/test_results/turn_on_32chassis/lint_cmake.xunit.xml"
Directory: /home/wheeltec/agribot/agribot_ws/src/turn_on_32chassis
"lint_cmake" start time: Jul 23 21:22 CST
Output:
----------------------------------------------------------
-- run_test.py: invoking following command in '/home/wheeltec/agribot/agribot_ws/src/turn_on_32chassis':
 - /opt/ros/humble/bin/ament_lint_cmake --xunit-file /home/wheeltec/agribot/agribot_ws/build/turn_on_32chassis/test_results/turn_on_32chassis/lint_cmake.xunit.xml

No problems found
-- run_test.py: return code 0
-- run_test.py: verify result file '/home/wheeltec/agribot/agribot_ws/build/turn_on_32chassis/test_results/turn_on_32chassis/lint_cmake.xunit.xml'
<end of output>
Test time =   0.47 sec
----------------------------------------------------------
Test Passed.
"lint_cmake" end time: Jul 23 21:22 CST
"lint_cmake" time elapsed: 00:00:00
----------------------------------------------------------

6/7 Testing: pep257
6/7 Test: pep257
Command: "/usr/bin/python3" "-u" "/opt/ros/humble/share/ament_cmake_test/cmake/run_test.py" "/home/wheeltec/agribot/agribot_ws/build/turn_on_32chassis/test_results/turn_on_32chassis/pep257.xunit.xml" "--package-name" "turn_on_32chassis" "--output-file" "/home/wheeltec/agribot/agribot_ws/build/turn_on_32chassis/ament_pep257/pep257.txt" "--command" "/opt/ros/humble/bin/ament_pep257" "--xunit-file" "/home/wheeltec/agribot/agribot_ws/build/turn_on_32chassis/test_results/turn_on_32chassis/pep257.xunit.xml"
Directory: /home/wheeltec/agribot/agribot_ws/src/turn_on_32chassis
"pep257" start time: Jul 23 21:22 CST
Output:
----------------------------------------------------------
-- run_test.py: invoking following command in '/home/wheeltec/agribot/agribot_ws/src/turn_on_32chassis':
 - /opt/ros/humble/bin/ament_pep257 --xunit-file /home/wheeltec/agribot/agribot_ws/build/turn_on_32chassis/test_results/turn_on_32chassis/pep257.xunit.xml
checking ./launch/turn_on_32chassis.launch.py
checking ./test/test_slip_aware_odometry_launch.py
No problems found
-- run_test.py: return code 0
-- run_test.py: verify result file '/home/wheeltec/agribot/agribot_ws/build/turn_on_32chassis/test_results/turn_on_32chassis/pep257.xunit.xml'
<end of output>
Test time =   0.70 sec
----------------------------------------------------------
Test Passed.
"pep257" end time: Jul 23 21:22 CST
"pep257" time elapsed: 00:00:00
----------------------------------------------------------

7/7 Testing: xmllint
7/7 Test: xmllint
Command: "/usr/bin/python3" "-u" "/opt/ros/humble/share/ament_cmake_test/cmake/run_test.py" "/home/wheeltec/agribot/agribot_ws/build/turn_on_32chassis/test_results/turn_on_32chassis/xmllint.xunit.xml" "--package-name" "turn_on_32chassis" "--output-file" "/home/wheeltec/agribot/agribot_ws/build/turn_on_32chassis/ament_xmllint/xmllint.txt" "--command" "/opt/ros/humble/bin/ament_xmllint" "--xunit-file" "/home/wheeltec/agribot/agribot_ws/build/turn_on_32chassis/test_results/turn_on_32chassis/xmllint.xunit.xml"
Directory: /home/wheeltec/agribot/agribot_ws/src/turn_on_32chassis
"xmllint" start time: Jul 23 21:22 CST
Output:
----------------------------------------------------------
-- run_test.py: invoking following command in '/home/wheeltec/agribot/agribot_ws/src/turn_on_32chassis':
 - /opt/ros/humble/bin/ament_xmllint --xunit-file /home/wheeltec/agribot/agribot_ws/build/turn_on_32chassis/test_results/turn_on_32chassis/xmllint.xunit.xml
File 'package.xml' is valid

No problems found
-- run_test.py: return code 0
-- run_test.py: verify result file '/home/wheeltec/agribot/agribot_ws/build/turn_on_32chassis/test_results/turn_on_32chassis/xmllint.xunit.xml'
<end of output>
Test time =   2.37 sec
----------------------------------------------------------
Test Passed.
"xmllint" end time: Jul 23 21:22 CST
"xmllint" time elapsed: 00:00:02
----------------------------------------------------------

End testing: Jul 23 21:22 CST

cppcheck =   0.48 sec*proc

flake8 =   0.92 sec*proc

gtest =   0.22 sec*proc

launch_test =   6.15 sec*proc

lint_cmake =   0.47 sec*proc

linter =   4.93 sec*proc

pep257 =   0.70 sec*proc

xmllint =   2.37 sec*proc

