Start testing: Jul 23 20:47 CST
----------------------------------------------------------
1/8 Testing: test_wheel_trust_monitor
1/8 Test: test_wheel_trust_monitor
Command: "/usr/bin/python3" "-u" "/opt/ros/humble/share/ament_cmake_test/cmake/run_test.py" "/home/wheeltec/agribot/agribot_ws/build/turn_on_32chassis/test_results/turn_on_32chassis/test_wheel_trust_monitor.gtest.xml" "--package-name" "turn_on_32chassis" "--output-file" "/home/wheeltec/agribot/agribot_ws/build/turn_on_32chassis/ament_cmake_gtest/test_wheel_trust_monitor.txt" "--command" "/home/wheeltec/agribot/agribot_ws/build/turn_on_32chassis/test_wheel_trust_monitor" "--gtest_output=xml:/home/wheeltec/agribot/agribot_ws/build/turn_on_32chassis/test_results/turn_on_32chassis/test_wheel_trust_monitor.gtest.xml"
Directory: /home/wheeltec/agribot/agribot_ws/build/turn_on_32chassis
"test_wheel_trust_monitor" start time: Jul 23 20:47 CST
Output:
----------------------------------------------------------
-- run_test.py: invoking following command in '/home/wheeltec/agribot/agribot_ws/build/turn_on_32chassis':
 - /home/wheeltec/agribot/agribot_ws/build/turn_on_32chassis/test_wheel_trust_monitor --gtest_output=xml:/home/wheeltec/agribot/agribot_ws/build/turn_on_32chassis/test_results/turn_on_32chassis/test_wheel_trust_monitor.gtest.xml
Running main() from /opt/ros/humble/src/gtest_vendor/src/gtest_main.cc
[==========] Running 5 tests from 1 test suite.
[----------] Global test environment set-up.
[----------] 5 tests from WheelTrustMonitor
[ RUN      ] WheelTrustMonitor.KeepsConsistentWheelTrusted
[       OK ] WheelTrustMonitor.KeepsConsistentWheelTrusted (0 ms)
[ RUN      ] WheelTrustMonitor.RejectsPersistentSlip
[       OK ] WheelTrustMonitor.RejectsPersistentSlip (0 ms)
[ RUN      ] WheelTrustMonitor.IgnoresResidualWhenNothingMoved
[       OK ] WheelTrustMonitor.IgnoresResidualWhenNothingMoved (0 ms)
[ RUN      ] WheelTrustMonitor.RecoversOnlyAfterStableAgreement
[       OK ] WheelTrustMonitor.RecoversOnlyAfterStableAgreement (0 ms)
[ RUN      ] WheelTrustMonitor.StartsRejectedUntilAgreementIsProven
[       OK ] WheelTrustMonitor.StartsRejectedUntilAgreementIsProven (0 ms)
[----------] 5 tests from WheelTrustMonitor (0 ms total)

[----------] Global test environment tear-down
[==========] 5 tests from 1 test suite ran. (0 ms total)
[  PASSED  ] 5 tests.
-- run_test.py: return code 0
-- run_test.py: inject classname prefix into gtest result file '/home/wheeltec/agribot/agribot_ws/build/turn_on_32chassis/test_results/turn_on_32chassis/test_wheel_trust_monitor.gtest.xml'
-- run_test.py: verify result file '/home/wheeltec/agribot/agribot_ws/build/turn_on_32chassis/test_results/turn_on_32chassis/test_wheel_trust_monitor.gtest.xml'
<end of output>
Test time =   0.22 sec
----------------------------------------------------------
Test Passed.
"test_wheel_trust_monitor" end time: Jul 23 20:47 CST
"test_wheel_trust_monitor" time elapsed: 00:00:00
----------------------------------------------------------

2/8 Testing: test_test_slip_aware_odometry_launch.py
2/8 Test: test_test_slip_aware_odometry_launch.py
Command: "/usr/bin/python3" "-u" "/opt/ros/humble/share/ament_cmake_test/cmake/run_test.py" "/home/wheeltec/agribot/agribot_ws/build/turn_on_32chassis/test_results/turn_on_32chassis/test_test_slip_aware_odometry_launch.py.xunit.xml" "--package-name" "turn_on_32chassis" "--output-file" "/home/wheeltec/agribot/agribot_ws/build/turn_on_32chassis/launch_test/test_test_slip_aware_odometry_launch.py.txt" "--command" "/usr/bin/python3" "-m" "launch_testing.launch_test" "/home/wheeltec/agribot/agribot_ws/src/turn_on_32chassis/test/test_slip_aware_odometry_launch.py" "--junit-xml=/home/wheeltec/agribot/agribot_ws/build/turn_on_32chassis/test_results/turn_on_32chassis/test_test_slip_aware_odometry_launch.py.xunit.xml" "--package-name=turn_on_32chassis"
Directory: /home/wheeltec/agribot/agribot_ws/build/turn_on_32chassis
"test_test_slip_aware_odometry_launch.py" start time: Jul 23 20:47 CST
Output:
----------------------------------------------------------
-- run_test.py: invoking following command in '/home/wheeltec/agribot/agribot_ws/build/turn_on_32chassis':
 - /usr/bin/python3 -m launch_testing.launch_test /home/wheeltec/agribot/agribot_ws/src/turn_on_32chassis/test/test_slip_aware_odometry_launch.py --junit-xml=/home/wheeltec/agribot/agribot_ws/build/turn_on_32chassis/test_results/turn_on_32chassis/test_test_slip_aware_odometry_launch.py.xunit.xml --package-name=turn_on_32chassis
[INFO] [launch]: All log files can be found below /home/wheeltec/.ros/log/2026-07-23-20-47-34-471755-wheeltec-21812
[INFO] [launch]: Default logging verbosity is set to INFO
test_synthetic_slip_timeout_and_bad_lio (turn_on_32chassis.TestSlipAwareOdometry) ... [INFO] [slip_aware_odometry_node-1]: process started with pid [21817]
[slip_aware_odometry_node-1] [INFO] [1784810854.679271789] [slip_aware_odometry_test]: Slip-aware odometry: wheel=/test/wheel lio=/test/lio_raw fused=/test/fused final=/test/final
[slip_aware_odometry_node-1] [INFO] [1784810855.420587664] [slip_aware_odometry_test]: Aligned FAST-LIO local frame to odom
FAIL

======================================================================
FAIL: test_synthetic_slip_timeout_and_bad_lio (turn_on_32chassis.TestSlipAwareOdometry)
----------------------------------------------------------------------
Traceback (most recent call last):
  File "/home/wheeltec/agribot/agribot_ws/src/turn_on_32chassis/test/test_slip_aware_odometry_launch.py", line 132, in test_synthetic_slip_timeout_and_bad_lio
    self.assertGreater(
AssertionError: 0 not greater than 0 : wheel odometry never recovered after sustained LIO agreement

----------------------------------------------------------------------
Ran 1 test in 1.713s

FAILED (failures=1)
[INFO] [slip_aware_odometry_node-1]: sending signal 'SIGINT' to process[slip_aware_odometry_node-1]
[slip_aware_odometry_node-1] [INFO] [1784810856.267496261] [rclcpp]: signal_handler(SIGINT/SIGTERM)
[INFO] [slip_aware_odometry_node-1]: process has finished cleanly [pid 21817]

----------------------------------------------------------------------
Ran 0 tests in 0.000s

OK
-- run_test.py: return code 1
-- run_test.py: verify result file '/home/wheeltec/agribot/agribot_ws/build/turn_on_32chassis/test_results/turn_on_32chassis/test_test_slip_aware_odometry_launch.py.xunit.xml'
<end of output>
Test time =   3.36 sec
----------------------------------------------------------
Test Failed.
"test_test_slip_aware_odometry_launch.py" end time: Jul 23 20:47 CST
"test_test_slip_aware_odometry_launch.py" time elapsed: 00:00:03
----------------------------------------------------------

3/8 Testing: cppcheck
3/8 Test: cppcheck
Command: "/usr/bin/python3" "-u" "/opt/ros/humble/share/ament_cmake_test/cmake/run_test.py" "/home/wheeltec/agribot/agribot_ws/build/turn_on_32chassis/test_results/turn_on_32chassis/cppcheck.xunit.xml" "--package-name" "turn_on_32chassis" "--output-file" "/home/wheeltec/agribot/agribot_ws/build/turn_on_32chassis/ament_cppcheck/cppcheck.txt" "--command" "/opt/ros/humble/bin/ament_cppcheck" "--xunit-file" "/home/wheeltec/agribot/agribot_ws/build/turn_on_32chassis/test_results/turn_on_32chassis/cppcheck.xunit.xml" "--include_dirs" "/home/wheeltec/agribot/agribot_ws/src/turn_on_32chassis/include"
Directory: /home/wheeltec/agribot/agribot_ws/src/turn_on_32chassis
"cppcheck" start time: Jul 23 20:47 CST
Output:
----------------------------------------------------------
-- run_test.py: invoking following command in '/home/wheeltec/agribot/agribot_ws/src/turn_on_32chassis':
 - /opt/ros/humble/bin/ament_cppcheck --xunit-file /home/wheeltec/agribot/agribot_ws/build/turn_on_32chassis/test_results/turn_on_32chassis/cppcheck.xunit.xml --include_dirs /home/wheeltec/agribot/agribot_ws/src/turn_on_32chassis/include
cppcheck 2.7 has known performance issues and therefore will not be used, set the AMENT_CPPCHECK_ALLOW_SLOW_VERSIONS environment variable to override this.
-- run_test.py: return code 0
-- run_test.py: verify result file '/home/wheeltec/agribot/agribot_ws/build/turn_on_32chassis/test_results/turn_on_32chassis/cppcheck.xunit.xml'
<end of output>
Test time =   0.46 sec
----------------------------------------------------------
Test Passed.
"cppcheck" end time: Jul 23 20:47 CST
"cppcheck" time elapsed: 00:00:00
----------------------------------------------------------

4/8 Testing: flake8
4/8 Test: flake8
Command: "/usr/bin/python3" "-u" "/opt/ros/humble/share/ament_cmake_test/cmake/run_test.py" "/home/wheeltec/agribot/agribot_ws/build/turn_on_32chassis/test_results/turn_on_32chassis/flake8.xunit.xml" "--package-name" "turn_on_32chassis" "--output-file" "/home/wheeltec/agribot/agribot_ws/build/turn_on_32chassis/ament_flake8/flake8.txt" "--command" "/opt/ros/humble/bin/ament_flake8" "--xunit-file" "/home/wheeltec/agribot/agribot_ws/build/turn_on_32chassis/test_results/turn_on_32chassis/flake8.xunit.xml"
Directory: /home/wheeltec/agribot/agribot_ws/src/turn_on_32chassis
"flake8" start time: Jul 23 20:47 CST
Output:
----------------------------------------------------------
-- run_test.py: invoking following command in '/home/wheeltec/agribot/agribot_ws/src/turn_on_32chassis':
 - /opt/ros/humble/bin/ament_flake8 --xunit-file /home/wheeltec/agribot/agribot_ws/build/turn_on_32chassis/test_results/turn_on_32chassis/flake8.xunit.xml
from ament_index_python.packages import get_package_share_directory #通过功能包的名字找到 share 目录
                                                                   ^
from ament_index_python.packages import get_package_share_directory #通过功能包的名字找到 share 目录
                                                                    ^
from launch.launch_description_sources import PythonLaunchDescriptionSource 
                                                                           ^
def load_bringup_config(config_path):
^
def generate_launch_description():
^
    default_urdf_path = os.path.join(package_share_dir, 'urdf/urdf','agribot.urdf.xacro')
                                                                   ^
    ekf_config = os.path.join(package_share_dir, 'config','ekf.yaml')
                                                         ^
    # 获取默认的rviz配置文件路径
    ^
    default_rviz_config_path = os.path.join(package_share_dir, 'config','rviz2_config_agribot.rviz')
                                                                       ^
    default_rviz_config_path = os.path.join(package_share_dir, 'config','rviz2_config_agribot.rviz')
                                                                                                   ^
        name='model',default_value=str(default_urdf_path),description='URDF的绝对路径'
                    ^
        name='model',default_value=str(default_urdf_path),description='URDF的绝对路径'
                                                         ^
    imu_config = os.path.join(package_share_dir, 'config','imuconfig.yaml')
                                                         ^
    substitutions_command_result = launch.substitutions.Command(command=['xacro ',launch.substitutions.LaunchConfiguration('model')])
                                                                                 ^
    substitutions_command_result = launch.substitutions.Command(command=['xacro ',launch.substitutions.LaunchConfiguration('model')])
                                                                                                   ^
    robot_description_value = launch_ros.parameter_descriptions.ParameterValue(substitutions_command_result,value_type=str)
                                                                                                   ^
    robot_description_value = launch_ros.parameter_descriptions.ParameterValue(substitutions_command_result,value_type=str)
                                                                                                           ^
            package='tf2_ros', 
                              ^
            executable='static_transform_publisher', 
                                                    ^
        parameters=[{'robot_description':robot_description_value}]
                                        ^
    imu_filter_node =  launch_ros.actions.Node(
                     ^
    # when using get_package_share_directory to get the share directory of a package, you must source the setup.bash file of your workspace in your .bashrc to ensure that the environment variables are set correctly.
                                                                                                   ^
        PythonLaunchDescriptionSource([get_package_share_directory('livox_ros_driver2'), '/launch_ROS2/msg_MID360_launch.py'])
                                                                                                   ^
1     E222 multiple spaces after operator
9     E231 missing whitespace after ','
1     E261 at least two spaces before inline comment
1     E262 inline comment should start with '# '
2     E302 expected 2 blank lines, found 1
1     E303 too many blank lines (2)
5     E501 line too long (100 > 99 characters)
3     W291 trailing whitespace

./launch/turn_on_32chassis.launch.py:3:68: E261 at least two spaces before inline comment

./launch/turn_on_32chassis.launch.py:3:69: E262 inline comment should start with '# '

./launch/turn_on_32chassis.launch.py:8:76: W291 trailing whitespace

./launch/turn_on_32chassis.launch.py:10:1: E302 expected 2 blank lines, found 1

./launch/turn_on_32chassis.launch.py:20:1: E302 expected 2 blank lines, found 1

./launch/turn_on_32chassis.launch.py:86:68: E231 missing whitespace after ','

./launch/turn_on_32chassis.launch.py:88:58: E231 missing whitespace after ','

./launch/turn_on_32chassis.launch.py:93:5: E303 too many blank lines (2)

./launch/turn_on_32chassis.launch.py:94:72: E231 missing whitespace after ','

./launch/turn_on_32chassis.launch.py:94:100: E501 line too long (100 > 99 characters)

./launch/turn_on_32chassis.launch.py:97:21: E231 missing whitespace after ','

./launch/turn_on_32chassis.launch.py:97:58: E231 missing whitespace after ','

./launch/turn_on_32chassis.launch.py:100:58: E231 missing whitespace after ','

./launch/turn_on_32chassis.launch.py:104:82: E231 missing whitespace after ','

./launch/turn_on_32chassis.launch.py:104:100: E501 line too long (133 > 99 characters)

./launch/turn_on_32chassis.launch.py:106:100: E501 line too long (123 > 99 characters)

./launch/turn_on_32chassis.launch.py:106:108: E231 missing whitespace after ','

./launch/turn_on_32chassis.launch.py:109:31: W291 trailing whitespace

./launch/turn_on_32chassis.launch.py:110:53: W291 trailing whitespace

./launch/turn_on_32chassis.launch.py:129:41: E231 missing whitespace after ':'

./launch/turn_on_32chassis.launch.py:146:22: E222 multiple spaces after operator

./launch/turn_on_32chassis.launch.py:204:100: E501 line too long (215 > 99 characters)

./launch/turn_on_32chassis.launch.py:206:100: E501 line too long (126 > 99 characters)


2 files checked
23 errors

'E'-type errors: 20
'W'-type errors: 3

Checked files:

* ./launch/turn_on_32chassis.launch.py
* ./test/test_slip_aware_odometry_launch.py
-- run_test.py: return code 1
-- run_test.py: verify result file '/home/wheeltec/agribot/agribot_ws/build/turn_on_32chassis/test_results/turn_on_32chassis/flake8.xunit.xml'
<end of output>
Test time =   0.91 sec
----------------------------------------------------------
Test Failed.
"flake8" end time: Jul 23 20:47 CST
"flake8" time elapsed: 00:00:00
----------------------------------------------------------

5/8 Testing: lint_cmake
5/8 Test: lint_cmake
Command: "/usr/bin/python3" "-u" "/opt/ros/humble/share/ament_cmake_test/cmake/run_test.py" "/home/wheeltec/agribot/agribot_ws/build/turn_on_32chassis/test_results/turn_on_32chassis/lint_cmake.xunit.xml" "--package-name" "turn_on_32chassis" "--output-file" "/home/wheeltec/agribot/agribot_ws/build/turn_on_32chassis/ament_lint_cmake/lint_cmake.txt" "--command" "/opt/ros/humble/bin/ament_lint_cmake" "--xunit-file" "/home/wheeltec/agribot/agribot_ws/build/turn_on_32chassis/test_results/turn_on_32chassis/lint_cmake.xunit.xml"
Directory: /home/wheeltec/agribot/agribot_ws/src/turn_on_32chassis
"lint_cmake" start time: Jul 23 20:47 CST
Output:
----------------------------------------------------------
-- run_test.py: invoking following command in '/home/wheeltec/agribot/agribot_ws/src/turn_on_32chassis':
 - /opt/ros/humble/bin/ament_lint_cmake --xunit-file /home/wheeltec/agribot/agribot_ws/build/turn_on_32chassis/test_results/turn_on_32chassis/lint_cmake.xunit.xml
CMakeLists.txt:50: Mismatching spaces inside () after command [whitespace/mismatch]
CMakeLists.txt:53: Line ends in whitespace [whitespace/eol]
CMakeLists.txt:65: Line ends in whitespace [whitespace/eol]
CMakeLists.txt:96: Line ends in whitespace [whitespace/eol]
CMakeLists.txt:100: Line ends in whitespace [whitespace/eol]
CMakeLists.txt:101: Line ends in whitespace [whitespace/eol]


6 errors
-- run_test.py: return code 1
-- run_test.py: verify result file '/home/wheeltec/agribot/agribot_ws/build/turn_on_32chassis/test_results/turn_on_32chassis/lint_cmake.xunit.xml'
<end of output>
Test time =   0.42 sec
----------------------------------------------------------
Test Failed.
"lint_cmake" end time: Jul 23 20:47 CST
"lint_cmake" time elapsed: 00:00:00
----------------------------------------------------------

6/8 Testing: pep257
6/8 Test: pep257
Command: "/usr/bin/python3" "-u" "/opt/ros/humble/share/ament_cmake_test/cmake/run_test.py" "/home/wheeltec/agribot/agribot_ws/build/turn_on_32chassis/test_results/turn_on_32chassis/pep257.xunit.xml" "--package-name" "turn_on_32chassis" "--output-file" "/home/wheeltec/agribot/agribot_ws/build/turn_on_32chassis/ament_pep257/pep257.txt" "--command" "/opt/ros/humble/bin/ament_pep257" "--xunit-file" "/home/wheeltec/agribot/agribot_ws/build/turn_on_32chassis/test_results/turn_on_32chassis/pep257.xunit.xml"
Directory: /home/wheeltec/agribot/agribot_ws/src/turn_on_32chassis
"pep257" start time: Jul 23 20:47 CST
Output:
----------------------------------------------------------
-- run_test.py: invoking following command in '/home/wheeltec/agribot/agribot_ws/src/turn_on_32chassis':
 - /opt/ros/humble/bin/ament_pep257 --xunit-file /home/wheeltec/agribot/agribot_ws/build/turn_on_32chassis/test_results/turn_on_32chassis/pep257.xunit.xml
checking ./launch/turn_on_32chassis.launch.py
checking ./test/test_slip_aware_odometry_launch.py
No problems found
-- run_test.py: return code 0
-- run_test.py: verify result file '/home/wheeltec/agribot/agribot_ws/build/turn_on_32chassis/test_results/turn_on_32chassis/pep257.xunit.xml'
<end of output>
Test time =   0.61 sec
----------------------------------------------------------
Test Passed.
"pep257" end time: Jul 23 20:47 CST
"pep257" time elapsed: 00:00:00
----------------------------------------------------------

7/8 Testing: uncrustify
7/8 Test: uncrustify
Command: "/usr/bin/python3" "-u" "/opt/ros/humble/share/ament_cmake_test/cmake/run_test.py" "/home/wheeltec/agribot/agribot_ws/build/turn_on_32chassis/test_results/turn_on_32chassis/uncrustify.xunit.xml" "--package-name" "turn_on_32chassis" "--output-file" "/home/wheeltec/agribot/agribot_ws/build/turn_on_32chassis/ament_uncrustify/uncrustify.txt" "--command" "/opt/ros/humble/bin/ament_uncrustify" "--xunit-file" "/home/wheeltec/agribot/agribot_ws/build/turn_on_32chassis/test_results/turn_on_32chassis/uncrustify.xunit.xml"
Directory: /home/wheeltec/agribot/agribot_ws/src/turn_on_32chassis
"uncrustify" start time: Jul 23 20:47 CST
Output:
----------------------------------------------------------
-- run_test.py: invoking following command in '/home/wheeltec/agribot/agribot_ws/src/turn_on_32chassis':
 - /opt/ros/humble/bin/ament_uncrustify --xunit-file /home/wheeltec/agribot/agribot_ws/build/turn_on_32chassis/test_results/turn_on_32chassis/uncrustify.xunit.xml
Code style divergence in file 'include/turn_on_32chassis/Quaternion_Solution.h':

--- include/turn_on_32chassis/Quaternion_Solution.h
+++ include/turn_on_32chassis/Quaternion_Solution.h.uncrustify
@@ -1 +0,0 @@
-
@@ -8 +6,0 @@
-
@@ -13,2 +10,0 @@
-
-

Code style divergence in file 'include/turn_on_32chassis/turn_on_32chassis.hpp':

--- include/turn_on_32chassis/turn_on_32chassis.hpp
+++ include/turn_on_32chassis/turn_on_32chassis.hpp.uncrustify
@@ -39,5 +39,5 @@
-                                         0, 5e-2, 0, 0, 0, 0,
-                                         0, 0, 1e6, 0, 0, 0,
-                                         0, 0, 0, 1e6, 0, 0,
-                                         0, 0, 0, 0, 1e6, 0,
-                                         0, 0, 0, 0, 0, 2e-1};
+  0, 5e-2, 0, 0, 0, 0,
+  0, 0, 1e6, 0, 0, 0,
+  0, 0, 0, 1e6, 0, 0,
+  0, 0, 0, 0, 1e6, 0,
+  0, 0, 0, 0, 0, 2e-1};
@@ -46,5 +46,5 @@
-                                          0, 1e-2, 0, 0, 0, 0,
-                                          0, 0, 1e6, 0, 0, 0,
-                                          0, 0, 0, 1e6, 0, 0,
-                                          0, 0, 0, 0, 1e6, 0,
-                                          0, 0, 0, 0, 0, 5e-2};
+  0, 1e-2, 0, 0, 0, 0,
+  0, 0, 1e6, 0, 0, 0,
+  0, 0, 0, 1e6, 0, 0,
+  0, 0, 0, 0, 1e6, 0,
+  0, 0, 0, 0, 0, 5e-2};
@@ -53,5 +53,5 @@
-                                          0, 2e-2, 0, 0, 0, 0,
-                                          0, 0, 1e6, 0, 0, 0,
-                                          0, 0, 0, 1e6, 0, 0,
-                                          0, 0, 0, 0, 1e6, 0,
-                                          0, 0, 0, 0, 0, 5e-2};
+  0, 2e-2, 0, 0, 0, 0,
+  0, 0, 1e6, 0, 0, 0,
+  0, 0, 0, 1e6, 0, 0,
+  0, 0, 0, 0, 1e6, 0,
+  0, 0, 0, 0, 0, 5e-2};
@@ -60,5 +60,5 @@
-                                           0, 2.5e-3, 0, 0, 0, 0,
-                                           0, 0, 1e6, 0, 0, 0,
-                                           0, 0, 0, 1e6, 0, 0,
-                                           0, 0, 0, 0, 1e6, 0,
-                                           0, 0, 0, 0, 0, 1e-2};
+  0, 2.5e-3, 0, 0, 0, 0,
+  0, 0, 1e6, 0, 0, 0,
+  0, 0, 0, 1e6, 0, 0,
+  0, 0, 0, 0, 1e6, 0,
+  0, 0, 0, 0, 0, 1e-2};
@@ -68,6 +68,6 @@
-    short accele_x_data;
-    short accele_y_data;
-    short accele_z_data;
-    short gyros_x_data;
-    short gyros_y_data;
-    short gyros_z_data;
+  short accele_x_data;
+  short accele_y_data;
+  short accele_z_data;
+  short gyros_x_data;
+  short gyros_y_data;
+  short gyros_z_data;
@@ -81,9 +81,9 @@
-    uint8_t buffer[RECEIVE_DATA_SIZE];
-    uint8_t Flag_Stop;
-    unsigned char Frame_Header;
-    float X_speed;
-    float Y_speed;
-    float Z_speed;
-    IMUData_t IMUData;
-    float Power_Voltage;
-    unsigned char Frame_Tail;
+  uint8_t buffer[RECEIVE_DATA_SIZE];
+  uint8_t Flag_Stop;
+  unsigned char Frame_Header;
+  float X_speed;
+  float Y_speed;
+  float Z_speed;
+  IMUData_t IMUData;
+  float Power_Voltage;
+  unsigned char Frame_Tail;
@@ -94,5 +94,5 @@
-    uint8_t buffer[SEND_DATA_SIZE];
-    float X_speed;
-    float Y_speed;
-    float Z_speed;
-    unsigned char Frame_Tail;
+  uint8_t buffer[SEND_DATA_SIZE];
+  float X_speed;
+  float Y_speed;
+  float Z_speed;
+  unsigned char Frame_Tail;
@@ -103,3 +103,3 @@
-    float X;
-    float Y;
-    float Z;
+  float X;
+  float Y;
+  float Z;
@@ -111,3 +111,3 @@
-    TurnOn32Chassis(/* args */);
-    ~TurnOn32Chassis();
-    void run();
+  TurnOn32Chassis(/* args */);
+  ~TurnOn32Chassis();
+  void run();
@@ -115 +115 @@
-    serial::Serial STM32_Serial;
+  serial::Serial STM32_Serial;
@@ -118 +118 @@
-    uint8_t check_sum(uint8_t *data, uint8_t len);
+  uint8_t check_sum(uint8_t * data, uint8_t len);
@@ -120,5 +120,5 @@
-    bool receive_row_serialdata();
-    short uchartoshort(uint8_t data_high, uint8_t data_low);
-    void Publish_ImuSensor();
-    void Publish_Odom();
-    void Publish_Voltage();
+  bool receive_row_serialdata();
+  short uchartoshort(uint8_t data_high, uint8_t data_low);
+  void Publish_ImuSensor();
+  void Publish_Odom();
+  void Publish_Voltage();
@@ -126,2 +126,2 @@
-    void Cmd_Vel_Callback(const geometry_msgs::msg::Twist::SharedPtr twist_aux);
-    string port_name_ = "/dev/agribot_serial";
+  void Cmd_Vel_Callback(const geometry_msgs::msg::Twist::SharedPtr twist_aux);
+  string port_name_ = "/dev/agribot_serial";
@@ -129 +129 @@
-    int baud_rate_ = 115200;
+  int baud_rate_ = 115200;
@@ -131,5 +131,5 @@
-    // Initialize the topic publisher //初始化话题发布者
-    rclcpp::Publisher<nav_msgs::msg::Odometry>::SharedPtr odom_publisher;
-    rclcpp::Publisher<std_msgs::msg::Float32>::SharedPtr voltage_publisher;
-    rclcpp::Publisher<sensor_msgs::msg::Imu>::SharedPtr imu_publisher;
-    rclcpp::Subscription<geometry_msgs::msg::Twist>::SharedPtr Cmd_Vel_Sub; // Initialize the topic subscriber //初始化话题订阅者
+  // Initialize the topic publisher //初始化话题发布者
+  rclcpp::Publisher<nav_msgs::msg::Odometry>::SharedPtr odom_publisher;
+  rclcpp::Publisher<std_msgs::msg::Float32>::SharedPtr voltage_publisher;
+  rclcpp::Publisher<sensor_msgs::msg::Imu>::SharedPtr imu_publisher;
+  rclcpp::Subscription<geometry_msgs::msg::Twist>::SharedPtr Cmd_Vel_Sub;   // Initialize the topic subscriber //初始化话题订阅者
@@ -137,10 +137,11 @@
-    ReceiveData_t receive_data_;
-    SendData_t send_data_;
-    sensor_msgs::msg::Imu Imu_Data_Pub;
-    rclcpp::TimerBase::SharedPtr timer_;
-    rclcpp::Time last_time_, current_time_;
-    float sample_time_;
-    VelPosData_t robot_vel_;
-    VelPosData_t robot_pos_;
-    float odom_x_scale_ = 1.0f, odom_y_scale = 1.0f, odom_z_scale_positive = 1.0f, odom_z_scale_negative = 1.0f; // 里程计修正参数
-    string robot_frame_id, gyro_frame_id, odom_frame_id;                                                         // Define the related variables //定义相关变量
+  ReceiveData_t receive_data_;
+  SendData_t send_data_;
+  sensor_msgs::msg::Imu Imu_Data_Pub;
+  rclcpp::TimerBase::SharedPtr timer_;
+  rclcpp::Time last_time_, current_time_;
+  float sample_time_;
+  VelPosData_t robot_vel_;
+  VelPosData_t robot_pos_;
+  float odom_x_scale_ = 1.0f, odom_y_scale = 1.0f, odom_z_scale_positive = 1.0f,
+    odom_z_scale_negative = 1.0f;                                                                                // 里程计修正参数
+  string robot_frame_id, gyro_frame_id, odom_frame_id;                                                           // Define the related variables //定义相关变量

Code style divergence in file 'src/Quaternion_Solution.cpp':

--- src/Quaternion_Solution.cpp
+++ src/Quaternion_Solution.cpp.uncrustify
@@ -1 +0,0 @@
-
@@ -40,2 +39 @@
-  if (!((ax == 0.0f) && (ay == 0.0f) && (az == 0.0f)))
-  {
+  if (!((ax == 0.0f) && (ay == 0.0f) && (az == 0.0f))) {
@@ -56,2 +54 @@
-    if (twoKi > 0.0f)
-    {
+    if (twoKi > 0.0f) {
@@ -64,3 +61 @@
-    }
-    else
-    {
+    } else {

Code style divergence in file 'src/slip_aware_odometry.cpp':

--- src/slip_aware_odometry.cpp
+++ src/slip_aware_odometry.cpp.uncrustify
@@ -393 +393,2 @@
-    const double yaw_error = std::abs(normalize_angle(
+    const double yaw_error = std::abs(
+      normalize_angle(

Code style divergence in file 'src/turn_on_32chassis.cpp':

--- src/turn_on_32chassis.cpp
+++ src/turn_on_32chassis.cpp.uncrustify
@@ -7,75 +7,70 @@
-int main(int argc, char **argv)
-{
-    rclcpp::init(argc, argv);
-    TurnOn32Chassis TurnOn32Chassis;
-    TurnOn32Chassis.run();
-    return 0;
-}
-
-TurnOn32Chassis::TurnOn32Chassis() : rclcpp::Node("TurnOn32Chassis")
-{
-    sample_time_ = 0;
-
-    // 初始化结构体
-    memset(&receive_data_, 0, sizeof(receive_data_));
-    memset(&send_data_, 0, sizeof(send_data_));
-    imu_msg_ = sensor_msgs::msg::Imu();
-    memset(&robot_pos_, 0, sizeof(robot_pos_));
-    memset(&robot_vel_, 0, sizeof(robot_vel_));
-
-    // 注意：不要对 STM32_Serial 使用 memset，因为它是一个 C++ 对象
-
-    // 声明参数
-    this->declare_parameter<std::string>("port_name", "/dev/agribot_serial");
-    this->declare_parameter<int>("baud_rate", 115200);
-    this->declare_parameter<std::string>("odom_frame_id", "odom");
-    this->declare_parameter<std::string>("robot_frame_id", "base_footprint");
-    this->declare_parameter<std::string>("gyro_frame_id", "imu_link");
-
-    this->get_parameter<std::string>("port_name", port_name_);
-    this->get_parameter<int>("baud_rate", baud_rate_);
-    this->get_parameter("odom_frame_id", odom_frame_id);   // The odometer topic corresponds to the parent TF coordinate //里程计话题对应父TF坐标
-    this->get_parameter("robot_frame_id", robot_frame_id); // The odometer topic corresponds to sub-TF coordinates //里程计话题对应子TF坐标
-    this->get_parameter("gyro_frame_id", gyro_frame_id);   // IMU topics correspond to TF coordinates //IMU话题对应TF坐标
-
-    odom_publisher = create_publisher<nav_msgs::msg::Odometry>("wheel/odom", 2); // Create the raw wheel odometry publisher //创建原始轮式里程计发布者
-    imu_publisher = create_publisher<sensor_msgs::msg::Imu>("imu/data_raw", 2); // Create an IMU topic publisher //创建IMU话题发布者
-
-    Cmd_Vel_Sub = create_subscription<geometry_msgs::msg::Twist>(
-        "cmd_vel", 10, std::bind(&TurnOn32Chassis::Cmd_Vel_Callback, this, std::placeholders::_1));
-
-    try
-    {
-        STM32_Serial.setPort(port_name_);
-        STM32_Serial.setBaudrate(baud_rate_);
-        STM32_Serial.setParity(serial::parity_none);
-        STM32_Serial.setStopbits(serial::stopbits_one);
-
-        serial::Timeout _timeout = serial::Timeout::simpleTimeout(1000);
-        STM32_Serial.setTimeout(_timeout);
-        STM32_Serial.open();
-        STM32_Serial.flushInput();
-    }
-    catch (const serial::IOException &e)
-    {
-        RCLCPP_ERROR(this->get_logger(), "Failed to open port: %s", e.what());
-    }
-
-    if (STM32_Serial.isOpen())
-    {
-        RCLCPP_INFO(this->get_logger(), "Port opened successfully");
-
-        // 发送初始化命令
-        // uint8_t tx_data[11] = {0x7B, 0x00, 0x00, 0x00, 0x75, 0x00, 0x00, 0x00, 0x00, 0x1F, 0X7D};
-        // tx_data[9] = check_sum(tx_data, 9);
-        // STM32_Serial.write(tx_data, sizeof(tx_data));
-
-        // // 创建一个定时器来定期读取串口数据
-        // timer_ = this->create_wall_timer(
-        //     std::chrono::milliseconds(500), // 每500毫秒读取一次
-        //     std::bind(&TurnOn32Chassis::receive_row_serialdata, this));
-    }
-    else
-    {
-        RCLCPP_ERROR(this->get_logger(), "Failed to open serial port");
-    }
+int main(int argc, char ** argv)
+{
+  rclcpp::init(argc, argv);
+  TurnOn32Chassis TurnOn32Chassis;
+  TurnOn32Chassis.run();
+  return 0;
+}
+
+TurnOn32Chassis::TurnOn32Chassis()
+: rclcpp::Node("TurnOn32Chassis")
+{
+  sample_time_ = 0;
+
+  // 初始化结构体
+  memset(&receive_data_, 0, sizeof(receive_data_));
+  memset(&send_data_, 0, sizeof(send_data_));
+  imu_msg_ = sensor_msgs::msg::Imu();
+  memset(&robot_pos_, 0, sizeof(robot_pos_));
+  memset(&robot_vel_, 0, sizeof(robot_vel_));
+
+  // 注意：不要对 STM32_Serial 使用 memset，因为它是一个 C++ 对象
+
+  // 声明参数
+  this->declare_parameter<std::string>("port_name", "/dev/agribot_serial");
+  this->declare_parameter<int>("baud_rate", 115200);
+  this->declare_parameter<std::string>("odom_frame_id", "odom");
+  this->declare_parameter<std::string>("robot_frame_id", "base_footprint");
+  this->declare_parameter<std::string>("gyro_frame_id", "imu_link");
+
+  this->get_parameter<std::string>("port_name", port_name_);
+  this->get_parameter<int>("baud_rate", baud_rate_);
+  this->get_parameter("odom_frame_id", odom_frame_id);     // The odometer topic corresponds to the parent TF coordinate //里程计话题对应父TF坐标
+  this->get_parameter("robot_frame_id", robot_frame_id);   // The odometer topic corresponds to sub-TF coordinates //里程计话题对应子TF坐标
+  this->get_parameter("gyro_frame_id", gyro_frame_id);     // IMU topics correspond to TF coordinates //IMU话题对应TF坐标
+
+  odom_publisher = create_publisher<nav_msgs::msg::Odometry>("wheel/odom", 2);   // Create the raw wheel odometry publisher //创建原始轮式里程计发布者
+  imu_publisher = create_publisher<sensor_msgs::msg::Imu>("imu/data_raw", 2);   // Create an IMU topic publisher //创建IMU话题发布者
+
+  Cmd_Vel_Sub = create_subscription<geometry_msgs::msg::Twist>(
+    "cmd_vel", 10, std::bind(&TurnOn32Chassis::Cmd_Vel_Callback, this, std::placeholders::_1));
+
+  try {
+    STM32_Serial.setPort(port_name_);
+    STM32_Serial.setBaudrate(baud_rate_);
+    STM32_Serial.setParity(serial::parity_none);
+    STM32_Serial.setStopbits(serial::stopbits_one);
+
+    serial::Timeout _timeout = serial::Timeout::simpleTimeout(1000);
+    STM32_Serial.setTimeout(_timeout);
+    STM32_Serial.open();
+    STM32_Serial.flushInput();
+  } catch (const serial::IOException & e) {
+    RCLCPP_ERROR(this->get_logger(), "Failed to open port: %s", e.what());
+  }
+
+  if (STM32_Serial.isOpen()) {
+    RCLCPP_INFO(this->get_logger(), "Port opened successfully");
+
+    // 发送初始化命令
+    // uint8_t tx_data[11] = {0x7B, 0x00, 0x00, 0x00, 0x75, 0x00, 0x00, 0x00, 0x00, 0x1F, 0X7D};
+    // tx_data[9] = check_sum(tx_data, 9);
+    // STM32_Serial.write(tx_data, sizeof(tx_data));
+
+    // // 创建一个定时器来定期读取串口数据
+    // timer_ = this->create_wall_timer(
+    //     std::chrono::milliseconds(500), // 每500毫秒读取一次
+    //     std::bind(&TurnOn32Chassis::receive_row_serialdata, this));
+  } else {
+    RCLCPP_ERROR(this->get_logger(), "Failed to open serial port");
+  }
@@ -93,3 +88,3 @@
-    short Temp_data = 0;
-    Temp_data = (data_high << 8) | data_low;
-    return Temp_data;
+  short Temp_data = 0;
+  Temp_data = (data_high << 8) | data_low;
+  return Temp_data;
@@ -104,9 +99,19 @@
-    static uint8_t ReceiveDataTemp = 0, count = 0, status = 0;
-
-    // 检查是否有数据可读
-    if (STM32_Serial.available() > 0)
-    {
-        STM32_Serial.read(&ReceiveDataTemp, 1);
-        // RCLCPP_INFO(this->get_logger(), "Received byte: 0x%02X count: %d status: %d", ReceiveDataTemp, count, status);
-
-        if (count == 0 && ReceiveDataTemp == FRAME_HEADER && status == 0)
+  static uint8_t ReceiveDataTemp = 0, count = 0, status = 0;
+
+  // 检查是否有数据可读
+  if (STM32_Serial.available() > 0) {
+    STM32_Serial.read(&ReceiveDataTemp, 1);
+    // RCLCPP_INFO(this->get_logger(), "Received byte: 0x%02X count: %d status: %d", ReceiveDataTemp, count, status);
+
+    if (count == 0 && ReceiveDataTemp == FRAME_HEADER && status == 0) {
+      receive_data_.buffer[count] = ReceiveDataTemp;
+      count++;
+      status = 1;
+    } else if (status == 1) {
+      receive_data_.buffer[count] = ReceiveDataTemp;
+      count++;
+      if (count == 24) {
+        status = 0;
+        count = 0;
+        if (receive_data_.buffer[23] == FRAME_TAIL &&
+          check_sum(receive_data_.buffer, 22) == receive_data_.buffer[22])
@@ -114,3 +119,46 @@
-            receive_data_.buffer[count] = ReceiveDataTemp;
-            count++;
-            status = 1;
+          // 解析解收到的数据
+          receive_data_.Frame_Header = receive_data_.buffer[0];
+          receive_data_.Flag_Stop = receive_data_.buffer[1];
+          receive_data_.X_speed =
+            (float)uchartoshort(receive_data_.buffer[2], receive_data_.buffer[3]) / 1000.0f;
+          receive_data_.Y_speed =
+            (float)uchartoshort(receive_data_.buffer[4], receive_data_.buffer[5]) / 1000.0f;
+          receive_data_.Z_speed =
+            (float)uchartoshort(receive_data_.buffer[6], receive_data_.buffer[7]) / 1000.0f;
+          receive_data_.IMUData.accele_x_data = uchartoshort(
+            receive_data_.buffer[8],
+            receive_data_.buffer[9]);
+          receive_data_.IMUData.accele_y_data = uchartoshort(
+            receive_data_.buffer[10],
+            receive_data_.buffer[11]);
+          receive_data_.IMUData.accele_z_data = uchartoshort(
+            receive_data_.buffer[12],
+            receive_data_.buffer[13]);
+          receive_data_.IMUData.gyros_x_data = uchartoshort(
+            receive_data_.buffer[14],
+            receive_data_.buffer[15]);
+          receive_data_.IMUData.gyros_y_data = uchartoshort(
+            receive_data_.buffer[16],
+            receive_data_.buffer[17]);
+          receive_data_.IMUData.gyros_z_data = uchartoshort(
+            receive_data_.buffer[18],
+            receive_data_.buffer[19]);
+          receive_data_.Power_Voltage = (float)uchartoshort(
+            receive_data_.buffer[20],
+            receive_data_.buffer[21]) / 1000.0f;
+          receive_data_.Frame_Tail = receive_data_.buffer[23];
+
+          // 处理串口数据
+          //  将串口接收到的速度数据赋值给robot_vel_
+          robot_vel_.X = receive_data_.X_speed;
+          robot_vel_.Y = receive_data_.Y_speed;
+          robot_vel_.Z = receive_data_.Z_speed;
+
+          // 将串口接收到的IMU数据赋值给imu_msg_
+          imu_msg_.linear_acceleration.x = (float)receive_data_.IMUData.accele_x_data / ACCEl_RATIO;
+          imu_msg_.linear_acceleration.y = (float)receive_data_.IMUData.accele_y_data / ACCEl_RATIO;
+          imu_msg_.linear_acceleration.z = (float)receive_data_.IMUData.accele_z_data / ACCEl_RATIO;
+          imu_msg_.angular_velocity.x = (float)receive_data_.IMUData.gyros_x_data / GYROSCOPE_RATIO;
+          imu_msg_.angular_velocity.y = (float)receive_data_.IMUData.gyros_y_data / GYROSCOPE_RATIO;
+          imu_msg_.angular_velocity.z = (float)receive_data_.IMUData.gyros_z_data / GYROSCOPE_RATIO;
+          return true;
@@ -118,42 +166 @@
-        else if (status == 1)
-        {
-            receive_data_.buffer[count] = ReceiveDataTemp;
-            count++;
-            if (count == 24)
-            {
-                status = 0;
-                count = 0;
-                if (receive_data_.buffer[23] == FRAME_TAIL && check_sum(receive_data_.buffer, 22) == receive_data_.buffer[22])
-                {
-                    // 解析解收到的数据
-                    receive_data_.Frame_Header = receive_data_.buffer[0];
-                    receive_data_.Flag_Stop = receive_data_.buffer[1];
-                    receive_data_.X_speed = (float)uchartoshort(receive_data_.buffer[2], receive_data_.buffer[3]) / 1000.0f;
-                    receive_data_.Y_speed = (float)uchartoshort(receive_data_.buffer[4], receive_data_.buffer[5]) / 1000.0f;
-                    receive_data_.Z_speed = (float)uchartoshort(receive_data_.buffer[6], receive_data_.buffer[7]) / 1000.0f;
-                    receive_data_.IMUData.accele_x_data = uchartoshort(receive_data_.buffer[8], receive_data_.buffer[9]);
-                    receive_data_.IMUData.accele_y_data = uchartoshort(receive_data_.buffer[10], receive_data_.buffer[11]);
-                    receive_data_.IMUData.accele_z_data = uchartoshort(receive_data_.buffer[12], receive_data_.buffer[13]);
-                    receive_data_.IMUData.gyros_x_data = uchartoshort(receive_data_.buffer[14], receive_data_.buffer[15]);
-                    receive_data_.IMUData.gyros_y_data = uchartoshort(receive_data_.buffer[16], receive_data_.buffer[17]);
-                    receive_data_.IMUData.gyros_z_data = uchartoshort(receive_data_.buffer[18], receive_data_.buffer[19]);
-                    receive_data_.Power_Voltage = (float)uchartoshort(receive_data_.buffer[20], receive_data_.buffer[21]) / 1000.0f;
-                    receive_data_.Frame_Tail = receive_data_.buffer[23];
-
-                    // 处理串口数据
-                    //  将串口接收到的速度数据赋值给robot_vel_
-                    robot_vel_.X = receive_data_.X_speed;
-                    robot_vel_.Y = receive_data_.Y_speed;
-                    robot_vel_.Z = receive_data_.Z_speed;
-
-                    // 将串口接收到的IMU数据赋值给imu_msg_
-                    imu_msg_.linear_acceleration.x = (float)receive_data_.IMUData.accele_x_data / ACCEl_RATIO;
-                    imu_msg_.linear_acceleration.y = (float)receive_data_.IMUData.accele_y_data / ACCEl_RATIO;
-                    imu_msg_.linear_acceleration.z = (float)receive_data_.IMUData.accele_z_data / ACCEl_RATIO;
-                    imu_msg_.angular_velocity.x = (float)receive_data_.IMUData.gyros_x_data / GYROSCOPE_RATIO;
-                    imu_msg_.angular_velocity.y = (float)receive_data_.IMUData.gyros_y_data / GYROSCOPE_RATIO;
-                    imu_msg_.angular_velocity.z = (float)receive_data_.IMUData.gyros_z_data / GYROSCOPE_RATIO;
-                    return true;
-                }
-            }
-        }
+      }
@@ -161,2 +168,3 @@
-
-    return false;
+  }
+
+  return false;
@@ -171,17 +179,16 @@
-uint8_t TurnOn32Chassis::check_sum(uint8_t *data, uint8_t len)
-{
-    unsigned char check_sum = 0, k;
-
-    for (k = 0; k < len; k++)
-    {
-        check_sum = check_sum ^ data[k]; // By bit or by bit //按位异或
-    }
-
-    // if (mode == 3)
-    // {
-    //     for (k = 0; k < Count_Number; k++)
-    //     {
-    //         check_sum = check_sum ^ Distance_Data.rx[k]; // By bit or by bit //按位异或
-    //     }
-
-    return check_sum; // Returns the bitwise XOR result //返回按位异或结果
+uint8_t TurnOn32Chassis::check_sum(uint8_t * data, uint8_t len)
+{
+  unsigned char check_sum = 0, k;
+
+  for (k = 0; k < len; k++) {
+    check_sum = check_sum ^ data[k];     // By bit or by bit //按位异或
+  }
+
+  // if (mode == 3)
+  // {
+  //     for (k = 0; k < Count_Number; k++)
+  //     {
+  //         check_sum = check_sum ^ Distance_Data.rx[k]; // By bit or by bit //按位异或
+  //     }
+
+  return check_sum;   // Returns the bitwise XOR result //返回按位异或结果
@@ -192,33 +199,33 @@
-    // Convert the Z-axis rotation Angle into a quaternion for expression
-    // 把Z轴转角转换为四元数进行表达
-    tf2::Quaternion q;
-    q.setRPY(0, 0, robot_pos_.Z);
-    geometry_msgs::msg::Quaternion odom_quat = tf2::toMsg(q);
-
-    nav_msgs::msg::Odometry odom; // Instance the odometer topic data //实例化里程计话题数据
-    odom.header.stamp = rclcpp::Node::now();
-    ;
-    odom.header.frame_id = odom_frame_id;     // Odometer TF parent coordinates //里程计TF父坐标
-    odom.pose.pose.position.x = robot_pos_.X; // Position //位置
-    odom.pose.pose.position.y = robot_pos_.Y;
-    odom.pose.pose.position.z = 0.0; // Planar robot: robot_pos_.Z stores yaw, not height //二维机器人：robot_pos_.Z 表示偏航角，不是高度
-    odom.pose.pose.orientation = odom_quat; // Posture, Quaternion converted by Z-axis rotation //姿态，通过Z轴转角转换的四元数
-
-    odom.child_frame_id = robot_frame_id;      // Odometer TF subcoordinates //里程计TF子坐标
-    odom.twist.twist.linear.x = robot_vel_.X;  // Speed in the X direction //X方向速度
-    odom.twist.twist.linear.y = robot_vel_.Y;  // Speed in the Y direction //Y方向速度
-    odom.twist.twist.angular.z = robot_vel_.Z; // Angular velocity around the Z axis //绕Z轴角速度
-
-    // There are two types of this matrix, which are used when the robot is at rest and when it is moving.Extended Kalman Filtering officially provides 2 matrices for the robot_pose_ekf feature pack
-    // 这个矩阵有两种，分别在机器人静止和运动的时候使用。扩展卡尔曼滤波官方提供的2个矩阵，用于robot_pose_ekf功能包
-    if (robot_vel_.X == 0 && robot_vel_.Y == 0 && robot_vel_.Z == 0)
-        // If the velocity is zero, it means that the error of the encoder will be relatively small, and the data of the encoder will be considered more reliable
-        // 如果velocity是零，说明编码器的误差会比较小，认为编码器数据更可靠
-        memcpy(&odom.pose.covariance, odom_pose_covariance2, sizeof(odom_pose_covariance2)),
-            memcpy(&odom.twist.covariance, odom_twist_covariance2, sizeof(odom_twist_covariance2));
-    else
-        // If the velocity of the trolley is non-zero, considering the sliding error that may be brought by the encoder in motion, the data of IMU is considered to be more reliable
-        // 如果小车velocity非零，考虑到运动中编码器可能带来的滑动误差，认为imu的数据更可靠
-        memcpy(&odom.pose.covariance, odom_pose_covariance, sizeof(odom_pose_covariance)),
-            memcpy(&odom.twist.covariance, odom_twist_covariance, sizeof(odom_twist_covariance));
-    odom_publisher->publish(odom); // Pub odometer topic //发布里程计话题
+  // Convert the Z-axis rotation Angle into a quaternion for expression
+  // 把Z轴转角转换为四元数进行表达
+  tf2::Quaternion q;
+  q.setRPY(0, 0, robot_pos_.Z);
+  geometry_msgs::msg::Quaternion odom_quat = tf2::toMsg(q);
+
+  nav_msgs::msg::Odometry odom;   // Instance the odometer topic data //实例化里程计话题数据
+  odom.header.stamp = rclcpp::Node::now();
+  odom.header.frame_id = odom_frame_id;       // Odometer TF parent coordinates //里程计TF父坐标
+  odom.pose.pose.position.x = robot_pos_.X;   // Position //位置
+  odom.pose.pose.position.y = robot_pos_.Y;
+  odom.pose.pose.position.z = 0.0;   // Planar robot: robot_pos_.Z stores yaw, not height //二维机器人：robot_pos_.Z 表示偏航角，不是高度
+  odom.pose.pose.orientation = odom_quat;   // Posture, Quaternion converted by Z-axis rotation //姿态，通过Z轴转角转换的四元数
+
+  odom.child_frame_id = robot_frame_id;        // Odometer TF subcoordinates //里程计TF子坐标
+  odom.twist.twist.linear.x = robot_vel_.X;    // Speed in the X direction //X方向速度
+  odom.twist.twist.linear.y = robot_vel_.Y;    // Speed in the Y direction //Y方向速度
+  odom.twist.twist.angular.z = robot_vel_.Z;   // Angular velocity around the Z axis //绕Z轴角速度
+
+  // There are two types of this matrix, which are used when the robot is at rest and when it is moving.Extended Kalman Filtering officially provides 2 matrices for the robot_pose_ekf feature pack
+  // 这个矩阵有两种，分别在机器人静止和运动的时候使用。扩展卡尔曼滤波官方提供的2个矩阵，用于robot_pose_ekf功能包
+  if (robot_vel_.X == 0 && robot_vel_.Y == 0 && robot_vel_.Z == 0) {
+    // If the velocity is zero, it means that the error of the encoder will be relatively small, and the data of the encoder will be considered more reliable
+    // 如果velocity是零，说明编码器的误差会比较小，认为编码器数据更可靠
+    memcpy(&odom.pose.covariance, odom_pose_covariance2, sizeof(odom_pose_covariance2)),
+    memcpy(&odom.twist.covariance, odom_twist_covariance2, sizeof(odom_twist_covariance2));
+  } else {
+    // If the velocity of the trolley is non-zero, considering the sliding error that may be brought by the encoder in motion, the data of IMU is considered to be more reliable
+    // 如果小车velocity非零，考虑到运动中编码器可能带来的滑动误差，认为imu的数据更可靠
+    memcpy(&odom.pose.covariance, odom_pose_covariance, sizeof(odom_pose_covariance)),
+    memcpy(&odom.twist.covariance, odom_twist_covariance, sizeof(odom_twist_covariance));
+  }
+  odom_publisher->publish(odom);   // Pub odometer topic //发布里程计话题
@@ -245,3 +252,3 @@
-    sensor_msgs::msg::Imu Imu_Data_Pub; // Instantiate IMU topic data //实例化IMU话题数据
-    Imu_Data_Pub.header.stamp = rclcpp::Node::now();
-    Imu_Data_Pub.header.frame_id = gyro_frame_id;        // IMU corresponds to TF coordinates, which is required to use the robot_pose_ekf feature pack
+  sensor_msgs::msg::Imu Imu_Data_Pub;   // Instantiate IMU topic data //实例化IMU话题数据
+  Imu_Data_Pub.header.stamp = rclcpp::Node::now();
+  Imu_Data_Pub.header.frame_id = gyro_frame_id;          // IMU corresponds to TF coordinates, which is required to use the robot_pose_ekf feature pack
@@ -249,17 +256,17 @@
-    Imu_Data_Pub.orientation.x = imu_msg_.orientation.x; // A quaternion represents a three-axis attitude //四元数表达三轴姿态
-    Imu_Data_Pub.orientation.y = imu_msg_.orientation.y;
-    Imu_Data_Pub.orientation.z = imu_msg_.orientation.z;
-    Imu_Data_Pub.orientation.w = imu_msg_.orientation.w;
-    Imu_Data_Pub.orientation_covariance[0] = 1e6; // Three-axis attitude covariance matrix //三轴姿态协方差矩阵
-    Imu_Data_Pub.orientation_covariance[4] = 1e6;
-    Imu_Data_Pub.orientation_covariance[8] = 1e-6;
-    Imu_Data_Pub.angular_velocity.x = imu_msg_.angular_velocity.x; // Triaxial angular velocity //三轴角速度
-    Imu_Data_Pub.angular_velocity.y = imu_msg_.angular_velocity.y;
-    Imu_Data_Pub.angular_velocity.z = imu_msg_.angular_velocity.z;
-    Imu_Data_Pub.angular_velocity_covariance[0] = 1e6; // Triaxial angular velocity covariance matrix //三轴角速度协方差矩阵
-    Imu_Data_Pub.angular_velocity_covariance[4] = 1e6;
-    Imu_Data_Pub.angular_velocity_covariance[8] = 1e-6;
-    Imu_Data_Pub.linear_acceleration.x = imu_msg_.linear_acceleration.x; // Triaxial acceleration //三轴线性加速度
-    Imu_Data_Pub.linear_acceleration.y = imu_msg_.linear_acceleration.y;
-    Imu_Data_Pub.linear_acceleration.z = imu_msg_.linear_acceleration.z;
-    imu_publisher->publish(Imu_Data_Pub); // Pub IMU topic //发布IMU话题
+  Imu_Data_Pub.orientation.x = imu_msg_.orientation.x;   // A quaternion represents a three-axis attitude //四元数表达三轴姿态
+  Imu_Data_Pub.orientation.y = imu_msg_.orientation.y;
+  Imu_Data_Pub.orientation.z = imu_msg_.orientation.z;
+  Imu_Data_Pub.orientation.w = imu_msg_.orientation.w;
+  Imu_Data_Pub.orientation_covariance[0] = 1e6;   // Three-axis attitude covariance matrix //三轴姿态协方差矩阵
+  Imu_Data_Pub.orientation_covariance[4] = 1e6;
+  Imu_Data_Pub.orientation_covariance[8] = 1e-6;
+  Imu_Data_Pub.angular_velocity.x = imu_msg_.angular_velocity.x;   // Triaxial angular velocity //三轴角速度
+  Imu_Data_Pub.angular_velocity.y = imu_msg_.angular_velocity.y;
+  Imu_Data_Pub.angular_velocity.z = imu_msg_.angular_velocity.z;
+  Imu_Data_Pub.angular_velocity_covariance[0] = 1e6;   // Triaxial angular velocity covariance matrix //三轴角速度协方差矩阵
+  Imu_Data_Pub.angular_velocity_covariance[4] = 1e6;
+  Imu_Data_Pub.angular_velocity_covariance[8] = 1e-6;
+  Imu_Data_Pub.linear_acceleration.x = imu_msg_.linear_acceleration.x;   // Triaxial acceleration //三轴线性加速度
+  Imu_Data_Pub.linear_acceleration.y = imu_msg_.linear_acceleration.y;
+  Imu_Data_Pub.linear_acceleration.z = imu_msg_.linear_acceleration.z;
+  imu_publisher->publish(Imu_Data_Pub);   // Pub IMU topic //发布IMU话题
@@ -270,35 +277,87 @@
-    short transition; // intermediate variable //中间变量
-
-    send_data_.buffer[0] = FRAME_HEADER; // frame head 0x7B //帧头0X7B
-    send_data_.buffer[1] = 0;            // set aside //预留位
-    send_data_.buffer[2] = 0;            // set aside //预留位
-
-    // The target velocity of the X-axis of the robot
-    // 机器人x轴的目标线速度
-    transition = 0;
-    transition = twist_aux->linear.x * 1000; // 将浮点数放大一千倍，简化传输
-    send_data_.buffer[4] = transition;       // 取数据的低8位
-    send_data_.buffer[3] = transition >> 8;  // 取数据的高8位
-
-    // The target velocity of the Y-axis of the robot
-    // 机器人y轴的目标线速度
-    transition = 0;
-    transition = twist_aux->linear.y * 1000;
-    send_data_.buffer[6] = transition;
-    send_data_.buffer[5] = transition >> 8;
-
-    // The target angular velocity of the robot's Z axis
-    // 机器人z轴的目标角速度
-    transition = 0;
-    transition = twist_aux->angular.z * 1000;
-    send_data_.buffer[8] = transition;
-    send_data_.buffer[7] = transition >> 8;
-
-    send_data_.buffer[9] = check_sum(send_data_.buffer, 9); // For the BCC check bits, see the Check_Sum function //BCC校验位，规则参见Check_Sum函数
-    send_data_.buffer[10] = FRAME_TAIL;                     // frame tail 0x7D //帧尾0X7D
-    try
-    {
-        STM32_Serial.write(send_data_.buffer, sizeof(send_data_.buffer)); // Sends data to the downloader via serial port //通过串口向下位机发送数据
-        RCLCPP_INFO(this->get_logger(), "Sent data: %02X %02X %02X %02X %02X %02X %02X %02X %02X %02X %02X",
-                    send_data_.buffer[0], send_data_.buffer[1], send_data_.buffer[2], send_data_.buffer[3], send_data_.buffer[4],
-                    send_data_.buffer[5], send_data_.buffer[6], send_data_.buffer[7], send_data_.buffer[8], send_data_.buffer[9], send_data_.buffer[10]);
+  short transition;   // intermediate variable //中间变量
+
+  send_data_.buffer[0] = FRAME_HEADER;   // frame head 0x7B //帧头0X7B
+  send_data_.buffer[1] = 0;              // set aside //预留位
+  send_data_.buffer[2] = 0;              // set aside //预留位
+
+  // The target velocity of the X-axis of the robot
+  // 机器人x轴的目标线速度
+  transition = 0;
+  transition = twist_aux->linear.x * 1000;   // 将浮点数放大一千倍，简化传输
+  send_data_.buffer[4] = transition;         // 取数据的低8位
+  send_data_.buffer[3] = transition >> 8;    // 取数据的高8位
+
+  // The target velocity of the Y-axis of the robot
+  // 机器人y轴的目标线速度
+  transition = 0;
+  transition = twist_aux->linear.y * 1000;
+  send_data_.buffer[6] = transition;
+  send_data_.buffer[5] = transition >> 8;
+
+  // The target angular velocity of the robot's Z axis
+  // 机器人z轴的目标角速度
+  transition = 0;
+  transition = twist_aux->angular.z * 1000;
+  send_data_.buffer[8] = transition;
+  send_data_.buffer[7] = transition >> 8;
+
+  send_data_.buffer[9] = check_sum(send_data_.buffer, 9);   // For the BCC check bits, see the Check_Sum function //BCC校验位，规则参见Check_Sum函数
+  send_data_.buffer[10] = FRAME_TAIL;                       // frame tail 0x7D //帧尾0X7D
+  try {
+    STM32_Serial.write(send_data_.buffer, sizeof(send_data_.buffer));     // Sends data to the downloader via serial port //通过串口向下位机发送数据
+    RCLCPP_INFO(
+      this->get_logger(), "Sent data: %02X %02X %02X %02X %02X %02X %02X %02X %02X %02X %02X",
+      send_data_.buffer[0], send_data_.buffer[1], send_data_.buffer[2], send_data_.buffer[3],
+      send_data_.buffer[4],
+      send_data_.buffer[5], send_data_.buffer[6], send_data_.buffer[7], send_data_.buffer[8],
+      send_data_.buffer[9], send_data_.buffer[10]);
+  } catch (serial::IOException & e) {
+    RCLCPP_ERROR(this->get_logger(), ("Unable to send data through serial port"));     // If sending data fails, an error message is printed //如果发送数据失败，打印错误信息
+  }
+}
+
+void TurnOn32Chassis::run()
+{
+  RCLCPP_INFO(this->get_logger(), "TurnOn32Chassis");
+  last_time_ = rclcpp::Node::now();
+
+  while (rclcpp::ok()) {
+    try {
+      current_time_ = rclcpp::Node::now();
+      sample_time_ = (current_time_ - last_time_).seconds();
+      // RCLCPP_INFO(this->get_logger(), "sample_time_: %f", sample_time_);
+      // 采样频率
+      if (TurnOn32Chassis::receive_row_serialdata() == true) {
+        // RCLCPP_INFO(this->get_logger(), "SAMPLING_FREQ: %f", 1 / sample_time_);
+
+        // 应用缩放系数
+        robot_vel_.X = robot_vel_.X * odom_x_scale_;
+        robot_vel_.Y = robot_vel_.Y * odom_y_scale;
+        if (robot_vel_.Z >= 0) {
+          robot_vel_.Z = robot_vel_.Z * odom_z_scale_positive;
+        } else {
+          robot_vel_.Z = robot_vel_.Z * odom_z_scale_negative;
+        }
+
+        robot_pos_.X += (robot_vel_.X * cos(robot_pos_.Z) - robot_vel_.Y * sin(robot_pos_.Z)) *
+          sample_time_;                                                                                               // Calculate the displacement in the X direction, unit: m //计算X方向的位移，单位：m
+        robot_pos_.Y += (robot_vel_.X * sin(robot_pos_.Z) + robot_vel_.Y * cos(robot_pos_.Z)) *
+          sample_time_;                                                                                               // Calculate the displacement in the Y direction, unit: m //计算Y方向的位移，单位：m
+        robot_pos_.Z += robot_vel_.Z * sample_time_;                                                                  // The angular displacement about the Z axis, in rad //绕Z轴的角位移，单位：rad
+
+        // 通过IMU绕三轴角速度与三轴加速度计算三轴姿态
+        Quaternion_Solution(
+          imu_msg_.angular_velocity.x, imu_msg_.angular_velocity.y, imu_msg_.angular_velocity.z,
+          imu_msg_.linear_acceleration.x, imu_msg_.linear_acceleration.y,
+          imu_msg_.linear_acceleration.z);
+
+        Publish_Odom();              // Pub the speedometer topic //发布里程计话题
+        Publish_ImuSensor();         // Pub the IMU topic //发布IMU话题
+        // Publish_Voltage();   // Pub the topic of power supply voltage //发布电源电压话题
+
+        last_time_ = current_time_;         // Record the time and use it to calculate the time interval //记录时间，用于计算时间间隔
+      }
+
+      rclcpp::spin_some(this->get_node_base_interface());
+    } catch (const rclcpp::exceptions::RCLError & e) {
+      RCLCPP_ERROR(this->get_logger(), "unexpectedly failed whith %s", e.what());
@@ -306,53 +365 @@
-    catch (serial::IOException &e)
-    {
-        RCLCPP_ERROR(this->get_logger(), ("Unable to send data through serial port")); // If sending data fails, an error message is printed //如果发送数据失败，打印错误信息
-    }
-}
-
-void TurnOn32Chassis::run()
-{
-    RCLCPP_INFO(this->get_logger(), "TurnOn32Chassis");
-    last_time_ = rclcpp::Node::now();
-
-    while (rclcpp::ok())
-    {
-        try
-        {
-            current_time_ = rclcpp::Node::now();
-            sample_time_ = (current_time_ - last_time_).seconds();
-            // RCLCPP_INFO(this->get_logger(), "sample_time_: %f", sample_time_);
-            // 采样频率
-            if (TurnOn32Chassis::receive_row_serialdata() == true)
-            {
-                // RCLCPP_INFO(this->get_logger(), "SAMPLING_FREQ: %f", 1 / sample_time_);
-
-                // 应用缩放系数
-                robot_vel_.X = robot_vel_.X * odom_x_scale_;
-                robot_vel_.Y = robot_vel_.Y * odom_y_scale;
-                if (robot_vel_.Z >= 0)
-                    robot_vel_.Z = robot_vel_.Z * odom_z_scale_positive;
-                else
-                    robot_vel_.Z = robot_vel_.Z * odom_z_scale_negative;
-
-                robot_pos_.X += (robot_vel_.X * cos(robot_pos_.Z) - robot_vel_.Y * sin(robot_pos_.Z)) * sample_time_; // Calculate the displacement in the X direction, unit: m //计算X方向的位移，单位：m
-                robot_pos_.Y += (robot_vel_.X * sin(robot_pos_.Z) + robot_vel_.Y * cos(robot_pos_.Z)) * sample_time_; // Calculate the displacement in the Y direction, unit: m //计算Y方向的位移，单位：m
-                robot_pos_.Z += robot_vel_.Z * sample_time_;                                                          // The angular displacement about the Z axis, in rad //绕Z轴的角位移，单位：rad
-
-                // 通过IMU绕三轴角速度与三轴加速度计算三轴姿态
-                Quaternion_Solution(imu_msg_.angular_velocity.x, imu_msg_.angular_velocity.y, imu_msg_.angular_velocity.z,
-                                    imu_msg_.linear_acceleration.x, imu_msg_.linear_acceleration.y, imu_msg_.linear_acceleration.z);
-
-                Publish_Odom();      // Pub the speedometer topic //发布里程计话题
-                Publish_ImuSensor(); // Pub the IMU topic //发布IMU话题
-                // Publish_Voltage();   // Pub the topic of power supply voltage //发布电源电压话题
-
-                last_time_ = current_time_; // Record the time and use it to calculate the time interval //记录时间，用于计算时间间隔
-            }
-
-            rclcpp::spin_some(this->get_node_base_interface());
-        }
-        catch (const rclcpp::exceptions::RCLError &e)
-        {
-            RCLCPP_ERROR(this->get_logger(), "unexpectedly failed whith %s", e.what());
-        }
-    }
+  }
@@ -363,8 +370,8 @@
-    RCLCPP_INFO(this->get_logger(), "TurnOn32Chassis::~TurnOn32Chassis");
-
-    uint8_t tx_data[11] = {0x7B, 0x00, 0x00, 0x00, 0x00, 0x00, 0x00, 0x00, 0x00, 0x00, 0X7D};
-    tx_data[9] = check_sum(tx_data, 9);
-    STM32_Serial.write(tx_data, sizeof(tx_data));
-
-    STM32_Serial.close();
-}
+  RCLCPP_INFO(this->get_logger(), "TurnOn32Chassis::~TurnOn32Chassis");
+
+  uint8_t tx_data[11] = {0x7B, 0x00, 0x00, 0x00, 0x00, 0x00, 0x00, 0x00, 0x00, 0x00, 0X7D};
+  tx_data[9] = check_sum(tx_data, 9);
+  STM32_Serial.write(tx_data, sizeof(tx_data));
+
+  STM32_Serial.close();
+}

5 files with code style divergence
No code style divergence in file 'include/turn_on_32chassis/wheel_trust_monitor.hpp'

No code style divergence in file 'src/imu_source_selector.cpp'

No code style divergence in file 'test/test_wheel_trust_monitor.cpp'

-- run_test.py: return code 1
-- run_test.py: verify result file '/home/wheeltec/agribot/agribot_ws/build/turn_on_32chassis/test_results/turn_on_32chassis/uncrustify.xunit.xml'
<end of output>
Test time =   0.61 sec
----------------------------------------------------------
Test Failed.
"uncrustify" end time: Jul 23 20:47 CST
"uncrustify" time elapsed: 00:00:00
----------------------------------------------------------

8/8 Testing: xmllint
8/8 Test: xmllint
Command: "/usr/bin/python3" "-u" "/opt/ros/humble/share/ament_cmake_test/cmake/run_test.py" "/home/wheeltec/agribot/agribot_ws/build/turn_on_32chassis/test_results/turn_on_32chassis/xmllint.xunit.xml" "--package-name" "turn_on_32chassis" "--output-file" "/home/wheeltec/agribot/agribot_ws/build/turn_on_32chassis/ament_xmllint/xmllint.txt" "--command" "/opt/ros/humble/bin/ament_xmllint" "--xunit-file" "/home/wheeltec/agribot/agribot_ws/build/turn_on_32chassis/test_results/turn_on_32chassis/xmllint.xunit.xml"
Directory: /home/wheeltec/agribot/agribot_ws/src/turn_on_32chassis
"xmllint" start time: Jul 23 20:47 CST
Output:
----------------------------------------------------------
-- run_test.py: invoking following command in '/home/wheeltec/agribot/agribot_ws/src/turn_on_32chassis':
 - /opt/ros/humble/bin/ament_xmllint --xunit-file /home/wheeltec/agribot/agribot_ws/build/turn_on_32chassis/test_results/turn_on_32chassis/xmllint.xunit.xml
File 'package.xml' is valid

No problems found
-- run_test.py: return code 0
-- run_test.py: verify result file '/home/wheeltec/agribot/agribot_ws/build/turn_on_32chassis/test_results/turn_on_32chassis/xmllint.xunit.xml'
<end of output>
Test time =   2.37 sec
----------------------------------------------------------
Test Passed.
"xmllint" end time: Jul 23 20:47 CST
"xmllint" time elapsed: 00:00:02
----------------------------------------------------------

End testing: Jul 23 20:47 CST

cppcheck =   0.46 sec*proc

flake8 =   0.91 sec*proc

gtest =   0.22 sec*proc

launch_test =   3.36 sec*proc

lint_cmake =   0.42 sec*proc

linter =   5.38 sec*proc

pep257 =   0.61 sec*proc

uncrustify =   0.61 sec*proc

xmllint =   2.37 sec*proc

