<?xml version="1.0" encoding="UTF-8"?>
<Site BuildName="(empty)"
	BuildStamp="20260723-1250-Experimental"
	Name="wheeltec"
	Generator="ctest-3.22.1"
	CompilerName="/usr/bin/c++"
	CompilerVersion="11.4.0"
	OSName="Linux"
	Hostname="wheeltec"
	OSRelease="5.15.148-tegra"
	OSVersion="#1 SMP PREEMPT Thu Sep 18 15:08:33 PDT 2025"
	OSPlatform="aarch64"
	Is64Bits="1"
	VendorString=""
	VendorID="Unknown Manufacturer"
	FamilyID="8"
	ModelID="0"
	ProcessorCacheSize="0"
	NumberOfLogicalCPU="8"
	NumberOfPhysicalCPU="1"
	TotalVirtualMemory="7827"
	TotalPhysicalMemory="15655"
	LogicalProcessorsPerPhysical="8"
	ProcessorClockFrequency="0"
	>
	<Testing>
		<StartDateTime>Jul 23 20:50 CST</StartDateTime>
		<StartTestTime>1784811041</StartTestTime>
		<TestList>
			<Test>./test_wheel_trust_monitor</Test>
			<Test>./test_test_slip_aware_odometry_launch.py</Test>
			<Test>./cppcheck</Test>
			<Test>./flake8</Test>
			<Test>./lint_cmake</Test>
			<Test>./pep257</Test>
			<Test>./xmllint</Test>
		</TestList>
		<Test Status="passed">
			<Name>test_wheel_trust_monitor</Name>
			<Path>.</Path>
			<FullName>./test_wheel_trust_monitor</FullName>
			<FullCommandLine>/usr/bin/python3 "-u" "/opt/ros/humble/share/ament_cmake_test/cmake/run_test.py" "/home/wheeltec/agribot/agribot_ws/build/turn_on_32chassis/test_results/turn_on_32chassis/test_wheel_trust_monitor.gtest.xml" "--package-name" "turn_on_32chassis" "--output-file" "/home/wheeltec/agribot/agribot_ws/build/turn_on_32chassis/ament_cmake_gtest/test_wheel_trust_monitor.txt" "--command" "/home/wheeltec/agribot/agribot_ws/build/turn_on_32chassis/test_wheel_trust_monitor" "--gtest_output=xml:/home/wheeltec/agribot/agribot_ws/build/turn_on_32chassis/test_results/turn_on_32chassis/test_wheel_trust_monitor.gtest.xml"</FullCommandLine>
			<Results>
				<NamedMeasurement type="numeric/double" name="Execution Time">
					<Value>0.199482</Value>
				</NamedMeasurement>
				<NamedMeasurement type="numeric/double" name="Processors">
					<Value>1</Value>
				</NamedMeasurement>
				<NamedMeasurement type="text/string" name="Completion Status">
					<Value>Completed</Value>
				</NamedMeasurement>
				<NamedMeasurement type="text/string" name="Command Line">
					<Value>/usr/bin/python3 "-u" "/opt/ros/humble/share/ament_cmake_test/cmake/run_test.py" "/home/wheeltec/agribot/agribot_ws/build/turn_on_32chassis/test_results/turn_on_32chassis/test_wheel_trust_monitor.gtest.xml" "--package-name" "turn_on_32chassis" "--output-file" "/home/wheeltec/agribot/agribot_ws/build/turn_on_32chassis/ament_cmake_gtest/test_wheel_trust_monitor.txt" "--command" "/home/wheeltec/agribot/agribot_ws/build/turn_on_32chassis/test_wheel_trust_monitor" "--gtest_output=xml:/home/wheeltec/agribot/agribot_ws/build/turn_on_32chassis/test_results/turn_on_32chassis/test_wheel_trust_monitor.gtest.xml"</Value>
				</NamedMeasurement>
				<NamedMeasurement type="text/string" name="Environment">
					<Value>#CTEST_RESOURCE_GROUP_COUNT=</Value>
				</NamedMeasurement>
				<Measurement>
					<Value>-- run_test.py: invoking following command in '/home/wheeltec/agribot/agribot_ws/build/turn_on_32chassis':
 - /home/wheeltec/agribot/agribot_ws/build/turn_on_32chassis/test_wheel_trust_monitor --gtest_output=xml:/home/wheeltec/agribot/agribot_ws/build/turn_on_32chassis/test_results/turn_on_32chassis/test_wheel_trust_monitor.gtest.xml
Running main() from /opt/ros/humble/src/gtest_vendor/src/gtest_main.cc
[==========] Running 5 tests from 1 test suite.
[----------] Global test environment set-up.
[----------] 5 tests from WheelTrustMonitor
[ RUN      ] WheelTrustMonitor.KeepsConsistentWheelTrusted
[       OK ] WheelTrustMonitor.KeepsConsistentWheelTrusted (0 ms)
[ RUN      ] WheelTrustMonitor.RejectsPersistentSlip
[       OK ] WheelTrustMonitor.RejectsPersistentSlip (0 ms)
[ RUN      ] WheelTrustMonitor.IgnoresResidualWhenNothingMoved
[       OK ] WheelTrustMonitor.IgnoresResidualWhenNothingMoved (0 ms)
[ RUN      ] WheelTrustMonitor.RecoversOnlyAfterStableAgreement
[       OK ] WheelTrustMonitor.RecoversOnlyAfterStableAgreement (0 ms)
[ RUN      ] WheelTrustMonitor.StartsRejectedUntilAgreementIsProven
[       OK ] WheelTrustMonitor.StartsRejectedUntilAgreementIsProven (0 ms)
[----------] 5 tests from WheelTrustMonitor (0 ms total)

[----------] Global test environment tear-down
[==========] 5 tests from 1 test suite ran. (0 ms total)
[  PASSED  ] 5 tests.
-- run_test.py: return code 0
-- run_test.py: inject classname prefix into gtest result file '/home/wheeltec/agribot/agribot_ws/build/turn_on_32chassis/test_results/turn_on_32chassis/test_wheel_trust_monitor.gtest.xml'
-- run_test.py: verify result file '/home/wheeltec/agribot/agribot_ws/build/turn_on_32chassis/test_results/turn_on_32chassis/test_wheel_trust_monitor.gtest.xml'
</Value>
				</Measurement>
			</Results>
			<Labels>
				<Label>gtest</Label>
			</Labels>
		</Test>
		<Test Status="passed">
			<Name>test_test_slip_aware_odometry_launch.py</Name>
			<Path>.</Path>
			<FullName>./test_test_slip_aware_odometry_launch.py</FullName>
			<FullCommandLine>/usr/bin/python3 "-u" "/opt/ros/humble/share/ament_cmake_test/cmake/run_test.py" "/home/wheeltec/agribot/agribot_ws/build/turn_on_32chassis/test_results/turn_on_32chassis/test_test_slip_aware_odometry_launch.py.xunit.xml" "--package-name" "turn_on_32chassis" "--output-file" "/home/wheeltec/agribot/agribot_ws/build/turn_on_32chassis/launch_test/test_test_slip_aware_odometry_launch.py.txt" "--command" "/usr/bin/python3" "-m" "launch_testing.launch_test" "/home/wheeltec/agribot/agribot_ws/src/turn_on_32chassis/test/test_slip_aware_odometry_launch.py" "--junit-xml=/home/wheeltec/agribot/agribot_ws/build/turn_on_32chassis/test_results/turn_on_32chassis/test_test_slip_aware_odometry_launch.py.xunit.xml" "--package-name=turn_on_32chassis"</FullCommandLine>
			<Results>
				<NamedMeasurement type="numeric/double" name="Execution Time">
					<Value>5.37233</Value>
				</NamedMeasurement>
				<NamedMeasurement type="numeric/double" name="Processors">
					<Value>1</Value>
				</NamedMeasurement>
				<NamedMeasurement type="text/string" name="Completion Status">
					<Value>Completed</Value>
				</NamedMeasurement>
				<NamedMeasurement type="text/string" name="Command Line">
					<Value>/usr/bin/python3 "-u" "/opt/ros/humble/share/ament_cmake_test/cmake/run_test.py" "/home/wheeltec/agribot/agribot_ws/build/turn_on_32chassis/test_results/turn_on_32chassis/test_test_slip_aware_odometry_launch.py.xunit.xml" "--package-name" "turn_on_32chassis" "--output-file" "/home/wheeltec/agribot/agribot_ws/build/turn_on_32chassis/launch_test/test_test_slip_aware_odometry_launch.py.txt" "--command" "/usr/bin/python3" "-m" "launch_testing.launch_test" "/home/wheeltec/agribot/agribot_ws/src/turn_on_32chassis/test/test_slip_aware_odometry_launch.py" "--junit-xml=/home/wheeltec/agribot/agribot_ws/build/turn_on_32chassis/test_results/turn_on_32chassis/test_test_slip_aware_odometry_launch.py.xunit.xml" "--package-name=turn_on_32chassis"</Value>
				</NamedMeasurement>
				<NamedMeasurement type="text/string" name="Environment">
					<Value>#CTEST_RESOURCE_GROUP_COUNT=</Value>
				</NamedMeasurement>
				<Measurement>
					<Value>-- run_test.py: invoking following command in '/home/wheeltec/agribot/agribot_ws/build/turn_on_32chassis':
 - /usr/bin/python3 -m launch_testing.launch_test /home/wheeltec/agribot/agribot_ws/src/turn_on_32chassis/test/test_slip_aware_odometry_launch.py --junit-xml=/home/wheeltec/agribot/agribot_ws/build/turn_on_32chassis/test_results/turn_on_32chassis/test_test_slip_aware_odometry_launch.py.xunit.xml --package-name=turn_on_32chassis
[INFO] [launch]: All log files can be found below /home/wheeltec/.ros/log/2026-07-23-20-50-43-006624-wheeltec-23029
[INFO] [launch]: Default logging verbosity is set to INFO
test_synthetic_slip_timeout_and_bad_lio (turn_on_32chassis.TestSlipAwareOdometry) ... [INFO] [slip_aware_odometry_node-1]: process started with pid [23034]
[slip_aware_odometry_node-1] [INFO] [1784811043.155259102] [slip_aware_odometry_test]: Slip-aware odometry: wheel=/test/wheel lio=/test/lio_raw fused=/test/fused final=/test/final
[slip_aware_odometry_node-1] [INFO] [1784811043.542973605] [slip_aware_odometry_test]: Aligned FAST-LIO local frame to odom
[slip_aware_odometry_node-1] [WARN] [1784811043.839344508] [slip_aware_odometry_test]: Wheel trust state changed 2 -&gt; 3 (translation residual 0.000 m, yaw residual 0.000 rad)
[slip_aware_odometry_node-1] [WARN] [1784811044.018585730] [slip_aware_odometry_test]: Wheel trust state changed 3 -&gt; 0 (translation residual 0.000 m, yaw residual 0.000 rad)
[slip_aware_odometry_node-1] [WARN] [1784811044.978330268] [slip_aware_odometry_test]: Ignoring out-of-order FAST-LIO odometry
[slip_aware_odometry_node-1] [WARN] [1784811045.067984425] [slip_aware_odometry_test]: Ignoring invalid or degraded FAST-LIO odometry
[slip_aware_odometry_node-1] [WARN] [1784811045.149572410] [slip_aware_odometry_test]: Wheel trust state changed 0 -&gt; 1 (translation residual 0.025 m, yaw residual 0.000 rad)
[slip_aware_odometry_node-1] [WARN] [1784811045.328116050] [slip_aware_odometry_test]: Wheel trust state changed 1 -&gt; 2 (translation residual 0.050 m, yaw residual 0.000 rad)
[slip_aware_odometry_node-1] [ERROR] [1784811046.455498542] [slip_aware_odometry_test]: FAST-LIO timed out after 0.348 s; freezing final odometry
ok

----------------------------------------------------------------------
Ran 1 test in 3.974s

OK
[INFO] [slip_aware_odometry_node-1]: sending signal 'SIGINT' to process[slip_aware_odometry_node-1]
[slip_aware_odometry_node-1] [INFO] [1784811047.056131763] [rclcpp]: signal_handler(SIGINT/SIGTERM)
[INFO] [slip_aware_odometry_node-1]: process has finished cleanly [pid 23034]

----------------------------------------------------------------------
Ran 0 tests in 0.000s

OK
-- run_test.py: return code 0
-- run_test.py: verify result file '/home/wheeltec/agribot/agribot_ws/build/turn_on_32chassis/test_results/turn_on_32chassis/test_test_slip_aware_odometry_launch.py.xunit.xml'
</Value>
				</Measurement>
			</Results>
			<Labels>
				<Label>launch_test</Label>
			</Labels>
		</Test>
		<Test Status="passed">
			<Name>cppcheck</Name>
			<Path>.</Path>
			<FullName>./cppcheck</FullName>
			<FullCommandLine>/usr/bin/python3 "-u" "/opt/ros/humble/share/ament_cmake_test/cmake/run_test.py" "/home/wheeltec/agribot/agribot_ws/build/turn_on_32chassis/test_results/turn_on_32chassis/cppcheck.xunit.xml" "--package-name" "turn_on_32chassis" "--output-file" "/home/wheeltec/agribot/agribot_ws/build/turn_on_32chassis/ament_cppcheck/cppcheck.txt" "--command" "/opt/ros/humble/bin/ament_cppcheck" "--xunit-file" "/home/wheeltec/agribot/agribot_ws/build/turn_on_32chassis/test_results/turn_on_32chassis/cppcheck.xunit.xml" "--include_dirs" "/home/wheeltec/agribot/agribot_ws/src/turn_on_32chassis/include"</FullCommandLine>
			<Results>
				<NamedMeasurement type="numeric/double" name="Execution Time">
					<Value>0.445318</Value>
				</NamedMeasurement>
				<NamedMeasurement type="numeric/double" name="Processors">
					<Value>1</Value>
				</NamedMeasurement>
				<NamedMeasurement type="text/string" name="Completion Status">
					<Value>Completed</Value>
				</NamedMeasurement>
				<NamedMeasurement type="text/string" name="Command Line">
					<Value>/usr/bin/python3 "-u" "/opt/ros/humble/share/ament_cmake_test/cmake/run_test.py" "/home/wheeltec/agribot/agribot_ws/build/turn_on_32chassis/test_results/turn_on_32chassis/cppcheck.xunit.xml" "--package-name" "turn_on_32chassis" "--output-file" "/home/wheeltec/agribot/agribot_ws/build/turn_on_32chassis/ament_cppcheck/cppcheck.txt" "--command" "/opt/ros/humble/bin/ament_cppcheck" "--xunit-file" "/home/wheeltec/agribot/agribot_ws/build/turn_on_32chassis/test_results/turn_on_32chassis/cppcheck.xunit.xml" "--include_dirs" "/home/wheeltec/agribot/agribot_ws/src/turn_on_32chassis/include"</Value>
				</NamedMeasurement>
				<NamedMeasurement type="text/string" name="Environment">
					<Value>#CTEST_RESOURCE_GROUP_COUNT=</Value>
				</NamedMeasurement>
				<Measurement>
					<Value>-- run_test.py: invoking following command in '/home/wheeltec/agribot/agribot_ws/src/turn_on_32chassis':
 - /opt/ros/humble/bin/ament_cppcheck --xunit-file /home/wheeltec/agribot/agribot_ws/build/turn_on_32chassis/test_results/turn_on_32chassis/cppcheck.xunit.xml --include_dirs /home/wheeltec/agribot/agribot_ws/src/turn_on_32chassis/include
cppcheck 2.7 has known performance issues and therefore will not be used, set the AMENT_CPPCHECK_ALLOW_SLOW_VERSIONS environment variable to override this.
-- run_test.py: return code 0
-- run_test.py: verify result file '/home/wheeltec/agribot/agribot_ws/build/turn_on_32chassis/test_results/turn_on_32chassis/cppcheck.xunit.xml'
</Value>
				</Measurement>
			</Results>
			<Labels>
				<Label>cppcheck</Label>
				<Label>linter</Label>
			</Labels>
		</Test>
		<Test Status="passed">
			<Name>flake8</Name>
			<Path>.</Path>
			<FullName>./flake8</FullName>
			<FullCommandLine>/usr/bin/python3 "-u" "/opt/ros/humble/share/ament_cmake_test/cmake/run_test.py" "/home/wheeltec/agribot/agribot_ws/build/turn_on_32chassis/test_results/turn_on_32chassis/flake8.xunit.xml" "--package-name" "turn_on_32chassis" "--output-file" "/home/wheeltec/agribot/agribot_ws/build/turn_on_32chassis/ament_flake8/flake8.txt" "--command" "/opt/ros/humble/bin/ament_flake8" "--xunit-file" "/home/wheeltec/agribot/agribot_ws/build/turn_on_32chassis/test_results/turn_on_32chassis/flake8.xunit.xml"</FullCommandLine>
			<Results>
				<NamedMeasurement type="numeric/double" name="Execution Time">
					<Value>0.756654</Value>
				</NamedMeasurement>
				<NamedMeasurement type="numeric/double" name="Processors">
					<Value>1</Value>
				</NamedMeasurement>
				<NamedMeasurement type="text/string" name="Completion Status">
					<Value>Completed</Value>
				</NamedMeasurement>
				<NamedMeasurement type="text/string" name="Command Line">
					<Value>/usr/bin/python3 "-u" "/opt/ros/humble/share/ament_cmake_test/cmake/run_test.py" "/home/wheeltec/agribot/agribot_ws/build/turn_on_32chassis/test_results/turn_on_32chassis/flake8.xunit.xml" "--package-name" "turn_on_32chassis" "--output-file" "/home/wheeltec/agribot/agribot_ws/build/turn_on_32chassis/ament_flake8/flake8.txt" "--command" "/opt/ros/humble/bin/ament_flake8" "--xunit-file" "/home/wheeltec/agribot/agribot_ws/build/turn_on_32chassis/test_results/turn_on_32chassis/flake8.xunit.xml"</Value>
				</NamedMeasurement>
				<NamedMeasurement type="text/string" name="Environment">
					<Value>#CTEST_RESOURCE_GROUP_COUNT=</Value>
				</NamedMeasurement>
				<Measurement>
					<Value>-- run_test.py: invoking following command in '/home/wheeltec/agribot/agribot_ws/src/turn_on_32chassis':
 - /opt/ros/humble/bin/ament_flake8 --xunit-file /home/wheeltec/agribot/agribot_ws/build/turn_on_32chassis/test_results/turn_on_32chassis/flake8.xunit.xml

2 files checked
No problems found

Checked files:

* ./launch/turn_on_32chassis.launch.py
* ./test/test_slip_aware_odometry_launch.py
-- run_test.py: return code 0
-- run_test.py: verify result file '/home/wheeltec/agribot/agribot_ws/build/turn_on_32chassis/test_results/turn_on_32chassis/flake8.xunit.xml'
</Value>
				</Measurement>
			</Results>
			<Labels>
				<Label>flake8</Label>
				<Label>linter</Label>
			</Labels>
		</Test>
		<Test Status="passed">
			<Name>lint_cmake</Name>
			<Path>.</Path>
			<FullName>./lint_cmake</FullName>
			<FullCommandLine>/usr/bin/python3 "-u" "/opt/ros/humble/share/ament_cmake_test/cmake/run_test.py" "/home/wheeltec/agribot/agribot_ws/build/turn_on_32chassis/test_results/turn_on_32chassis/lint_cmake.xunit.xml" "--package-name" "turn_on_32chassis" "--output-file" "/home/wheeltec/agribot/agribot_ws/build/turn_on_32chassis/ament_lint_cmake/lint_cmake.txt" "--command" "/opt/ros/humble/bin/ament_lint_cmake" "--xunit-file" "/home/wheeltec/agribot/agribot_ws/build/turn_on_32chassis/test_results/turn_on_32chassis/lint_cmake.xunit.xml"</FullCommandLine>
			<Results>
				<NamedMeasurement type="numeric/double" name="Execution Time">
					<Value>0.393901</Value>
				</NamedMeasurement>
				<NamedMeasurement type="numeric/double" name="Processors">
					<Value>1</Value>
				</NamedMeasurement>
				<NamedMeasurement type="text/string" name="Completion Status">
					<Value>Completed</Value>
				</NamedMeasurement>
				<NamedMeasurement type="text/string" name="Command Line">
					<Value>/usr/bin/python3 "-u" "/opt/ros/humble/share/ament_cmake_test/cmake/run_test.py" "/home/wheeltec/agribot/agribot_ws/build/turn_on_32chassis/test_results/turn_on_32chassis/lint_cmake.xunit.xml" "--package-name" "turn_on_32chassis" "--output-file" "/home/wheeltec/agribot/agribot_ws/build/turn_on_32chassis/ament_lint_cmake/lint_cmake.txt" "--command" "/opt/ros/humble/bin/ament_lint_cmake" "--xunit-file" "/home/wheeltec/agribot/agribot_ws/build/turn_on_32chassis/test_results/turn_on_32chassis/lint_cmake.xunit.xml"</Value>
				</NamedMeasurement>
				<NamedMeasurement type="text/string" name="Environment">
					<Value>#CTEST_RESOURCE_GROUP_COUNT=</Value>
				</NamedMeasurement>
				<Measurement>
					<Value>-- run_test.py: invoking following command in '/home/wheeltec/agribot/agribot_ws/src/turn_on_32chassis':
 - /opt/ros/humble/bin/ament_lint_cmake --xunit-file /home/wheeltec/agribot/agribot_ws/build/turn_on_32chassis/test_results/turn_on_32chassis/lint_cmake.xunit.xml

No problems found
-- run_test.py: return code 0
-- run_test.py: verify result file '/home/wheeltec/agribot/agribot_ws/build/turn_on_32chassis/test_results/turn_on_32chassis/lint_cmake.xunit.xml'
</Value>
				</Measurement>
			</Results>
			<Labels>
				<Label>lint_cmake</Label>
				<Label>linter</Label>
			</Labels>
		</Test>
		<Test Status="passed">
			<Name>pep257</Name>
			<Path>.</Path>
			<FullName>./pep257</FullName>
			<FullCommandLine>/usr/bin/python3 "-u" "/opt/ros/humble/share/ament_cmake_test/cmake/run_test.py" "/home/wheeltec/agribot/agribot_ws/build/turn_on_32chassis/test_results/turn_on_32chassis/pep257.xunit.xml" "--package-name" "turn_on_32chassis" "--output-file" "/home/wheeltec/agribot/agribot_ws/build/turn_on_32chassis/ament_pep257/pep257.txt" "--command" "/opt/ros/humble/bin/ament_pep257" "--xunit-file" "/home/wheeltec/agribot/agribot_ws/build/turn_on_32chassis/test_results/turn_on_32chassis/pep257.xunit.xml"</FullCommandLine>
			<Results>
				<NamedMeasurement type="numeric/double" name="Execution Time">
					<Value>0.565245</Value>
				</NamedMeasurement>
				<NamedMeasurement type="numeric/double" name="Processors">
					<Value>1</Value>
				</NamedMeasurement>
				<NamedMeasurement type="text/string" name="Completion Status">
					<Value>Completed</Value>
				</NamedMeasurement>
				<NamedMeasurement type="text/string" name="Command Line">
					<Value>/usr/bin/python3 "-u" "/opt/ros/humble/share/ament_cmake_test/cmake/run_test.py" "/home/wheeltec/agribot/agribot_ws/build/turn_on_32chassis/test_results/turn_on_32chassis/pep257.xunit.xml" "--package-name" "turn_on_32chassis" "--output-file" "/home/wheeltec/agribot/agribot_ws/build/turn_on_32chassis/ament_pep257/pep257.txt" "--command" "/opt/ros/humble/bin/ament_pep257" "--xunit-file" "/home/wheeltec/agribot/agribot_ws/build/turn_on_32chassis/test_results/turn_on_32chassis/pep257.xunit.xml"</Value>
				</NamedMeasurement>
				<NamedMeasurement type="text/string" name="Environment">
					<Value>#CTEST_RESOURCE_GROUP_COUNT=</Value>
				</NamedMeasurement>
				<Measurement>
					<Value>-- run_test.py: invoking following command in '/home/wheeltec/agribot/agribot_ws/src/turn_on_32chassis':
 - /opt/ros/humble/bin/ament_pep257 --xunit-file /home/wheeltec/agribot/agribot_ws/build/turn_on_32chassis/test_results/turn_on_32chassis/pep257.xunit.xml
checking ./launch/turn_on_32chassis.launch.py
checking ./test/test_slip_aware_odometry_launch.py
No problems found
-- run_test.py: return code 0
-- run_test.py: verify result file '/home/wheeltec/agribot/agribot_ws/build/turn_on_32chassis/test_results/turn_on_32chassis/pep257.xunit.xml'
</Value>
				</Measurement>
			</Results>
			<Labels>
				<Label>linter</Label>
				<Label>pep257</Label>
			</Labels>
		</Test>
		<Test Status="passed">
			<Name>xmllint</Name>
			<Path>.</Path>
			<FullName>./xmllint</FullName>
			<FullCommandLine>/usr/bin/python3 "-u" "/opt/ros/humble/share/ament_cmake_test/cmake/run_test.py" "/home/wheeltec/agribot/agribot_ws/build/turn_on_32chassis/test_results/turn_on_32chassis/xmllint.xunit.xml" "--package-name" "turn_on_32chassis" "--output-file" "/home/wheeltec/agribot/agribot_ws/build/turn_on_32chassis/ament_xmllint/xmllint.txt" "--command" "/opt/ros/humble/bin/ament_xmllint" "--xunit-file" "/home/wheeltec/agribot/agribot_ws/build/turn_on_32chassis/test_results/turn_on_32chassis/xmllint.xunit.xml"</FullCommandLine>
			<Results>
				<NamedMeasurement type="numeric/double" name="Execution Time">
					<Value>1.24326</Value>
				</NamedMeasurement>
				<NamedMeasurement type="numeric/double" name="Processors">
					<Value>1</Value>
				</NamedMeasurement>
				<NamedMeasurement type="text/string" name="Completion Status">
					<Value>Completed</Value>
				</NamedMeasurement>
				<NamedMeasurement type="text/string" name="Command Line">
					<Value>/usr/bin/python3 "-u" "/opt/ros/humble/share/ament_cmake_test/cmake/run_test.py" "/home/wheeltec/agribot/agribot_ws/build/turn_on_32chassis/test_results/turn_on_32chassis/xmllint.xunit.xml" "--package-name" "turn_on_32chassis" "--output-file" "/home/wheeltec/agribot/agribot_ws/build/turn_on_32chassis/ament_xmllint/xmllint.txt" "--command" "/opt/ros/humble/bin/ament_xmllint" "--xunit-file" "/home/wheeltec/agribot/agribot_ws/build/turn_on_32chassis/test_results/turn_on_32chassis/xmllint.xunit.xml"</Value>
				</NamedMeasurement>
				<NamedMeasurement type="text/string" name="Environment">
					<Value>#CTEST_RESOURCE_GROUP_COUNT=</Value>
				</NamedMeasurement>
				<Measurement>
					<Value>-- run_test.py: invoking following command in '/home/wheeltec/agribot/agribot_ws/src/turn_on_32chassis':
 - /opt/ros/humble/bin/ament_xmllint --xunit-file /home/wheeltec/agribot/agribot_ws/build/turn_on_32chassis/test_results/turn_on_32chassis/xmllint.xunit.xml
File 'package.xml' is valid

No problems found
-- run_test.py: return code 0
-- run_test.py: verify result file '/home/wheeltec/agribot/agribot_ws/build/turn_on_32chassis/test_results/turn_on_32chassis/xmllint.xunit.xml'
</Value>
				</Measurement>
			</Results>
			<Labels>
				<Label>linter</Label>
				<Label>xmllint</Label>
			</Labels>
		</Test>
		<EndDateTime>Jul 23 20:50 CST</EndDateTime>
		<EndTestTime>1784811050</EndTestTime>
		<ElapsedMinutes>0</ElapsedMinutes>
	</Testing>
</Site>
